[0.023s] Invoking command in '/home/saifa/Desktop/Fun4/build/custom_interface': CMAKE_PREFIX_PATH=${CMAKE_PREFIX_PATH}:/home/saifa/mc_ros_ws/install/sensor_msgs_py:/opt/ros/humble /usr/bin/cmake --build /home/saifa/Desktop/Fun4/build/custom_interface -- -j16 -l16
[0.092s] [  2%] Built target custom_interface__cpp
[0.093s] [ 10%] Built target custom_interface__rosidl_generator_c
[0.105s] [ 10%] Built target ament_cmake_python_copy_custom_interface
[0.123s] [ 17%] Built target custom_interface__rosidl_typesupport_cpp
[0.127s] [ 33%] Built target custom_interface__rosidl_typesupport_fastrtps_cpp
[0.127s] [ 30%] Built target custom_interface__rosidl_typesupport_introspection_cpp
[0.127s] [ 41%] Built target custom_interface__rosidl_typesupport_microxrcedds_cpp
[0.139s] [ 51%] Built target custom_interface__rosidl_typesupport_fastrtps_c
[0.139s] [ 56%] Built target custom_interface__rosidl_typesupport_c
[0.140s] [ 64%] Built target custom_interface__rosidl_typesupport_introspection_c
[0.141s] [ 71%] Built target custom_interface__rosidl_typesupport_microxrcedds_c
[0.172s] [ 71%] Built target custom_interface
[0.203s] [ 74%] Built target custom_interface__py
[0.237s] [ 79%] Built target custom_interface__rosidl_generator_py
[0.269s] [ 94%] Built target custom_interface__rosidl_typesupport_fastrtps_c__pyext
[0.269s] [ 94%] Built target custom_interface__rosidl_typesupport_introspection_c__pyext
[0.269s] [ 94%] Built target custom_interface__rosidl_typesupport_microxrcedds_c__pyext
[0.271s] [100%] Built target custom_interface__rosidl_typesupport_c__pyext
[0.358s] running egg_info
[0.359s] writing custom_interface.egg-info/PKG-INFO
[0.359s] writing dependency_links to custom_interface.egg-info/dependency_links.txt
[0.359s] writing top-level names to custom_interface.egg-info/top_level.txt
[0.361s] reading manifest file 'custom_interface.egg-info/SOURCES.txt'
[0.361s] writing manifest file 'custom_interface.egg-info/SOURCES.txt'
[0.403s] [100%] Built target ament_cmake_python_build_custom_interface_egg
[0.427s] Invoked command in '/home/saifa/Desktop/Fun4/build/custom_interface' returned '0': CMAKE_PREFIX_PATH=${CMAKE_PREFIX_PATH}:/home/saifa/mc_ros_ws/install/sensor_msgs_py:/opt/ros/humble /usr/bin/cmake --build /home/saifa/Desktop/Fun4/build/custom_interface -- -j16 -l16
[0.594s] Invoking command in '/home/saifa/Desktop/Fun4/build/custom_interface': CMAKE_PREFIX_PATH=${CMAKE_PREFIX_PATH}:/home/saifa/mc_ros_ws/install/sensor_msgs_py:/opt/ros/humble /usr/bin/cmake --install /home/saifa/Desktop/Fun4/build/custom_interface
[0.603s] -- Install configuration: ""
[0.603s] -- Up-to-date: /home/saifa/Desktop/Fun4/install/custom_interface/share/ament_index/resource_index/rosidl_interfaces/custom_interface
[0.603s] -- Up-to-date: /home/saifa/Desktop/Fun4/install/custom_interface/include/custom_interface/custom_interface
[0.604s] -- Up-to-date: /home/saifa/Desktop/Fun4/install/custom_interface/include/custom_interface/custom_interface/msg
[0.604s] -- Up-to-date: /home/saifa/Desktop/Fun4/install/custom_interface/include/custom_interface/custom_interface/msg/rosidl_generator_c__visibility_control.h
[0.604s] -- Up-to-date: /home/saifa/Desktop/Fun4/install/custom_interface/include/custom_interface/custom_interface/srv
[0.604s] -- Up-to-date: /home/saifa/Desktop/Fun4/install/custom_interface/include/custom_interface/custom_interface/srv/basic.h
[0.604s] -- Up-to-date: /home/saifa/Desktop/Fun4/install/custom_interface/include/custom_interface/custom_interface/srv/detail
[0.604s] -- Up-to-date: /home/saifa/Desktop/Fun4/install/custom_interface/include/custom_interface/custom_interface/srv/detail/basic__struct.h
[0.604s] -- Up-to-date: /home/saifa/Desktop/Fun4/install/custom_interface/include/custom_interface/custom_interface/srv/detail/basic__functions.h
[0.604s] -- Up-to-date: /home/saifa/Desktop/Fun4/install/custom_interface/include/custom_interface/custom_interface/srv/detail/basic__type_support.h
[0.604s] -- Up-to-date: /home/saifa/Desktop/Fun4/install/custom_interface/include/custom_interface/custom_interface/srv/detail/basic__functions.c
[0.604s] -- Up-to-date: /home/saifa/Desktop/Fun4/install/custom_interface/share/custom_interface/environment/library_path.sh
[0.605s] -- Up-to-date: /home/saifa/Desktop/Fun4/install/custom_interface/share/custom_interface/environment/library_path.dsv
[0.605s] -- Up-to-date: /home/saifa/Desktop/Fun4/install/custom_interface/lib/libcustom_interface__rosidl_generator_c.so
[0.605s] -- Up-to-date: /home/saifa/Desktop/Fun4/install/custom_interface/include/custom_interface/custom_interface
[0.605s] -- Up-to-date: /home/saifa/Desktop/Fun4/install/custom_interface/include/custom_interface/custom_interface/msg
[0.605s] -- Up-to-date: /home/saifa/Desktop/Fun4/install/custom_interface/include/custom_interface/custom_interface/msg/rosidl_typesupport_fastrtps_c__visibility_control.h
[0.605s] -- Up-to-date: /home/saifa/Desktop/Fun4/install/custom_interface/include/custom_interface/custom_interface/srv
[0.605s] -- Up-to-date: /home/saifa/Desktop/Fun4/install/custom_interface/include/custom_interface/custom_interface/srv/detail
[0.605s] -- Up-to-date: /home/saifa/Desktop/Fun4/install/custom_interface/include/custom_interface/custom_interface/srv/detail/basic__rosidl_typesupport_fastrtps_c.h
[0.605s] -- Up-to-date: /home/saifa/Desktop/Fun4/install/custom_interface/lib/libcustom_interface__rosidl_typesupport_fastrtps_c.so
[0.605s] -- Up-to-date: /home/saifa/Desktop/Fun4/install/custom_interface/include/custom_interface/custom_interface
[0.605s] -- Up-to-date: /home/saifa/Desktop/Fun4/install/custom_interface/include/custom_interface/custom_interface/srv
[0.605s] -- Up-to-date: /home/saifa/Desktop/Fun4/install/custom_interface/include/custom_interface/custom_interface/srv/basic.hpp
[0.605s] -- Up-to-date: /home/saifa/Desktop/Fun4/install/custom_interface/include/custom_interface/custom_interface/srv/detail
[0.606s] -- Up-to-date: /home/saifa/Desktop/Fun4/install/custom_interface/include/custom_interface/custom_interface/srv/detail/basic__struct.hpp
[0.606s] -- Up-to-date: /home/saifa/Desktop/Fun4/install/custom_interface/include/custom_interface/custom_interface/srv/detail/basic__traits.hpp
[0.606s] -- Up-to-date: /home/saifa/Desktop/Fun4/install/custom_interface/include/custom_interface/custom_interface/srv/detail/basic__builder.hpp
[0.606s] -- Up-to-date: /home/saifa/Desktop/Fun4/install/custom_interface/include/custom_interface/custom_interface
[0.606s] -- Up-to-date: /home/saifa/Desktop/Fun4/install/custom_interface/include/custom_interface/custom_interface/msg
[0.606s] -- Up-to-date: /home/saifa/Desktop/Fun4/install/custom_interface/include/custom_interface/custom_interface/msg/rosidl_typesupport_fastrtps_cpp__visibility_control.h
[0.606s] -- Up-to-date: /home/saifa/Desktop/Fun4/install/custom_interface/include/custom_interface/custom_interface/srv
[0.606s] -- Up-to-date: /home/saifa/Desktop/Fun4/install/custom_interface/include/custom_interface/custom_interface/srv/detail
[0.606s] -- Up-to-date: /home/saifa/Desktop/Fun4/install/custom_interface/include/custom_interface/custom_interface/srv/detail/basic__rosidl_typesupport_fastrtps_cpp.hpp
[0.606s] -- Up-to-date: /home/saifa/Desktop/Fun4/install/custom_interface/include/custom_interface/custom_interface/srv/detail/dds_fastrtps
[0.606s] -- Up-to-date: /home/saifa/Desktop/Fun4/install/custom_interface/lib/libcustom_interface__rosidl_typesupport_fastrtps_cpp.so
[0.606s] -- Up-to-date: /home/saifa/Desktop/Fun4/install/custom_interface/include/custom_interface
[0.606s] -- Up-to-date: /home/saifa/Desktop/Fun4/install/custom_interface/include/custom_interface/msg
[0.607s] -- Up-to-date: /home/saifa/Desktop/Fun4/install/custom_interface/include/custom_interface/msg/rosidl_typesupport_microxrcedds_c__visibility_control.h
[0.607s] -- Up-to-date: /home/saifa/Desktop/Fun4/install/custom_interface/include/custom_interface/srv
[0.607s] -- Up-to-date: /home/saifa/Desktop/Fun4/install/custom_interface/include/custom_interface/srv/detail
[0.607s] -- Up-to-date: /home/saifa/Desktop/Fun4/install/custom_interface/include/custom_interface/srv/detail/microxrcedds
[0.607s] -- Up-to-date: /home/saifa/Desktop/Fun4/install/custom_interface/include/custom_interface/srv/detail/basic__rosidl_typesupport_microxrcedds_c.h
[0.607s] -- Up-to-date: /home/saifa/Desktop/Fun4/install/custom_interface/lib/libcustom_interface__rosidl_typesupport_microxrcedds_c.so
[0.607s] -- Up-to-date: /home/saifa/Desktop/Fun4/install/custom_interface/include/custom_interface/custom_interface
[0.607s] -- Up-to-date: /home/saifa/Desktop/Fun4/install/custom_interface/include/custom_interface/custom_interface/msg
[0.607s] -- Up-to-date: /home/saifa/Desktop/Fun4/install/custom_interface/include/custom_interface/custom_interface/msg/rosidl_typesupport_introspection_c__visibility_control.h
[0.607s] -- Up-to-date: /home/saifa/Desktop/Fun4/install/custom_interface/include/custom_interface/custom_interface/srv
[0.607s] -- Up-to-date: /home/saifa/Desktop/Fun4/install/custom_interface/include/custom_interface/custom_interface/srv/detail
[0.608s] -- Up-to-date: /home/saifa/Desktop/Fun4/install/custom_interface/include/custom_interface/custom_interface/srv/detail/basic__rosidl_typesupport_introspection_c.h
[0.608s] -- Up-to-date: /home/saifa/Desktop/Fun4/install/custom_interface/include/custom_interface/custom_interface/srv/detail/basic__type_support.c
[0.608s] -- Up-to-date: /home/saifa/Desktop/Fun4/install/custom_interface/lib/libcustom_interface__rosidl_typesupport_introspection_c.so
[0.608s] -- Up-to-date: /home/saifa/Desktop/Fun4/install/custom_interface/lib/libcustom_interface__rosidl_typesupport_c.so
[0.608s] -- Up-to-date: /home/saifa/Desktop/Fun4/install/custom_interface/include/custom_interface
[0.608s] -- Up-to-date: /home/saifa/Desktop/Fun4/install/custom_interface/include/custom_interface/msg
[0.608s] -- Up-to-date: /home/saifa/Desktop/Fun4/install/custom_interface/include/custom_interface/msg/rosidl_typesupport_microxrcedds_cpp__visibility_control.h
[0.608s] -- Up-to-date: /home/saifa/Desktop/Fun4/install/custom_interface/include/custom_interface/srv
[0.608s] -- Up-to-date: /home/saifa/Desktop/Fun4/install/custom_interface/include/custom_interface/srv/detail
[0.608s] -- Up-to-date: /home/saifa/Desktop/Fun4/install/custom_interface/include/custom_interface/srv/detail/microxrcedds
[0.608s] -- Up-to-date: /home/saifa/Desktop/Fun4/install/custom_interface/include/custom_interface/srv/detail/microxrcedds/basic__type_support_cpp.cpp
[0.608s] -- Up-to-date: /home/saifa/Desktop/Fun4/install/custom_interface/include/custom_interface/srv/detail/basic__rosidl_typesupport_microxrcedds_cpp.hpp
[0.608s] -- Up-to-date: /home/saifa/Desktop/Fun4/install/custom_interface/lib/libcustom_interface__rosidl_typesupport_microxrcedds_cpp.so
[0.608s] -- Up-to-date: /home/saifa/Desktop/Fun4/install/custom_interface/include/custom_interface/custom_interface
[0.608s] -- Up-to-date: /home/saifa/Desktop/Fun4/install/custom_interface/include/custom_interface/custom_interface/srv
[0.609s] -- Up-to-date: /home/saifa/Desktop/Fun4/install/custom_interface/include/custom_interface/custom_interface/srv/detail
[0.609s] -- Up-to-date: /home/saifa/Desktop/Fun4/install/custom_interface/include/custom_interface/custom_interface/srv/detail/basic__rosidl_typesupport_introspection_cpp.hpp
[0.609s] -- Up-to-date: /home/saifa/Desktop/Fun4/install/custom_interface/include/custom_interface/custom_interface/srv/detail/basic__type_support.cpp
[0.609s] -- Up-to-date: /home/saifa/Desktop/Fun4/install/custom_interface/lib/libcustom_interface__rosidl_typesupport_introspection_cpp.so
[0.609s] -- Up-to-date: /home/saifa/Desktop/Fun4/install/custom_interface/lib/libcustom_interface__rosidl_typesupport_cpp.so
[0.609s] -- Up-to-date: /home/saifa/Desktop/Fun4/install/custom_interface/share/custom_interface/environment/pythonpath.sh
[0.609s] -- Up-to-date: /home/saifa/Desktop/Fun4/install/custom_interface/share/custom_interface/environment/pythonpath.dsv
[0.609s] -- Up-to-date: /home/saifa/Desktop/Fun4/install/custom_interface/local/lib/python3.10/dist-packages/custom_interface-0.0.0-py3.10.egg-info
[0.609s] -- Installing: /home/saifa/Desktop/Fun4/install/custom_interface/local/lib/python3.10/dist-packages/custom_interface-0.0.0-py3.10.egg-info/top_level.txt
[0.609s] -- Installing: /home/saifa/Desktop/Fun4/install/custom_interface/local/lib/python3.10/dist-packages/custom_interface-0.0.0-py3.10.egg-info/SOURCES.txt
[0.610s] -- Installing: /home/saifa/Desktop/Fun4/install/custom_interface/local/lib/python3.10/dist-packages/custom_interface-0.0.0-py3.10.egg-info/dependency_links.txt
[0.610s] -- Installing: /home/saifa/Desktop/Fun4/install/custom_interface/local/lib/python3.10/dist-packages/custom_interface-0.0.0-py3.10.egg-info/PKG-INFO
[0.610s] -- Up-to-date: /home/saifa/Desktop/Fun4/install/custom_interface/local/lib/python3.10/dist-packages/custom_interface
[0.610s] -- Up-to-date: /home/saifa/Desktop/Fun4/install/custom_interface/local/lib/python3.10/dist-packages/custom_interface/custom_interface_s__rosidl_typesupport_microxrcedds_c.cpython-310-x86_64-linux-gnu.so
[0.610s] -- Up-to-date: /home/saifa/Desktop/Fun4/install/custom_interface/local/lib/python3.10/dist-packages/custom_interface/__init__.py
[0.610s] -- Up-to-date: /home/saifa/Desktop/Fun4/install/custom_interface/local/lib/python3.10/dist-packages/custom_interface/custom_interface_s__rosidl_typesupport_fastrtps_c.cpython-310-x86_64-linux-gnu.so
[0.610s] -- Up-to-date: /home/saifa/Desktop/Fun4/install/custom_interface/local/lib/python3.10/dist-packages/custom_interface/srv
[0.610s] -- Up-to-date: /home/saifa/Desktop/Fun4/install/custom_interface/local/lib/python3.10/dist-packages/custom_interface/srv/__init__.py
[0.610s] -- Up-to-date: /home/saifa/Desktop/Fun4/install/custom_interface/local/lib/python3.10/dist-packages/custom_interface/srv/_basic_s.c
[0.610s] -- Up-to-date: /home/saifa/Desktop/Fun4/install/custom_interface/local/lib/python3.10/dist-packages/custom_interface/srv/_basic.py
[0.610s] -- Up-to-date: /home/saifa/Desktop/Fun4/install/custom_interface/local/lib/python3.10/dist-packages/custom_interface/_custom_interface_s.ep.rosidl_typesupport_fastrtps_c.c
[0.610s] -- Up-to-date: /home/saifa/Desktop/Fun4/install/custom_interface/local/lib/python3.10/dist-packages/custom_interface/_custom_interface_s.ep.rosidl_typesupport_introspection_c.c
[0.610s] -- Up-to-date: /home/saifa/Desktop/Fun4/install/custom_interface/local/lib/python3.10/dist-packages/custom_interface/_custom_interface_s.ep.rosidl_typesupport_microxrcedds_c.c
[0.611s] -- Up-to-date: /home/saifa/Desktop/Fun4/install/custom_interface/local/lib/python3.10/dist-packages/custom_interface/custom_interface_s__rosidl_typesupport_c.cpython-310-x86_64-linux-gnu.so
[0.611s] -- Up-to-date: /home/saifa/Desktop/Fun4/install/custom_interface/local/lib/python3.10/dist-packages/custom_interface/custom_interface_s__rosidl_typesupport_introspection_c.cpython-310-x86_64-linux-gnu.so
[0.611s] -- Up-to-date: /home/saifa/Desktop/Fun4/install/custom_interface/local/lib/python3.10/dist-packages/custom_interface/libcustom_interface__rosidl_generator_py.so
[0.611s] -- Up-to-date: /home/saifa/Desktop/Fun4/install/custom_interface/local/lib/python3.10/dist-packages/custom_interface/_custom_interface_s.ep.rosidl_typesupport_c.c
[0.654s] Listing '/home/saifa/Desktop/Fun4/install/custom_interface/local/lib/python3.10/dist-packages/custom_interface'...
[0.654s] Listing '/home/saifa/Desktop/Fun4/install/custom_interface/local/lib/python3.10/dist-packages/custom_interface/srv'...
[0.658s] -- Up-to-date: /home/saifa/Desktop/Fun4/install/custom_interface/local/lib/python3.10/dist-packages/custom_interface/custom_interface_s__rosidl_typesupport_microxrcedds_c.cpython-310-x86_64-linux-gnu.so
[0.658s] -- Up-to-date: /home/saifa/Desktop/Fun4/install/custom_interface/local/lib/python3.10/dist-packages/custom_interface/custom_interface_s__rosidl_typesupport_fastrtps_c.cpython-310-x86_64-linux-gnu.so
[0.659s] -- Up-to-date: /home/saifa/Desktop/Fun4/install/custom_interface/local/lib/python3.10/dist-packages/custom_interface/custom_interface_s__rosidl_typesupport_introspection_c.cpython-310-x86_64-linux-gnu.so
[0.659s] -- Up-to-date: /home/saifa/Desktop/Fun4/install/custom_interface/local/lib/python3.10/dist-packages/custom_interface/custom_interface_s__rosidl_typesupport_c.cpython-310-x86_64-linux-gnu.so
[0.659s] -- Up-to-date: /home/saifa/Desktop/Fun4/install/custom_interface/lib/libcustom_interface__rosidl_generator_py.so
[0.660s] -- Up-to-date: /home/saifa/Desktop/Fun4/install/custom_interface/share/custom_interface/srv/Basic.idl
[0.660s] -- Up-to-date: /home/saifa/Desktop/Fun4/install/custom_interface/share/custom_interface/srv/Basic.srv
[0.660s] -- Up-to-date: /home/saifa/Desktop/Fun4/install/custom_interface/share/custom_interface/srv/Basic_Request.msg
[0.660s] -- Up-to-date: /home/saifa/Desktop/Fun4/install/custom_interface/share/custom_interface/srv/Basic_Response.msg
[0.660s] -- Up-to-date: /home/saifa/Desktop/Fun4/install/custom_interface/share/ament_index/resource_index/package_run_dependencies/custom_interface
[0.660s] -- Up-to-date: /home/saifa/Desktop/Fun4/install/custom_interface/share/ament_index/resource_index/parent_prefix_path/custom_interface
[0.660s] -- Up-to-date: /home/saifa/Desktop/Fun4/install/custom_interface/share/custom_interface/environment/ament_prefix_path.sh
[0.660s] -- Up-to-date: /home/saifa/Desktop/Fun4/install/custom_interface/share/custom_interface/environment/ament_prefix_path.dsv
[0.660s] -- Up-to-date: /home/saifa/Desktop/Fun4/install/custom_interface/share/custom_interface/environment/path.sh
[0.660s] -- Up-to-date: /home/saifa/Desktop/Fun4/install/custom_interface/share/custom_interface/environment/path.dsv
[0.660s] -- Up-to-date: /home/saifa/Desktop/Fun4/install/custom_interface/share/custom_interface/local_setup.bash
[0.660s] -- Up-to-date: /home/saifa/Desktop/Fun4/install/custom_interface/share/custom_interface/local_setup.sh
[0.660s] -- Up-to-date: /home/saifa/Desktop/Fun4/install/custom_interface/share/custom_interface/local_setup.zsh
[0.661s] -- Up-to-date: /home/saifa/Desktop/Fun4/install/custom_interface/share/custom_interface/local_setup.dsv
[0.661s] -- Installing: /home/saifa/Desktop/Fun4/install/custom_interface/share/custom_interface/package.dsv
[0.661s] -- Up-to-date: /home/saifa/Desktop/Fun4/install/custom_interface/share/ament_index/resource_index/packages/custom_interface
[0.661s] -- Up-to-date: /home/saifa/Desktop/Fun4/install/custom_interface/share/custom_interface/cmake/export_custom_interface__rosidl_generator_cExport.cmake
[0.661s] -- Up-to-date: /home/saifa/Desktop/Fun4/install/custom_interface/share/custom_interface/cmake/export_custom_interface__rosidl_generator_cExport-noconfig.cmake
[0.661s] -- Up-to-date: /home/saifa/Desktop/Fun4/install/custom_interface/share/custom_interface/cmake/export_custom_interface__rosidl_typesupport_fastrtps_cExport.cmake
[0.661s] -- Up-to-date: /home/saifa/Desktop/Fun4/install/custom_interface/share/custom_interface/cmake/export_custom_interface__rosidl_typesupport_fastrtps_cExport-noconfig.cmake
[0.661s] -- Up-to-date: /home/saifa/Desktop/Fun4/install/custom_interface/share/custom_interface/cmake/export_custom_interface__rosidl_generator_cppExport.cmake
[0.661s] -- Up-to-date: /home/saifa/Desktop/Fun4/install/custom_interface/share/custom_interface/cmake/export_custom_interface__rosidl_typesupport_fastrtps_cppExport.cmake
[0.661s] -- Up-to-date: /home/saifa/Desktop/Fun4/install/custom_interface/share/custom_interface/cmake/export_custom_interface__rosidl_typesupport_fastrtps_cppExport-noconfig.cmake
[0.661s] -- Up-to-date: /home/saifa/Desktop/Fun4/install/custom_interface/share/custom_interface/cmake/custom_interface__rosidl_typesupport_introspection_cExport.cmake
[0.662s] -- Up-to-date: /home/saifa/Desktop/Fun4/install/custom_interface/share/custom_interface/cmake/custom_interface__rosidl_typesupport_introspection_cExport-noconfig.cmake
[0.662s] -- Up-to-date: /home/saifa/Desktop/Fun4/install/custom_interface/share/custom_interface/cmake/custom_interface__rosidl_typesupport_cExport.cmake
[0.662s] -- Up-to-date: /home/saifa/Desktop/Fun4/install/custom_interface/share/custom_interface/cmake/custom_interface__rosidl_typesupport_cExport-noconfig.cmake
[0.662s] -- Up-to-date: /home/saifa/Desktop/Fun4/install/custom_interface/share/custom_interface/cmake/custom_interface__rosidl_typesupport_introspection_cppExport.cmake
[0.662s] -- Up-to-date: /home/saifa/Desktop/Fun4/install/custom_interface/share/custom_interface/cmake/custom_interface__rosidl_typesupport_introspection_cppExport-noconfig.cmake
[0.662s] -- Up-to-date: /home/saifa/Desktop/Fun4/install/custom_interface/share/custom_interface/cmake/custom_interface__rosidl_typesupport_cppExport.cmake
[0.662s] -- Up-to-date: /home/saifa/Desktop/Fun4/install/custom_interface/share/custom_interface/cmake/custom_interface__rosidl_typesupport_cppExport-noconfig.cmake
[0.662s] -- Up-to-date: /home/saifa/Desktop/Fun4/install/custom_interface/share/custom_interface/cmake/export_custom_interface__rosidl_generator_pyExport.cmake
[0.662s] -- Up-to-date: /home/saifa/Desktop/Fun4/install/custom_interface/share/custom_interface/cmake/export_custom_interface__rosidl_generator_pyExport-noconfig.cmake
[0.662s] -- Up-to-date: /home/saifa/Desktop/Fun4/install/custom_interface/share/custom_interface/cmake/rosidl_cmake-extras.cmake
[0.662s] -- Up-to-date: /home/saifa/Desktop/Fun4/install/custom_interface/share/custom_interface/cmake/ament_cmake_export_dependencies-extras.cmake
[0.662s] -- Up-to-date: /home/saifa/Desktop/Fun4/install/custom_interface/share/custom_interface/cmake/ament_cmake_export_include_directories-extras.cmake
[0.662s] -- Up-to-date: /home/saifa/Desktop/Fun4/install/custom_interface/share/custom_interface/cmake/ament_cmake_export_libraries-extras.cmake
[0.662s] -- Up-to-date: /home/saifa/Desktop/Fun4/install/custom_interface/share/custom_interface/cmake/ament_cmake_export_targets-extras.cmake
[0.662s] -- Up-to-date: /home/saifa/Desktop/Fun4/install/custom_interface/share/custom_interface/cmake/rosidl_cmake_export_typesupport_targets-extras.cmake
[0.662s] -- Up-to-date: /home/saifa/Desktop/Fun4/install/custom_interface/share/custom_interface/cmake/rosidl_cmake_export_typesupport_libraries-extras.cmake
[0.662s] -- Up-to-date: /home/saifa/Desktop/Fun4/install/custom_interface/share/custom_interface/cmake/custom_interfaceConfig.cmake
[0.662s] -- Up-to-date: /home/saifa/Desktop/Fun4/install/custom_interface/share/custom_interface/cmake/custom_interfaceConfig-version.cmake
[0.663s] -- Up-to-date: /home/saifa/Desktop/Fun4/install/custom_interface/share/custom_interface/package.xml
[0.664s] Invoked command in '/home/saifa/Desktop/Fun4/build/custom_interface' returned '0': CMAKE_PREFIX_PATH=${CMAKE_PREFIX_PATH}:/home/saifa/mc_ros_ws/install/sensor_msgs_py:/opt/ros/humble /usr/bin/cmake --install /home/saifa/Desktop/Fun4/build/custom_interface
