[0.024s] Invoking command in '/home/saifa/Desktop/Fun4/build/custom_interface': CMAKE_PREFIX_PATH=${CMAKE_PREFIX_PATH}:/home/saifa/mc_ros_ws/install/sensor_msgs_py:/opt/ros/humble /usr/bin/cmake /home/saifa/Desktop/Fun4/src/custom_interface -DCMAKE_INSTALL_PREFIX=/home/saifa/Desktop/Fun4/install/custom_interface
[0.039s] -- Found ament_cmake: 1.3.10 (/opt/ros/humble/share/ament_cmake/cmake)
[0.178s] -- Found std_msgs: 4.2.4 (/home/saifa/mc_ros_ws/install/std_msgs/share/std_msgs/cmake)
[0.200s] -- Found rosidl_generator_c: 3.1.5 (/opt/ros/humble/share/rosidl_generator_c/cmake)
[0.202s] -- Found rosidl_adapter: 3.1.5 (/opt/ros/humble/share/rosidl_adapter/cmake)
[0.206s] -- Found rosidl_generator_cpp: 3.1.5 (/opt/ros/humble/share/rosidl_generator_cpp/cmake)
[0.214s] -- Using all available rosidl_typesupport_c: rosidl_typesupport_microxrcedds_c;rosidl_typesupport_fastrtps_c;rosidl_typesupport_introspection_c
[0.229s] -- Using all available rosidl_typesupport_cpp: rosidl_typesupport_microxrcedds_cpp;rosidl_typesupport_fastrtps_cpp;rosidl_typesupport_introspection_cpp
[0.251s] -- Found rosidl_default_generators: 1.2.0 (/opt/ros/humble/share/rosidl_default_generators/cmake)
[0.260s] -- Found ament_lint_auto: 0.12.11 (/opt/ros/humble/share/ament_lint_auto/cmake)
[0.564s] -- Found ament_cmake_ros: 0.10.0 (/opt/ros/humble/share/ament_cmake_ros/cmake)
[1.042s] -- Using all available rosidl_typesupport_c: rosidl_typesupport_microxrcedds_c;rosidl_typesupport_fastrtps_c;rosidl_typesupport_introspection_c
[1.266s] -- Using all available rosidl_typesupport_cpp: rosidl_typesupport_microxrcedds_cpp;rosidl_typesupport_fastrtps_cpp;rosidl_typesupport_introspection_cpp
[1.294s] -- Found PythonInterp: /usr/bin/python3 (found suitable version "3.10.12", minimum required is "3.6") 
[1.301s] -- Found python_cmake_module: 0.10.0 (/opt/ros/humble/share/python_cmake_module/cmake)
[1.334s] -- Found PythonLibs: /usr/lib/x86_64-linux-gnu/libpython3.10.so (found suitable version "3.10.12", minimum required is "3.5") 
[1.334s] -- Using PYTHON_EXECUTABLE: /usr/bin/python3
[1.334s] -- Using PYTHON_INCLUDE_DIRS: /usr/include/python3.10
[1.335s] -- Using PYTHON_LIBRARIES: /usr/lib/x86_64-linux-gnu/libpython3.10.so
[1.360s] -- Found PythonExtra: .so  
[1.442s] -- Added test 'lint_cmake' to check CMake code style
[1.444s] -- Added test 'xmllint' to check XML markup files
[1.451s] -- Configuring done
[1.488s] -- Generating done
[1.491s] -- Build files have been written to: /home/saifa/Desktop/Fun4/build/custom_interface
[1.497s] Invoked command in '/home/saifa/Desktop/Fun4/build/custom_interface' returned '0': CMAKE_PREFIX_PATH=${CMAKE_PREFIX_PATH}:/home/saifa/mc_ros_ws/install/sensor_msgs_py:/opt/ros/humble /usr/bin/cmake /home/saifa/Desktop/Fun4/src/custom_interface -DCMAKE_INSTALL_PREFIX=/home/saifa/Desktop/Fun4/install/custom_interface
[1.498s] Invoking command in '/home/saifa/Desktop/Fun4/build/custom_interface': CMAKE_PREFIX_PATH=${CMAKE_PREFIX_PATH}:/home/saifa/mc_ros_ws/install/sensor_msgs_py:/opt/ros/humble /usr/bin/cmake --build /home/saifa/Desktop/Fun4/build/custom_interface -- -j16 -l16
[1.552s] [  2%] [34m[1mGenerating C code for ROS interfaces[0m
[1.565s] [  5%] [34m[1mGenerating C++ code for ROS interfaces[0m
[1.577s] [  5%] Built target ament_cmake_python_copy_custom_interface
[1.801s] [  5%] Built target custom_interface__cpp
[1.814s] [  7%] [32mBuilding C object CMakeFiles/custom_interface__rosidl_generator_c.dir/rosidl_generator_c/custom_interface/srv/detail/basic__functions.c.o[0m
[1.815s] [ 17%] [34m[1mGenerating C++ type support dispatch for ROS interfaces[0m
[1.815s] [ 17%] [34m[1mGenerating C++ type support for eProsima Micro XRCE-DDS[0m
[1.815s] [ 17%] [34m[1mGenerating C++ type support for eProsima Fast-RTPS[0m
[1.815s] [ 17%] [34m[1mGenerating C++ introspection for ROS interfaces[0m
[1.819s] running egg_info
[1.819s] creating custom_interface.egg-info
[1.819s] writing custom_interface.egg-info/PKG-INFO
[1.820s] writing dependency_links to custom_interface.egg-info/dependency_links.txt
[1.820s] writing top-level names to custom_interface.egg-info/top_level.txt
[1.820s] writing manifest file 'custom_interface.egg-info/SOURCES.txt'
[1.822s] reading manifest file 'custom_interface.egg-info/SOURCES.txt'
[1.823s] writing manifest file 'custom_interface.egg-info/SOURCES.txt'
[1.860s] [ 17%] Built target ament_cmake_python_build_custom_interface_egg
[1.874s] [ 20%] [32m[1mLinking C shared library libcustom_interface__rosidl_generator_c.so[0m
[1.921s] [ 20%] Built target custom_interface__rosidl_generator_c
[1.937s] [ 28%] [34m[1mGenerating C type support for eProsima Fast-RTPS[0m
[1.937s] [ 28%] [34m[1mGenerating C introspection for ROS interfaces[0m
[1.937s] [ 28%] [34m[1mGenerating C type support for eProsima Micro XRCE-DDS[0m
[1.943s] [ 30%] [34m[1mGenerating C type support dispatch for ROS interfaces[0m
[2.058s] [ 33%] [32mBuilding CXX object CMakeFiles/custom_interface__rosidl_typesupport_cpp.dir/rosidl_typesupport_cpp/custom_interface/srv/basic__type_support.cpp.o[0m
[2.078s] [ 35%] [32mBuilding CXX object CMakeFiles/custom_interface__rosidl_typesupport_introspection_cpp.dir/rosidl_typesupport_introspection_cpp/custom_interface/srv/detail/basic__type_support.cpp.o[0m
[2.080s] [ 38%] [32mBuilding CXX object CMakeFiles/custom_interface__rosidl_typesupport_microxrcedds_cpp.dir/rosidl_typesupport_microxrcedds_cpp/custom_interface/srv/detail/microxrcedds/basic__type_support_cpp.cpp.o[0m
[2.089s] [ 41%] [32mBuilding CXX object CMakeFiles/custom_interface__rosidl_typesupport_fastrtps_cpp.dir/rosidl_typesupport_fastrtps_cpp/custom_interface/srv/detail/dds_fastrtps/basic__type_support.cpp.o[0m
[2.175s] [ 43%] [32mBuilding CXX object CMakeFiles/custom_interface__rosidl_typesupport_c.dir/rosidl_typesupport_c/custom_interface/srv/basic__type_support.cpp.o[0m
[2.211s] [ 46%] [32mBuilding C object CMakeFiles/custom_interface__rosidl_typesupport_microxrcedds_c.dir/rosidl_typesupport_microxrcedds_c/custom_interface/srv/detail/microxrcedds/basic__type_support_c.c.o[0m
[2.214s] [ 48%] [32m[1mLinking CXX shared library libcustom_interface__rosidl_typesupport_c.so[0m
[2.220s] [ 51%] [32mBuilding C object CMakeFiles/custom_interface__rosidl_typesupport_introspection_c.dir/rosidl_typesupport_introspection_c/custom_interface/srv/detail/basic__type_support.c.o[0m
[2.244s] [ 53%] [32mBuilding CXX object CMakeFiles/custom_interface__rosidl_typesupport_fastrtps_c.dir/rosidl_typesupport_fastrtps_c/custom_interface/srv/detail/basic__type_support_c.cpp.o[0m
[2.263s] [ 56%] [32m[1mLinking C shared library libcustom_interface__rosidl_typesupport_introspection_c.so[0m
[2.263s] [ 56%] Built target custom_interface__rosidl_typesupport_c
[2.264s] [ 58%] [32m[1mLinking C shared library libcustom_interface__rosidl_typesupport_microxrcedds_c.so[0m
[2.303s] [ 61%] [32m[1mLinking CXX shared library libcustom_interface__rosidl_typesupport_cpp.so[0m
[2.305s] [ 61%] Built target custom_interface__rosidl_typesupport_introspection_c
[2.315s] [ 61%] Built target custom_interface__rosidl_typesupport_microxrcedds_c
[2.354s] [ 61%] Built target custom_interface__rosidl_typesupport_cpp
[2.360s] [ 64%] [32m[1mLinking CXX shared library libcustom_interface__rosidl_typesupport_microxrcedds_cpp.so[0m
[2.413s] [ 66%] [32m[1mLinking CXX shared library libcustom_interface__rosidl_typesupport_introspection_cpp.so[0m
[2.424s] [ 66%] Built target custom_interface__rosidl_typesupport_microxrcedds_cpp
[2.447s] [ 69%] [32m[1mLinking CXX shared library libcustom_interface__rosidl_typesupport_fastrtps_cpp.so[0m
[2.477s] [ 69%] Built target custom_interface__rosidl_typesupport_introspection_cpp
[2.523s] [ 69%] Built target custom_interface__rosidl_typesupport_fastrtps_cpp
[2.532s] [ 71%] [32m[1mLinking CXX shared library libcustom_interface__rosidl_typesupport_fastrtps_c.so[0m
[2.601s] [ 71%] Built target custom_interface__rosidl_typesupport_fastrtps_c
[2.630s] [ 71%] Built target custom_interface
[2.658s] [ 74%] [34m[1mGenerating Python code for ROS interfaces[0m
[2.956s] [ 74%] Built target custom_interface__py
[2.984s] [ 76%] [32mBuilding C object CMakeFiles/custom_interface__rosidl_generator_py.dir/rosidl_generator_py/custom_interface/srv/_basic_s.c.o[0m
[3.072s] [ 79%] [32m[1mLinking C shared library rosidl_generator_py/custom_interface/libcustom_interface__rosidl_generator_py.so[0m
[3.116s] [ 79%] Built target custom_interface__rosidl_generator_py
[3.145s] [ 89%] [32mBuilding C object CMakeFiles/custom_interface__rosidl_typesupport_introspection_c__pyext.dir/rosidl_generator_py/custom_interface/_custom_interface_s.ep.rosidl_typesupport_introspection_c.c.o[0m
[3.145s] [ 89%] [32mBuilding C object CMakeFiles/custom_interface__rosidl_typesupport_fastrtps_c__pyext.dir/rosidl_generator_py/custom_interface/_custom_interface_s.ep.rosidl_typesupport_fastrtps_c.c.o[0m
[3.145s] [ 89%] [32mBuilding C object CMakeFiles/custom_interface__rosidl_typesupport_c__pyext.dir/rosidl_generator_py/custom_interface/_custom_interface_s.ep.rosidl_typesupport_c.c.o[0m
[3.145s] [ 89%] [32mBuilding C object CMakeFiles/custom_interface__rosidl_typesupport_microxrcedds_c__pyext.dir/rosidl_generator_py/custom_interface/_custom_interface_s.ep.rosidl_typesupport_microxrcedds_c.c.o[0m
[3.233s] [ 94%] [32m[1mLinking C shared library rosidl_generator_py/custom_interface/custom_interface_s__rosidl_typesupport_c.cpython-310-x86_64-linux-gnu.so[0m
[3.233s] [ 94%] [32m[1mLinking C shared library rosidl_generator_py/custom_interface/custom_interface_s__rosidl_typesupport_fastrtps_c.cpython-310-x86_64-linux-gnu.so[0m
[3.233s] [ 97%] [32m[1mLinking C shared library rosidl_generator_py/custom_interface/custom_interface_s__rosidl_typesupport_microxrcedds_c.cpython-310-x86_64-linux-gnu.so[0m
[3.236s] [100%] [32m[1mLinking C shared library rosidl_generator_py/custom_interface/custom_interface_s__rosidl_typesupport_introspection_c.cpython-310-x86_64-linux-gnu.so[0m
[3.278s] [100%] Built target custom_interface__rosidl_typesupport_c__pyext
[3.278s] [100%] Built target custom_interface__rosidl_typesupport_fastrtps_c__pyext
[3.278s] [100%] Built target custom_interface__rosidl_typesupport_introspection_c__pyext
[3.279s] [100%] Built target custom_interface__rosidl_typesupport_microxrcedds_c__pyext
[3.293s] Invoked command in '/home/saifa/Desktop/Fun4/build/custom_interface' returned '0': CMAKE_PREFIX_PATH=${CMAKE_PREFIX_PATH}:/home/saifa/mc_ros_ws/install/sensor_msgs_py:/opt/ros/humble /usr/bin/cmake --build /home/saifa/Desktop/Fun4/build/custom_interface -- -j16 -l16
[3.431s] Invoking command in '/home/saifa/Desktop/Fun4/build/custom_interface': CMAKE_PREFIX_PATH=${CMAKE_PREFIX_PATH}:/home/saifa/mc_ros_ws/install/sensor_msgs_py:/opt/ros/humble /usr/bin/cmake --install /home/saifa/Desktop/Fun4/build/custom_interface
[3.441s] -- Install configuration: ""
[3.441s] -- Installing: /home/saifa/Desktop/Fun4/install/custom_interface/share/ament_index/resource_index/rosidl_interfaces/custom_interface
[3.441s] -- Installing: /home/saifa/Desktop/Fun4/install/custom_interface/include/custom_interface/custom_interface
[3.442s] -- Installing: /home/saifa/Desktop/Fun4/install/custom_interface/include/custom_interface/custom_interface/msg
[3.442s] -- Installing: /home/saifa/Desktop/Fun4/install/custom_interface/include/custom_interface/custom_interface/msg/rosidl_generator_c__visibility_control.h
[3.442s] -- Installing: /home/saifa/Desktop/Fun4/install/custom_interface/include/custom_interface/custom_interface/srv
[3.442s] -- Installing: /home/saifa/Desktop/Fun4/install/custom_interface/include/custom_interface/custom_interface/srv/basic.h
[3.442s] -- Installing: /home/saifa/Desktop/Fun4/install/custom_interface/include/custom_interface/custom_interface/srv/detail
[3.442s] -- Installing: /home/saifa/Desktop/Fun4/install/custom_interface/include/custom_interface/custom_interface/srv/detail/basic__struct.h
[3.442s] -- Installing: /home/saifa/Desktop/Fun4/install/custom_interface/include/custom_interface/custom_interface/srv/detail/basic__functions.h
[3.442s] -- Installing: /home/saifa/Desktop/Fun4/install/custom_interface/include/custom_interface/custom_interface/srv/detail/basic__type_support.h
[3.442s] -- Installing: /home/saifa/Desktop/Fun4/install/custom_interface/include/custom_interface/custom_interface/srv/detail/basic__functions.c
[3.443s] -- Installing: /home/saifa/Desktop/Fun4/install/custom_interface/share/custom_interface/environment/library_path.sh
[3.443s] -- Installing: /home/saifa/Desktop/Fun4/install/custom_interface/share/custom_interface/environment/library_path.dsv
[3.443s] -- Installing: /home/saifa/Desktop/Fun4/install/custom_interface/lib/libcustom_interface__rosidl_generator_c.so
[3.443s] -- Set runtime path of "/home/saifa/Desktop/Fun4/install/custom_interface/lib/libcustom_interface__rosidl_generator_c.so" to ""
[3.443s] -- Up-to-date: /home/saifa/Desktop/Fun4/install/custom_interface/include/custom_interface/custom_interface
[3.443s] -- Up-to-date: /home/saifa/Desktop/Fun4/install/custom_interface/include/custom_interface/custom_interface/msg
[3.443s] -- Installing: /home/saifa/Desktop/Fun4/install/custom_interface/include/custom_interface/custom_interface/msg/rosidl_typesupport_fastrtps_c__visibility_control.h
[3.443s] -- Up-to-date: /home/saifa/Desktop/Fun4/install/custom_interface/include/custom_interface/custom_interface/srv
[3.444s] -- Up-to-date: /home/saifa/Desktop/Fun4/install/custom_interface/include/custom_interface/custom_interface/srv/detail
[3.444s] -- Installing: /home/saifa/Desktop/Fun4/install/custom_interface/include/custom_interface/custom_interface/srv/detail/basic__rosidl_typesupport_fastrtps_c.h
[3.444s] -- Installing: /home/saifa/Desktop/Fun4/install/custom_interface/lib/libcustom_interface__rosidl_typesupport_fastrtps_c.so
[3.444s] -- Set runtime path of "/home/saifa/Desktop/Fun4/install/custom_interface/lib/libcustom_interface__rosidl_typesupport_fastrtps_c.so" to ""
[3.444s] -- Up-to-date: /home/saifa/Desktop/Fun4/install/custom_interface/include/custom_interface/custom_interface
[3.444s] -- Up-to-date: /home/saifa/Desktop/Fun4/install/custom_interface/include/custom_interface/custom_interface/srv
[3.444s] -- Installing: /home/saifa/Desktop/Fun4/install/custom_interface/include/custom_interface/custom_interface/srv/basic.hpp
[3.444s] -- Up-to-date: /home/saifa/Desktop/Fun4/install/custom_interface/include/custom_interface/custom_interface/srv/detail
[3.444s] -- Installing: /home/saifa/Desktop/Fun4/install/custom_interface/include/custom_interface/custom_interface/srv/detail/basic__struct.hpp
[3.444s] -- Installing: /home/saifa/Desktop/Fun4/install/custom_interface/include/custom_interface/custom_interface/srv/detail/basic__traits.hpp
[3.444s] -- Installing: /home/saifa/Desktop/Fun4/install/custom_interface/include/custom_interface/custom_interface/srv/detail/basic__builder.hpp
[3.444s] -- Up-to-date: /home/saifa/Desktop/Fun4/install/custom_interface/include/custom_interface/custom_interface
[3.445s] -- Up-to-date: /home/saifa/Desktop/Fun4/install/custom_interface/include/custom_interface/custom_interface/msg
[3.445s] -- Installing: /home/saifa/Desktop/Fun4/install/custom_interface/include/custom_interface/custom_interface/msg/rosidl_typesupport_fastrtps_cpp__visibility_control.h
[3.445s] -- Up-to-date: /home/saifa/Desktop/Fun4/install/custom_interface/include/custom_interface/custom_interface/srv
[3.445s] -- Up-to-date: /home/saifa/Desktop/Fun4/install/custom_interface/include/custom_interface/custom_interface/srv/detail
[3.445s] -- Installing: /home/saifa/Desktop/Fun4/install/custom_interface/include/custom_interface/custom_interface/srv/detail/basic__rosidl_typesupport_fastrtps_cpp.hpp
[3.445s] -- Installing: /home/saifa/Desktop/Fun4/install/custom_interface/include/custom_interface/custom_interface/srv/detail/dds_fastrtps
[3.445s] -- Installing: /home/saifa/Desktop/Fun4/install/custom_interface/lib/libcustom_interface__rosidl_typesupport_fastrtps_cpp.so
[3.445s] -- Set runtime path of "/home/saifa/Desktop/Fun4/install/custom_interface/lib/libcustom_interface__rosidl_typesupport_fastrtps_cpp.so" to ""
[3.445s] -- Up-to-date: /home/saifa/Desktop/Fun4/install/custom_interface/include/custom_interface
[3.445s] -- Installing: /home/saifa/Desktop/Fun4/install/custom_interface/include/custom_interface/msg
[3.445s] -- Installing: /home/saifa/Desktop/Fun4/install/custom_interface/include/custom_interface/msg/rosidl_typesupport_microxrcedds_c__visibility_control.h
[3.446s] -- Installing: /home/saifa/Desktop/Fun4/install/custom_interface/include/custom_interface/srv
[3.446s] -- Installing: /home/saifa/Desktop/Fun4/install/custom_interface/include/custom_interface/srv/detail
[3.446s] -- Installing: /home/saifa/Desktop/Fun4/install/custom_interface/include/custom_interface/srv/detail/microxrcedds
[3.446s] -- Installing: /home/saifa/Desktop/Fun4/install/custom_interface/include/custom_interface/srv/detail/basic__rosidl_typesupport_microxrcedds_c.h
[3.446s] -- Installing: /home/saifa/Desktop/Fun4/install/custom_interface/lib/libcustom_interface__rosidl_typesupport_microxrcedds_c.so
[3.446s] -- Set runtime path of "/home/saifa/Desktop/Fun4/install/custom_interface/lib/libcustom_interface__rosidl_typesupport_microxrcedds_c.so" to ""
[3.446s] -- Up-to-date: /home/saifa/Desktop/Fun4/install/custom_interface/include/custom_interface/custom_interface
[3.446s] -- Up-to-date: /home/saifa/Desktop/Fun4/install/custom_interface/include/custom_interface/custom_interface/msg
[3.446s] -- Installing: /home/saifa/Desktop/Fun4/install/custom_interface/include/custom_interface/custom_interface/msg/rosidl_typesupport_introspection_c__visibility_control.h
[3.446s] -- Up-to-date: /home/saifa/Desktop/Fun4/install/custom_interface/include/custom_interface/custom_interface/srv
[3.447s] -- Up-to-date: /home/saifa/Desktop/Fun4/install/custom_interface/include/custom_interface/custom_interface/srv/detail
[3.447s] -- Installing: /home/saifa/Desktop/Fun4/install/custom_interface/include/custom_interface/custom_interface/srv/detail/basic__rosidl_typesupport_introspection_c.h
[3.447s] -- Installing: /home/saifa/Desktop/Fun4/install/custom_interface/include/custom_interface/custom_interface/srv/detail/basic__type_support.c
[3.447s] -- Installing: /home/saifa/Desktop/Fun4/install/custom_interface/lib/libcustom_interface__rosidl_typesupport_introspection_c.so
[3.447s] -- Set runtime path of "/home/saifa/Desktop/Fun4/install/custom_interface/lib/libcustom_interface__rosidl_typesupport_introspection_c.so" to ""
[3.447s] -- Installing: /home/saifa/Desktop/Fun4/install/custom_interface/lib/libcustom_interface__rosidl_typesupport_c.so
[3.447s] -- Set runtime path of "/home/saifa/Desktop/Fun4/install/custom_interface/lib/libcustom_interface__rosidl_typesupport_c.so" to ""
[3.447s] -- Up-to-date: /home/saifa/Desktop/Fun4/install/custom_interface/include/custom_interface
[3.447s] -- Up-to-date: /home/saifa/Desktop/Fun4/install/custom_interface/include/custom_interface/msg
[3.448s] -- Installing: /home/saifa/Desktop/Fun4/install/custom_interface/include/custom_interface/msg/rosidl_typesupport_microxrcedds_cpp__visibility_control.h
[3.448s] -- Up-to-date: /home/saifa/Desktop/Fun4/install/custom_interface/include/custom_interface/srv
[3.448s] -- Up-to-date: /home/saifa/Desktop/Fun4/install/custom_interface/include/custom_interface/srv/detail
[3.448s] -- Up-to-date: /home/saifa/Desktop/Fun4/install/custom_interface/include/custom_interface/srv/detail/microxrcedds
[3.448s] -- Installing: /home/saifa/Desktop/Fun4/install/custom_interface/include/custom_interface/srv/detail/microxrcedds/basic__type_support_cpp.cpp
[3.448s] -- Installing: /home/saifa/Desktop/Fun4/install/custom_interface/include/custom_interface/srv/detail/basic__rosidl_typesupport_microxrcedds_cpp.hpp
[3.448s] -- Installing: /home/saifa/Desktop/Fun4/install/custom_interface/lib/libcustom_interface__rosidl_typesupport_microxrcedds_cpp.so
[3.448s] -- Set runtime path of "/home/saifa/Desktop/Fun4/install/custom_interface/lib/libcustom_interface__rosidl_typesupport_microxrcedds_cpp.so" to ""
[3.448s] -- Up-to-date: /home/saifa/Desktop/Fun4/install/custom_interface/include/custom_interface/custom_interface
[3.448s] -- Up-to-date: /home/saifa/Desktop/Fun4/install/custom_interface/include/custom_interface/custom_interface/srv
[3.448s] -- Up-to-date: /home/saifa/Desktop/Fun4/install/custom_interface/include/custom_interface/custom_interface/srv/detail
[3.449s] -- Installing: /home/saifa/Desktop/Fun4/install/custom_interface/include/custom_interface/custom_interface/srv/detail/basic__rosidl_typesupport_introspection_cpp.hpp
[3.449s] -- Installing: /home/saifa/Desktop/Fun4/install/custom_interface/include/custom_interface/custom_interface/srv/detail/basic__type_support.cpp
[3.449s] -- Installing: /home/saifa/Desktop/Fun4/install/custom_interface/lib/libcustom_interface__rosidl_typesupport_introspection_cpp.so
[3.449s] -- Set runtime path of "/home/saifa/Desktop/Fun4/install/custom_interface/lib/libcustom_interface__rosidl_typesupport_introspection_cpp.so" to ""
[3.449s] -- Installing: /home/saifa/Desktop/Fun4/install/custom_interface/lib/libcustom_interface__rosidl_typesupport_cpp.so
[3.449s] -- Set runtime path of "/home/saifa/Desktop/Fun4/install/custom_interface/lib/libcustom_interface__rosidl_typesupport_cpp.so" to ""
[3.449s] -- Installing: /home/saifa/Desktop/Fun4/install/custom_interface/share/custom_interface/environment/pythonpath.sh
[3.450s] -- Installing: /home/saifa/Desktop/Fun4/install/custom_interface/share/custom_interface/environment/pythonpath.dsv
[3.450s] -- Installing: /home/saifa/Desktop/Fun4/install/custom_interface/local/lib/python3.10/dist-packages/custom_interface-0.0.0-py3.10.egg-info
[3.450s] -- Installing: /home/saifa/Desktop/Fun4/install/custom_interface/local/lib/python3.10/dist-packages/custom_interface-0.0.0-py3.10.egg-info/top_level.txt
[3.450s] -- Installing: /home/saifa/Desktop/Fun4/install/custom_interface/local/lib/python3.10/dist-packages/custom_interface-0.0.0-py3.10.egg-info/SOURCES.txt
[3.450s] -- Installing: /home/saifa/Desktop/Fun4/install/custom_interface/local/lib/python3.10/dist-packages/custom_interface-0.0.0-py3.10.egg-info/dependency_links.txt
[3.450s] -- Installing: /home/saifa/Desktop/Fun4/install/custom_interface/local/lib/python3.10/dist-packages/custom_interface-0.0.0-py3.10.egg-info/PKG-INFO
[3.450s] -- Installing: /home/saifa/Desktop/Fun4/install/custom_interface/local/lib/python3.10/dist-packages/custom_interface
[3.450s] -- Installing: /home/saifa/Desktop/Fun4/install/custom_interface/local/lib/python3.10/dist-packages/custom_interface/custom_interface_s__rosidl_typesupport_microxrcedds_c.cpython-310-x86_64-linux-gnu.so
[3.451s] -- Installing: /home/saifa/Desktop/Fun4/install/custom_interface/local/lib/python3.10/dist-packages/custom_interface/__init__.py
[3.451s] -- Installing: /home/saifa/Desktop/Fun4/install/custom_interface/local/lib/python3.10/dist-packages/custom_interface/custom_interface_s__rosidl_typesupport_fastrtps_c.cpython-310-x86_64-linux-gnu.so
[3.451s] -- Installing: /home/saifa/Desktop/Fun4/install/custom_interface/local/lib/python3.10/dist-packages/custom_interface/srv
[3.451s] -- Installing: /home/saifa/Desktop/Fun4/install/custom_interface/local/lib/python3.10/dist-packages/custom_interface/srv/__init__.py
[3.451s] -- Installing: /home/saifa/Desktop/Fun4/install/custom_interface/local/lib/python3.10/dist-packages/custom_interface/srv/_basic_s.c
[3.451s] -- Installing: /home/saifa/Desktop/Fun4/install/custom_interface/local/lib/python3.10/dist-packages/custom_interface/srv/_basic.py
[3.451s] -- Installing: /home/saifa/Desktop/Fun4/install/custom_interface/local/lib/python3.10/dist-packages/custom_interface/_custom_interface_s.ep.rosidl_typesupport_fastrtps_c.c
[3.451s] -- Installing: /home/saifa/Desktop/Fun4/install/custom_interface/local/lib/python3.10/dist-packages/custom_interface/_custom_interface_s.ep.rosidl_typesupport_introspection_c.c
[3.451s] -- Installing: /home/saifa/Desktop/Fun4/install/custom_interface/local/lib/python3.10/dist-packages/custom_interface/_custom_interface_s.ep.rosidl_typesupport_microxrcedds_c.c
[3.452s] -- Installing: /home/saifa/Desktop/Fun4/install/custom_interface/local/lib/python3.10/dist-packages/custom_interface/custom_interface_s__rosidl_typesupport_c.cpython-310-x86_64-linux-gnu.so
[3.452s] -- Installing: /home/saifa/Desktop/Fun4/install/custom_interface/local/lib/python3.10/dist-packages/custom_interface/custom_interface_s__rosidl_typesupport_introspection_c.cpython-310-x86_64-linux-gnu.so
[3.452s] -- Installing: /home/saifa/Desktop/Fun4/install/custom_interface/local/lib/python3.10/dist-packages/custom_interface/libcustom_interface__rosidl_generator_py.so
[3.452s] -- Installing: /home/saifa/Desktop/Fun4/install/custom_interface/local/lib/python3.10/dist-packages/custom_interface/_custom_interface_s.ep.rosidl_typesupport_c.c
[3.494s] Listing '/home/saifa/Desktop/Fun4/install/custom_interface/local/lib/python3.10/dist-packages/custom_interface'...
[3.494s] Compiling '/home/saifa/Desktop/Fun4/install/custom_interface/local/lib/python3.10/dist-packages/custom_interface/__init__.py'...
[3.495s] Listing '/home/saifa/Desktop/Fun4/install/custom_interface/local/lib/python3.10/dist-packages/custom_interface/srv'...
[3.495s] Compiling '/home/saifa/Desktop/Fun4/install/custom_interface/local/lib/python3.10/dist-packages/custom_interface/srv/__init__.py'...
[3.495s] Compiling '/home/saifa/Desktop/Fun4/install/custom_interface/local/lib/python3.10/dist-packages/custom_interface/srv/_basic.py'...
[3.497s] -- Installing: /home/saifa/Desktop/Fun4/install/custom_interface/local/lib/python3.10/dist-packages/custom_interface/custom_interface_s__rosidl_typesupport_microxrcedds_c.cpython-310-x86_64-linux-gnu.so
[3.498s] -- Set runtime path of "/home/saifa/Desktop/Fun4/install/custom_interface/local/lib/python3.10/dist-packages/custom_interface/custom_interface_s__rosidl_typesupport_microxrcedds_c.cpython-310-x86_64-linux-gnu.so" to ""
[3.498s] -- Installing: /home/saifa/Desktop/Fun4/install/custom_interface/local/lib/python3.10/dist-packages/custom_interface/custom_interface_s__rosidl_typesupport_fastrtps_c.cpython-310-x86_64-linux-gnu.so
[3.498s] -- Set runtime path of "/home/saifa/Desktop/Fun4/install/custom_interface/local/lib/python3.10/dist-packages/custom_interface/custom_interface_s__rosidl_typesupport_fastrtps_c.cpython-310-x86_64-linux-gnu.so" to ""
[3.498s] -- Installing: /home/saifa/Desktop/Fun4/install/custom_interface/local/lib/python3.10/dist-packages/custom_interface/custom_interface_s__rosidl_typesupport_introspection_c.cpython-310-x86_64-linux-gnu.so
[3.499s] -- Set runtime path of "/home/saifa/Desktop/Fun4/install/custom_interface/local/lib/python3.10/dist-packages/custom_interface/custom_interface_s__rosidl_typesupport_introspection_c.cpython-310-x86_64-linux-gnu.so" to ""
[3.499s] -- Installing: /home/saifa/Desktop/Fun4/install/custom_interface/local/lib/python3.10/dist-packages/custom_interface/custom_interface_s__rosidl_typesupport_c.cpython-310-x86_64-linux-gnu.so
[3.499s] -- Set runtime path of "/home/saifa/Desktop/Fun4/install/custom_interface/local/lib/python3.10/dist-packages/custom_interface/custom_interface_s__rosidl_typesupport_c.cpython-310-x86_64-linux-gnu.so" to ""
[3.499s] -- Installing: /home/saifa/Desktop/Fun4/install/custom_interface/lib/libcustom_interface__rosidl_generator_py.so
[3.500s] -- Set runtime path of "/home/saifa/Desktop/Fun4/install/custom_interface/lib/libcustom_interface__rosidl_generator_py.so" to ""
[3.500s] -- Installing: /home/saifa/Desktop/Fun4/install/custom_interface/share/custom_interface/srv/Basic.idl
[3.500s] -- Installing: /home/saifa/Desktop/Fun4/install/custom_interface/share/custom_interface/srv/Basic.srv
[3.500s] -- Installing: /home/saifa/Desktop/Fun4/install/custom_interface/share/custom_interface/srv/Basic_Request.msg
[3.500s] -- Installing: /home/saifa/Desktop/Fun4/install/custom_interface/share/custom_interface/srv/Basic_Response.msg
[3.500s] -- Installing: /home/saifa/Desktop/Fun4/install/custom_interface/share/ament_index/resource_index/package_run_dependencies/custom_interface
[3.500s] -- Installing: /home/saifa/Desktop/Fun4/install/custom_interface/share/ament_index/resource_index/parent_prefix_path/custom_interface
[3.500s] -- Installing: /home/saifa/Desktop/Fun4/install/custom_interface/share/custom_interface/environment/ament_prefix_path.sh
[3.501s] -- Installing: /home/saifa/Desktop/Fun4/install/custom_interface/share/custom_interface/environment/ament_prefix_path.dsv
[3.501s] -- Installing: /home/saifa/Desktop/Fun4/install/custom_interface/share/custom_interface/environment/path.sh
[3.501s] -- Installing: /home/saifa/Desktop/Fun4/install/custom_interface/share/custom_interface/environment/path.dsv
[3.501s] -- Installing: /home/saifa/Desktop/Fun4/install/custom_interface/share/custom_interface/local_setup.bash
[3.501s] -- Installing: /home/saifa/Desktop/Fun4/install/custom_interface/share/custom_interface/local_setup.sh
[3.501s] -- Installing: /home/saifa/Desktop/Fun4/install/custom_interface/share/custom_interface/local_setup.zsh
[3.501s] -- Installing: /home/saifa/Desktop/Fun4/install/custom_interface/share/custom_interface/local_setup.dsv
[3.502s] -- Installing: /home/saifa/Desktop/Fun4/install/custom_interface/share/custom_interface/package.dsv
[3.502s] -- Installing: /home/saifa/Desktop/Fun4/install/custom_interface/share/ament_index/resource_index/packages/custom_interface
[3.502s] -- Installing: /home/saifa/Desktop/Fun4/install/custom_interface/share/custom_interface/cmake/export_custom_interface__rosidl_generator_cExport.cmake
[3.502s] -- Installing: /home/saifa/Desktop/Fun4/install/custom_interface/share/custom_interface/cmake/export_custom_interface__rosidl_generator_cExport-noconfig.cmake
[3.502s] -- Installing: /home/saifa/Desktop/Fun4/install/custom_interface/share/custom_interface/cmake/export_custom_interface__rosidl_typesupport_fastrtps_cExport.cmake
[3.502s] -- Installing: /home/saifa/Desktop/Fun4/install/custom_interface/share/custom_interface/cmake/export_custom_interface__rosidl_typesupport_fastrtps_cExport-noconfig.cmake
[3.503s] -- Installing: /home/saifa/Desktop/Fun4/install/custom_interface/share/custom_interface/cmake/export_custom_interface__rosidl_generator_cppExport.cmake
[3.503s] -- Installing: /home/saifa/Desktop/Fun4/install/custom_interface/share/custom_interface/cmake/export_custom_interface__rosidl_typesupport_fastrtps_cppExport.cmake
[3.503s] -- Installing: /home/saifa/Desktop/Fun4/install/custom_interface/share/custom_interface/cmake/export_custom_interface__rosidl_typesupport_fastrtps_cppExport-noconfig.cmake
[3.503s] -- Installing: /home/saifa/Desktop/Fun4/install/custom_interface/share/custom_interface/cmake/custom_interface__rosidl_typesupport_introspection_cExport.cmake
[3.503s] -- Installing: /home/saifa/Desktop/Fun4/install/custom_interface/share/custom_interface/cmake/custom_interface__rosidl_typesupport_introspection_cExport-noconfig.cmake
[3.503s] -- Installing: /home/saifa/Desktop/Fun4/install/custom_interface/share/custom_interface/cmake/custom_interface__rosidl_typesupport_cExport.cmake
[3.503s] -- Installing: /home/saifa/Desktop/Fun4/install/custom_interface/share/custom_interface/cmake/custom_interface__rosidl_typesupport_cExport-noconfig.cmake
[3.503s] -- Installing: /home/saifa/Desktop/Fun4/install/custom_interface/share/custom_interface/cmake/custom_interface__rosidl_typesupport_introspection_cppExport.cmake
[3.504s] -- Installing: /home/saifa/Desktop/Fun4/install/custom_interface/share/custom_interface/cmake/custom_interface__rosidl_typesupport_introspection_cppExport-noconfig.cmake
[3.504s] -- Installing: /home/saifa/Desktop/Fun4/install/custom_interface/share/custom_interface/cmake/custom_interface__rosidl_typesupport_cppExport.cmake
[3.504s] -- Installing: /home/saifa/Desktop/Fun4/install/custom_interface/share/custom_interface/cmake/custom_interface__rosidl_typesupport_cppExport-noconfig.cmake
[3.504s] -- Installing: /home/saifa/Desktop/Fun4/install/custom_interface/share/custom_interface/cmake/export_custom_interface__rosidl_generator_pyExport.cmake
[3.504s] -- Installing: /home/saifa/Desktop/Fun4/install/custom_interface/share/custom_interface/cmake/export_custom_interface__rosidl_generator_pyExport-noconfig.cmake
[3.504s] -- Installing: /home/saifa/Desktop/Fun4/install/custom_interface/share/custom_interface/cmake/rosidl_cmake-extras.cmake
[3.504s] -- Installing: /home/saifa/Desktop/Fun4/install/custom_interface/share/custom_interface/cmake/ament_cmake_export_dependencies-extras.cmake
[3.505s] -- Installing: /home/saifa/Desktop/Fun4/install/custom_interface/share/custom_interface/cmake/ament_cmake_export_include_directories-extras.cmake
[3.505s] -- Installing: /home/saifa/Desktop/Fun4/install/custom_interface/share/custom_interface/cmake/ament_cmake_export_libraries-extras.cmake
[3.505s] -- Installing: /home/saifa/Desktop/Fun4/install/custom_interface/share/custom_interface/cmake/ament_cmake_export_targets-extras.cmake
[3.505s] -- Installing: /home/saifa/Desktop/Fun4/install/custom_interface/share/custom_interface/cmake/rosidl_cmake_export_typesupport_targets-extras.cmake
[3.505s] -- Installing: /home/saifa/Desktop/Fun4/install/custom_interface/share/custom_interface/cmake/rosidl_cmake_export_typesupport_libraries-extras.cmake
[3.505s] -- Installing: /home/saifa/Desktop/Fun4/install/custom_interface/share/custom_interface/cmake/custom_interfaceConfig.cmake
[3.505s] -- Installing: /home/saifa/Desktop/Fun4/install/custom_interface/share/custom_interface/cmake/custom_interfaceConfig-version.cmake
[3.505s] -- Installing: /home/saifa/Desktop/Fun4/install/custom_interface/share/custom_interface/package.xml
[3.508s] Invoked command in '/home/saifa/Desktop/Fun4/build/custom_interface' returned '0': CMAKE_PREFIX_PATH=${CMAKE_PREFIX_PATH}:/home/saifa/mc_ros_ws/install/sensor_msgs_py:/opt/ros/humble /usr/bin/cmake --install /home/saifa/Desktop/Fun4/build/custom_interface
