[0.094s] DEBUG:colcon:Command line arguments: ['/usr/bin/colcon', 'build']
[0.094s] DEBUG:colcon:Parsed command line arguments: Namespace(log_base=None, log_level=None, verb_name='build', build_base='build', install_base='install', merge_install=False, symlink_install=False, test_result_base=None, continue_on_error=False, executor='parallel', parallel_workers=16, event_handlers=None, ignore_user_meta=False, metas=['./colcon.meta'], base_paths=['.'], packages_ignore=None, packages_ignore_regex=None, paths=None, packages_up_to=None, packages_up_to_regex=None, packages_above=None, packages_above_and_dependencies=None, packages_above_depth=None, packages_select_by_dep=None, packages_skip_by_dep=None, packages_skip_up_to=None, packages_select_build_failed=False, packages_skip_build_finished=False, packages_select_test_failures=False, packages_skip_test_passed=False, packages_select=None, packages_skip=None, packages_select_regex=None, packages_skip_regex=None, packages_start=None, packages_end=None, allow_overriding=[], cmake_args=None, cmake_target=None, cmake_target_skip_unavailable=False, cmake_clean_cache=False, cmake_clean_first=False, cmake_force_configure=False, ament_cmake_args=None, catkin_cmake_args=None, catkin_skip_building_tests=False, verb_parser=<colcon_defaults.argument_parser.defaults.DefaultArgumentsDecorator object at 0x7bd057955e10>, verb_extension=<colcon_core.verb.build.BuildVerb object at 0x7bd0579559c0>, main=<bound method BuildVerb.main of <colcon_core.verb.build.BuildVerb object at 0x7bd0579559c0>>)
[0.237s] Level 1:colcon.colcon_core.package_discovery:discover_packages(colcon_meta) check parameters
[0.237s] Level 1:colcon.colcon_core.package_discovery:discover_packages(recursive) check parameters
[0.237s] Level 1:colcon.colcon_core.package_discovery:discover_packages(ignore) check parameters
[0.237s] Level 1:colcon.colcon_core.package_discovery:discover_packages(path) check parameters
[0.237s] Level 1:colcon.colcon_core.package_discovery:discover_packages(colcon_meta) discover
[0.237s] Level 1:colcon.colcon_core.package_discovery:discover_packages(recursive) discover
[0.237s] INFO:colcon.colcon_core.package_discovery:Crawling recursively for packages in '/home/saifa/Desktop/Fun4'
[0.237s] Level 1:colcon.colcon_core.package_identification:_identify(.) by extensions ['ignore', 'ignore_ament_install']
[0.237s] Level 1:colcon.colcon_core.package_identification:_identify(.) by extension 'ignore'
[0.237s] Level 1:colcon.colcon_core.package_identification:_identify(.) by extension 'ignore_ament_install'
[0.238s] Level 1:colcon.colcon_core.package_identification:_identify(.) by extensions ['colcon_pkg']
[0.238s] Level 1:colcon.colcon_core.package_identification:_identify(.) by extension 'colcon_pkg'
[0.238s] Level 1:colcon.colcon_core.package_identification:_identify(.) by extensions ['colcon_meta']
[0.238s] Level 1:colcon.colcon_core.package_identification:_identify(.) by extension 'colcon_meta'
[0.238s] Level 1:colcon.colcon_core.package_identification:_identify(.) by extensions ['ros']
[0.238s] Level 1:colcon.colcon_core.package_identification:_identify(.) by extension 'ros'
[0.246s] Level 1:colcon.colcon_core.package_identification:_identify(.) by extensions ['cmake', 'python']
[0.246s] Level 1:colcon.colcon_core.package_identification:_identify(.) by extension 'cmake'
[0.246s] Level 1:colcon.colcon_core.package_identification:_identify(.) by extension 'python'
[0.246s] Level 1:colcon.colcon_core.package_identification:_identify(.) by extensions ['python_setup_py']
[0.246s] Level 1:colcon.colcon_core.package_identification:_identify(.) by extension 'python_setup_py'
[0.246s] Level 1:colcon.colcon_core.package_identification:_identify(Part1) by extensions ['ignore', 'ignore_ament_install']
[0.246s] Level 1:colcon.colcon_core.package_identification:_identify(Part1) by extension 'ignore'
[0.246s] Level 1:colcon.colcon_core.package_identification:_identify(Part1) by extension 'ignore_ament_install'
[0.246s] Level 1:colcon.colcon_core.package_identification:_identify(Part1) by extensions ['colcon_pkg']
[0.246s] Level 1:colcon.colcon_core.package_identification:_identify(Part1) by extension 'colcon_pkg'
[0.246s] Level 1:colcon.colcon_core.package_identification:_identify(Part1) by extensions ['colcon_meta']
[0.247s] Level 1:colcon.colcon_core.package_identification:_identify(Part1) by extension 'colcon_meta'
[0.247s] Level 1:colcon.colcon_core.package_identification:_identify(Part1) by extensions ['ros']
[0.247s] Level 1:colcon.colcon_core.package_identification:_identify(Part1) by extension 'ros'
[0.247s] Level 1:colcon.colcon_core.package_identification:_identify(Part1) by extensions ['cmake', 'python']
[0.247s] Level 1:colcon.colcon_core.package_identification:_identify(Part1) by extension 'cmake'
[0.247s] Level 1:colcon.colcon_core.package_identification:_identify(Part1) by extension 'python'
[0.247s] Level 1:colcon.colcon_core.package_identification:_identify(Part1) by extensions ['python_setup_py']
[0.247s] Level 1:colcon.colcon_core.package_identification:_identify(Part1) by extension 'python_setup_py'
[0.247s] Level 1:colcon.colcon_core.package_identification:_identify(build) by extensions ['ignore', 'ignore_ament_install']
[0.247s] Level 1:colcon.colcon_core.package_identification:_identify(build) by extension 'ignore'
[0.247s] Level 1:colcon.colcon_core.package_identification:_identify(build) ignored
[0.247s] Level 1:colcon.colcon_core.package_identification:_identify(install) by extensions ['ignore', 'ignore_ament_install']
[0.247s] Level 1:colcon.colcon_core.package_identification:_identify(install) by extension 'ignore'
[0.247s] Level 1:colcon.colcon_core.package_identification:_identify(install) ignored
[0.247s] Level 1:colcon.colcon_core.package_identification:_identify(log) by extensions ['ignore', 'ignore_ament_install']
[0.247s] Level 1:colcon.colcon_core.package_identification:_identify(log) by extension 'ignore'
[0.247s] Level 1:colcon.colcon_core.package_identification:_identify(log) ignored
[0.247s] Level 1:colcon.colcon_core.package_identification:_identify(src) by extensions ['ignore', 'ignore_ament_install']
[0.247s] Level 1:colcon.colcon_core.package_identification:_identify(src) by extension 'ignore'
[0.248s] Level 1:colcon.colcon_core.package_identification:_identify(src) by extension 'ignore_ament_install'
[0.248s] Level 1:colcon.colcon_core.package_identification:_identify(src) by extensions ['colcon_pkg']
[0.248s] Level 1:colcon.colcon_core.package_identification:_identify(src) by extension 'colcon_pkg'
[0.248s] Level 1:colcon.colcon_core.package_identification:_identify(src) by extensions ['colcon_meta']
[0.248s] Level 1:colcon.colcon_core.package_identification:_identify(src) by extension 'colcon_meta'
[0.248s] Level 1:colcon.colcon_core.package_identification:_identify(src) by extensions ['ros']
[0.248s] Level 1:colcon.colcon_core.package_identification:_identify(src) by extension 'ros'
[0.248s] Level 1:colcon.colcon_core.package_identification:_identify(src) by extensions ['cmake', 'python']
[0.248s] Level 1:colcon.colcon_core.package_identification:_identify(src) by extension 'cmake'
[0.248s] Level 1:colcon.colcon_core.package_identification:_identify(src) by extension 'python'
[0.248s] Level 1:colcon.colcon_core.package_identification:_identify(src) by extensions ['python_setup_py']
[0.248s] Level 1:colcon.colcon_core.package_identification:_identify(src) by extension 'python_setup_py'
[0.248s] Level 1:colcon.colcon_core.package_identification:_identify(src/custom_interface) by extensions ['ignore', 'ignore_ament_install']
[0.248s] Level 1:colcon.colcon_core.package_identification:_identify(src/custom_interface) by extension 'ignore'
[0.248s] Level 1:colcon.colcon_core.package_identification:_identify(src/custom_interface) by extension 'ignore_ament_install'
[0.248s] Level 1:colcon.colcon_core.package_identification:_identify(src/custom_interface) by extensions ['colcon_pkg']
[0.248s] Level 1:colcon.colcon_core.package_identification:_identify(src/custom_interface) by extension 'colcon_pkg'
[0.248s] Level 1:colcon.colcon_core.package_identification:_identify(src/custom_interface) by extensions ['colcon_meta']
[0.248s] Level 1:colcon.colcon_core.package_identification:_identify(src/custom_interface) by extension 'colcon_meta'
[0.248s] Level 1:colcon.colcon_core.package_identification:_identify(src/custom_interface) by extensions ['ros']
[0.248s] Level 1:colcon.colcon_core.package_identification:_identify(src/custom_interface) by extension 'ros'
[0.250s] DEBUG:colcon.colcon_core.package_identification:Package 'src/custom_interface' with type 'ros.ament_cmake' and name 'custom_interface'
[0.250s] Level 1:colcon.colcon_core.package_identification:_identify(src/example_description) by extensions ['ignore', 'ignore_ament_install']
[0.250s] Level 1:colcon.colcon_core.package_identification:_identify(src/example_description) by extension 'ignore'
[0.250s] Level 1:colcon.colcon_core.package_identification:_identify(src/example_description) by extension 'ignore_ament_install'
[0.250s] Level 1:colcon.colcon_core.package_identification:_identify(src/example_description) by extensions ['colcon_pkg']
[0.250s] Level 1:colcon.colcon_core.package_identification:_identify(src/example_description) by extension 'colcon_pkg'
[0.250s] Level 1:colcon.colcon_core.package_identification:_identify(src/example_description) by extensions ['colcon_meta']
[0.250s] Level 1:colcon.colcon_core.package_identification:_identify(src/example_description) by extension 'colcon_meta'
[0.250s] Level 1:colcon.colcon_core.package_identification:_identify(src/example_description) by extensions ['ros']
[0.250s] Level 1:colcon.colcon_core.package_identification:_identify(src/example_description) by extension 'ros'
[0.251s] DEBUG:colcon.colcon_core.package_identification:Package 'src/example_description' with type 'ros.ament_cmake' and name 'example_description'
[0.251s] Level 1:colcon.colcon_core.package_identification:_identify(src/fun4) by extensions ['ignore', 'ignore_ament_install']
[0.251s] Level 1:colcon.colcon_core.package_identification:_identify(src/fun4) by extension 'ignore'
[0.251s] Level 1:colcon.colcon_core.package_identification:_identify(src/fun4) by extension 'ignore_ament_install'
[0.251s] Level 1:colcon.colcon_core.package_identification:_identify(src/fun4) by extensions ['colcon_pkg']
[0.251s] Level 1:colcon.colcon_core.package_identification:_identify(src/fun4) by extension 'colcon_pkg'
[0.251s] Level 1:colcon.colcon_core.package_identification:_identify(src/fun4) by extensions ['colcon_meta']
[0.251s] Level 1:colcon.colcon_core.package_identification:_identify(src/fun4) by extension 'colcon_meta'
[0.251s] Level 1:colcon.colcon_core.package_identification:_identify(src/fun4) by extensions ['ros']
[0.251s] Level 1:colcon.colcon_core.package_identification:_identify(src/fun4) by extension 'ros'
[0.252s] DEBUG:colcon.colcon_core.package_identification:Package 'src/fun4' with type 'ros.ament_cmake' and name 'fun4'
[0.252s] Level 1:colcon.colcon_core.package_discovery:discover_packages(recursive) using defaults
[0.252s] Level 1:colcon.colcon_core.package_discovery:discover_packages(ignore) discover
[0.252s] Level 1:colcon.colcon_core.package_discovery:discover_packages(ignore) using defaults
[0.252s] Level 1:colcon.colcon_core.package_discovery:discover_packages(path) discover
[0.252s] Level 1:colcon.colcon_core.package_discovery:discover_packages(path) using defaults
[0.279s] Level 1:colcon.colcon_core.package_discovery:discover_packages(prefix_path) check parameters
[0.279s] Level 1:colcon.colcon_core.package_discovery:discover_packages(prefix_path) discover
[0.283s] DEBUG:colcon.colcon_installed_package_information.package_discovery:Found 39 installed packages in /home/saifa/mc_ros_ws/install
[0.283s] DEBUG:colcon.colcon_installed_package_information.package_discovery:Found 5 installed packages in /home/saifa/Desktop/Fun4/install
[0.284s] DEBUG:colcon.colcon_installed_package_information.package_discovery:Found 2 installed packages in /home/saifa/Desktop/solar/install
[0.284s] DEBUG:colcon.colcon_installed_package_information.package_discovery:Found 12 installed packages in /home/saifa/Desktop/ros2_w2_ws/install
[0.285s] DEBUG:colcon.colcon_installed_package_information.package_discovery:Found 290 installed packages in /opt/ros/humble
[0.288s] Level 1:colcon.colcon_core.package_discovery:discover_packages(prefix_path) using defaults
[0.319s] Level 5:colcon.colcon_core.verb:set package 'custom_interface' build argument 'cmake_args' from command line to 'None'
[0.319s] Level 5:colcon.colcon_core.verb:set package 'custom_interface' build argument 'cmake_target' from command line to 'None'
[0.319s] Level 5:colcon.colcon_core.verb:set package 'custom_interface' build argument 'cmake_target_skip_unavailable' from command line to 'False'
[0.319s] Level 5:colcon.colcon_core.verb:set package 'custom_interface' build argument 'cmake_clean_cache' from command line to 'False'
[0.319s] Level 5:colcon.colcon_core.verb:set package 'custom_interface' build argument 'cmake_clean_first' from command line to 'False'
[0.319s] Level 5:colcon.colcon_core.verb:set package 'custom_interface' build argument 'cmake_force_configure' from command line to 'False'
[0.319s] Level 5:colcon.colcon_core.verb:set package 'custom_interface' build argument 'ament_cmake_args' from command line to 'None'
[0.319s] Level 5:colcon.colcon_core.verb:set package 'custom_interface' build argument 'catkin_cmake_args' from command line to 'None'
[0.319s] Level 5:colcon.colcon_core.verb:set package 'custom_interface' build argument 'catkin_skip_building_tests' from command line to 'False'
[0.319s] DEBUG:colcon.colcon_core.verb:Building package 'custom_interface' with the following arguments: {'ament_cmake_args': None, 'build_base': '/home/saifa/Desktop/Fun4/build/custom_interface', 'catkin_cmake_args': None, 'catkin_skip_building_tests': False, 'cmake_args': None, 'cmake_clean_cache': False, 'cmake_clean_first': False, 'cmake_force_configure': False, 'cmake_target': None, 'cmake_target_skip_unavailable': False, 'install_base': '/home/saifa/Desktop/Fun4/install/custom_interface', 'merge_install': False, 'path': '/home/saifa/Desktop/Fun4/src/custom_interface', 'symlink_install': False, 'test_result_base': None}
[0.319s] Level 5:colcon.colcon_core.verb:set package 'example_description' build argument 'cmake_args' from command line to 'None'
[0.319s] Level 5:colcon.colcon_core.verb:set package 'example_description' build argument 'cmake_target' from command line to 'None'
[0.319s] Level 5:colcon.colcon_core.verb:set package 'example_description' build argument 'cmake_target_skip_unavailable' from command line to 'False'
[0.319s] Level 5:colcon.colcon_core.verb:set package 'example_description' build argument 'cmake_clean_cache' from command line to 'False'
[0.319s] Level 5:colcon.colcon_core.verb:set package 'example_description' build argument 'cmake_clean_first' from command line to 'False'
[0.319s] Level 5:colcon.colcon_core.verb:set package 'example_description' build argument 'cmake_force_configure' from command line to 'False'
[0.319s] Level 5:colcon.colcon_core.verb:set package 'example_description' build argument 'ament_cmake_args' from command line to 'None'
[0.319s] Level 5:colcon.colcon_core.verb:set package 'example_description' build argument 'catkin_cmake_args' from command line to 'None'
[0.319s] Level 5:colcon.colcon_core.verb:set package 'example_description' build argument 'catkin_skip_building_tests' from command line to 'False'
[0.320s] DEBUG:colcon.colcon_core.verb:Building package 'example_description' with the following arguments: {'ament_cmake_args': None, 'build_base': '/home/saifa/Desktop/Fun4/build/example_description', 'catkin_cmake_args': None, 'catkin_skip_building_tests': False, 'cmake_args': None, 'cmake_clean_cache': False, 'cmake_clean_first': False, 'cmake_force_configure': False, 'cmake_target': None, 'cmake_target_skip_unavailable': False, 'install_base': '/home/saifa/Desktop/Fun4/install/example_description', 'merge_install': False, 'path': '/home/saifa/Desktop/Fun4/src/example_description', 'symlink_install': False, 'test_result_base': None}
[0.320s] Level 5:colcon.colcon_core.verb:set package 'fun4' build argument 'cmake_args' from command line to 'None'
[0.320s] Level 5:colcon.colcon_core.verb:set package 'fun4' build argument 'cmake_target' from command line to 'None'
[0.320s] Level 5:colcon.colcon_core.verb:set package 'fun4' build argument 'cmake_target_skip_unavailable' from command line to 'False'
[0.320s] Level 5:colcon.colcon_core.verb:set package 'fun4' build argument 'cmake_clean_cache' from command line to 'False'
[0.320s] Level 5:colcon.colcon_core.verb:set package 'fun4' build argument 'cmake_clean_first' from command line to 'False'
[0.320s] Level 5:colcon.colcon_core.verb:set package 'fun4' build argument 'cmake_force_configure' from command line to 'False'
[0.320s] Level 5:colcon.colcon_core.verb:set package 'fun4' build argument 'ament_cmake_args' from command line to 'None'
[0.320s] Level 5:colcon.colcon_core.verb:set package 'fun4' build argument 'catkin_cmake_args' from command line to 'None'
[0.320s] Level 5:colcon.colcon_core.verb:set package 'fun4' build argument 'catkin_skip_building_tests' from command line to 'False'
[0.320s] DEBUG:colcon.colcon_core.verb:Building package 'fun4' with the following arguments: {'ament_cmake_args': None, 'build_base': '/home/saifa/Desktop/Fun4/build/fun4', 'catkin_cmake_args': None, 'catkin_skip_building_tests': False, 'cmake_args': None, 'cmake_clean_cache': False, 'cmake_clean_first': False, 'cmake_force_configure': False, 'cmake_target': None, 'cmake_target_skip_unavailable': False, 'install_base': '/home/saifa/Desktop/Fun4/install/fun4', 'merge_install': False, 'path': '/home/saifa/Desktop/Fun4/src/fun4', 'symlink_install': False, 'test_result_base': None}
[0.320s] INFO:colcon.colcon_core.executor:Executing jobs using 'parallel' executor
[0.321s] DEBUG:colcon.colcon_parallel_executor.executor.parallel:run_until_complete
[0.321s] INFO:colcon.colcon_ros.task.ament_cmake.build:Building ROS package in '/home/saifa/Desktop/Fun4/src/custom_interface' with build type 'ament_cmake'
[0.321s] INFO:colcon.colcon_cmake.task.cmake.build:Building CMake package in '/home/saifa/Desktop/Fun4/src/custom_interface'
[0.323s] INFO:colcon.colcon_core.plugin_system:Skipping extension 'colcon_core.shell.bat': Not used on non-Windows systems
[0.324s] INFO:colcon.colcon_core.shell:Skip shell extension 'powershell' for command environment: Not usable outside of PowerShell
[0.324s] DEBUG:colcon.colcon_core.shell:Skip shell extension 'dsv' for command environment
[0.330s] INFO:colcon.colcon_ros.task.ament_cmake.build:Building ROS package in '/home/saifa/Desktop/Fun4/src/example_description' with build type 'ament_cmake'
[0.330s] INFO:colcon.colcon_cmake.task.cmake.build:Building CMake package in '/home/saifa/Desktop/Fun4/src/example_description'
[0.330s] INFO:colcon.colcon_core.shell:Skip shell extension 'powershell' for command environment: Not usable outside of PowerShell
[0.330s] DEBUG:colcon.colcon_core.shell:Skip shell extension 'dsv' for command environment
[0.336s] INFO:colcon.colcon_ros.task.ament_cmake.build:Building ROS package in '/home/saifa/Desktop/Fun4/src/fun4' with build type 'ament_cmake'
[0.336s] INFO:colcon.colcon_cmake.task.cmake.build:Building CMake package in '/home/saifa/Desktop/Fun4/src/fun4'
[0.336s] INFO:colcon.colcon_core.shell:Skip shell extension 'powershell' for command environment: Not usable outside of PowerShell
[0.336s] DEBUG:colcon.colcon_core.shell:Skip shell extension 'dsv' for command environment
[0.345s] DEBUG:colcon.colcon_core.event_handler.log_command:Invoking command in '/home/saifa/Desktop/Fun4/build/custom_interface': CMAKE_PREFIX_PATH=${CMAKE_PREFIX_PATH}:/home/saifa/mc_ros_ws/install/sensor_msgs_py:/opt/ros/humble /usr/bin/cmake /home/saifa/Desktop/Fun4/src/custom_interface -DCMAKE_INSTALL_PREFIX=/home/saifa/Desktop/Fun4/install/custom_interface
[0.351s] DEBUG:colcon.colcon_core.event_handler.log_command:Invoking command in '/home/saifa/Desktop/Fun4/build/example_description': CMAKE_PREFIX_PATH=${CMAKE_PREFIX_PATH}:/home/saifa/mc_ros_ws/install/sensor_msgs_py:/opt/ros/humble /usr/bin/cmake --build /home/saifa/Desktop/Fun4/build/example_description -- -j16 -l16
[0.354s] DEBUG:colcon.colcon_core.event_handler.log_command:Invoking command in '/home/saifa/Desktop/Fun4/build/fun4': CMAKE_PREFIX_PATH=${CMAKE_PREFIX_PATH}:/home/saifa/mc_ros_ws/install/sensor_msgs_py:/opt/ros/humble /usr/bin/cmake --build /home/saifa/Desktop/Fun4/build/fun4 -- -j16 -l16
[0.717s] DEBUG:colcon.colcon_core.event_handler.log_command:Invoked command in '/home/saifa/Desktop/Fun4/build/example_description' returned '0': CMAKE_PREFIX_PATH=${CMAKE_PREFIX_PATH}:/home/saifa/mc_ros_ws/install/sensor_msgs_py:/opt/ros/humble /usr/bin/cmake --build /home/saifa/Desktop/Fun4/build/example_description -- -j16 -l16
[0.729s] DEBUG:colcon.colcon_core.event_handler.log_command:Invoked command in '/home/saifa/Desktop/Fun4/build/fun4' returned '0': CMAKE_PREFIX_PATH=${CMAKE_PREFIX_PATH}:/home/saifa/mc_ros_ws/install/sensor_msgs_py:/opt/ros/humble /usr/bin/cmake --build /home/saifa/Desktop/Fun4/build/fun4 -- -j16 -l16
[0.777s] DEBUG:colcon.colcon_core.event_handler.log_command:Invoking command in '/home/saifa/Desktop/Fun4/build/example_description': CMAKE_PREFIX_PATH=${CMAKE_PREFIX_PATH}:/home/saifa/mc_ros_ws/install/sensor_msgs_py:/opt/ros/humble /usr/bin/cmake --install /home/saifa/Desktop/Fun4/build/example_description
[0.779s] DEBUG:colcon.colcon_core.event_handler.log_command:Invoking command in '/home/saifa/Desktop/Fun4/build/fun4': CMAKE_PREFIX_PATH=${CMAKE_PREFIX_PATH}:/home/saifa/mc_ros_ws/install/sensor_msgs_py:/opt/ros/humble /usr/bin/cmake --install /home/saifa/Desktop/Fun4/build/fun4
[0.838s] Level 1:colcon.colcon_core.environment:create_environment_scripts_only(fun4)
[0.838s] DEBUG:colcon.colcon_core.event_handler.log_command:Invoked command in '/home/saifa/Desktop/Fun4/build/fun4' returned '0': CMAKE_PREFIX_PATH=${CMAKE_PREFIX_PATH}:/home/saifa/mc_ros_ws/install/sensor_msgs_py:/opt/ros/humble /usr/bin/cmake --install /home/saifa/Desktop/Fun4/build/fun4
[0.840s] Level 1:colcon.colcon_core.environment:checking '/home/saifa/Desktop/Fun4/install/fun4' for CMake module files
[0.841s] Level 1:colcon.colcon_core.environment:checking '/home/saifa/Desktop/Fun4/install/fun4' for CMake config files
[0.841s] Level 1:colcon.colcon_core.shell:create_environment_hook('fun4', 'cmake_prefix_path')
[0.841s] INFO:colcon.colcon_core.shell:Creating environment hook '/home/saifa/Desktop/Fun4/install/fun4/share/fun4/hook/cmake_prefix_path.ps1'
[0.842s] INFO:colcon.colcon_core.shell:Creating environment descriptor '/home/saifa/Desktop/Fun4/install/fun4/share/fun4/hook/cmake_prefix_path.dsv'
[0.842s] INFO:colcon.colcon_core.shell:Creating environment hook '/home/saifa/Desktop/Fun4/install/fun4/share/fun4/hook/cmake_prefix_path.sh'
[0.843s] Level 1:colcon.colcon_core.environment:checking '/home/saifa/Desktop/Fun4/install/fun4/lib'
[0.843s] Level 1:colcon.colcon_core.environment:checking '/home/saifa/Desktop/Fun4/install/fun4/bin'
[0.843s] Level 1:colcon.colcon_core.environment:checking '/home/saifa/Desktop/Fun4/install/fun4/lib/pkgconfig/fun4.pc'
[0.843s] Level 1:colcon.colcon_core.environment:checking '/home/saifa/Desktop/Fun4/install/fun4/lib/python3.10/site-packages'
[0.843s] Level 1:colcon.colcon_core.environment:checking '/home/saifa/Desktop/Fun4/install/fun4/bin'
[0.843s] INFO:colcon.colcon_core.shell:Creating package script '/home/saifa/Desktop/Fun4/install/fun4/share/fun4/package.ps1'
[0.844s] INFO:colcon.colcon_core.shell:Creating package descriptor '/home/saifa/Desktop/Fun4/install/fun4/share/fun4/package.dsv'
[0.844s] INFO:colcon.colcon_core.shell:Creating package script '/home/saifa/Desktop/Fun4/install/fun4/share/fun4/package.sh'
[0.845s] INFO:colcon.colcon_core.shell:Creating package script '/home/saifa/Desktop/Fun4/install/fun4/share/fun4/package.bash'
[0.845s] INFO:colcon.colcon_core.shell:Creating package script '/home/saifa/Desktop/Fun4/install/fun4/share/fun4/package.zsh'
[0.846s] Level 1:colcon.colcon_core.environment:create_file_with_runtime_dependencies(/home/saifa/Desktop/Fun4/install/fun4/share/colcon-core/packages/fun4)
[0.847s] Level 1:colcon.colcon_core.environment:create_environment_scripts_only(example_description)
[0.847s] Level 1:colcon.colcon_core.environment:checking '/home/saifa/Desktop/Fun4/install/example_description' for CMake module files
[0.847s] DEBUG:colcon.colcon_core.event_handler.log_command:Invoked command in '/home/saifa/Desktop/Fun4/build/example_description' returned '0': CMAKE_PREFIX_PATH=${CMAKE_PREFIX_PATH}:/home/saifa/mc_ros_ws/install/sensor_msgs_py:/opt/ros/humble /usr/bin/cmake --install /home/saifa/Desktop/Fun4/build/example_description
[0.848s] Level 1:colcon.colcon_core.environment:checking '/home/saifa/Desktop/Fun4/install/example_description' for CMake config files
[0.848s] Level 1:colcon.colcon_core.shell:create_environment_hook('example_description', 'cmake_prefix_path')
[0.848s] INFO:colcon.colcon_core.shell:Creating environment hook '/home/saifa/Desktop/Fun4/install/example_description/share/example_description/hook/cmake_prefix_path.ps1'
[0.848s] INFO:colcon.colcon_core.shell:Creating environment descriptor '/home/saifa/Desktop/Fun4/install/example_description/share/example_description/hook/cmake_prefix_path.dsv'
[0.849s] INFO:colcon.colcon_core.shell:Creating environment hook '/home/saifa/Desktop/Fun4/install/example_description/share/example_description/hook/cmake_prefix_path.sh'
[0.849s] Level 1:colcon.colcon_core.environment:checking '/home/saifa/Desktop/Fun4/install/example_description/lib'
[0.849s] Level 1:colcon.colcon_core.environment:checking '/home/saifa/Desktop/Fun4/install/example_description/bin'
[0.849s] Level 1:colcon.colcon_core.environment:checking '/home/saifa/Desktop/Fun4/install/example_description/lib/pkgconfig/example_description.pc'
[0.849s] Level 1:colcon.colcon_core.environment:checking '/home/saifa/Desktop/Fun4/install/example_description/lib/python3.10/site-packages'
[0.849s] Level 1:colcon.colcon_core.environment:checking '/home/saifa/Desktop/Fun4/install/example_description/bin'
[0.850s] INFO:colcon.colcon_core.shell:Creating package script '/home/saifa/Desktop/Fun4/install/example_description/share/example_description/package.ps1'
[0.850s] INFO:colcon.colcon_core.shell:Creating package descriptor '/home/saifa/Desktop/Fun4/install/example_description/share/example_description/package.dsv'
[0.850s] INFO:colcon.colcon_core.shell:Creating package script '/home/saifa/Desktop/Fun4/install/example_description/share/example_description/package.sh'
[0.851s] INFO:colcon.colcon_core.shell:Creating package script '/home/saifa/Desktop/Fun4/install/example_description/share/example_description/package.bash'
[0.851s] INFO:colcon.colcon_core.shell:Creating package script '/home/saifa/Desktop/Fun4/install/example_description/share/example_description/package.zsh'
[0.851s] Level 1:colcon.colcon_core.environment:create_file_with_runtime_dependencies(/home/saifa/Desktop/Fun4/install/example_description/share/colcon-core/packages/example_description)
[0.892s] Level 1:colcon.colcon_core.environment:create_environment_scripts_only(fun4)
[0.893s] Level 1:colcon.colcon_core.environment:checking '/home/saifa/Desktop/Fun4/install/fun4' for CMake module files
[0.893s] Level 1:colcon.colcon_core.environment:checking '/home/saifa/Desktop/Fun4/install/fun4' for CMake config files
[0.893s] Level 1:colcon.colcon_core.shell:create_environment_hook('fun4', 'cmake_prefix_path')
[0.894s] INFO:colcon.colcon_core.shell:Creating environment hook '/home/saifa/Desktop/Fun4/install/fun4/share/fun4/hook/cmake_prefix_path.ps1'
[0.894s] INFO:colcon.colcon_core.shell:Creating environment descriptor '/home/saifa/Desktop/Fun4/install/fun4/share/fun4/hook/cmake_prefix_path.dsv'
[0.894s] INFO:colcon.colcon_core.shell:Creating environment hook '/home/saifa/Desktop/Fun4/install/fun4/share/fun4/hook/cmake_prefix_path.sh'
[0.895s] Level 1:colcon.colcon_core.environment:checking '/home/saifa/Desktop/Fun4/install/fun4/lib'
[0.895s] Level 1:colcon.colcon_core.environment:checking '/home/saifa/Desktop/Fun4/install/fun4/bin'
[0.895s] Level 1:colcon.colcon_core.environment:checking '/home/saifa/Desktop/Fun4/install/fun4/lib/pkgconfig/fun4.pc'
[0.895s] Level 1:colcon.colcon_core.environment:checking '/home/saifa/Desktop/Fun4/install/fun4/lib/python3.10/site-packages'
[0.895s] Level 1:colcon.colcon_core.environment:checking '/home/saifa/Desktop/Fun4/install/fun4/bin'
[0.895s] INFO:colcon.colcon_core.shell:Creating package script '/home/saifa/Desktop/Fun4/install/fun4/share/fun4/package.ps1'
[0.896s] INFO:colcon.colcon_core.shell:Creating package descriptor '/home/saifa/Desktop/Fun4/install/fun4/share/fun4/package.dsv'
[0.896s] INFO:colcon.colcon_core.shell:Creating package script '/home/saifa/Desktop/Fun4/install/fun4/share/fun4/package.sh'
[0.896s] INFO:colcon.colcon_core.shell:Creating package script '/home/saifa/Desktop/Fun4/install/fun4/share/fun4/package.bash'
[0.896s] INFO:colcon.colcon_core.shell:Creating package script '/home/saifa/Desktop/Fun4/install/fun4/share/fun4/package.zsh'
[0.897s] Level 1:colcon.colcon_core.environment:create_file_with_runtime_dependencies(/home/saifa/Desktop/Fun4/install/fun4/share/colcon-core/packages/fun4)
[0.898s] Level 1:colcon.colcon_core.environment:create_environment_scripts_only(example_description)
[0.898s] Level 1:colcon.colcon_core.environment:checking '/home/saifa/Desktop/Fun4/install/example_description' for CMake module files
[0.898s] Level 1:colcon.colcon_core.environment:checking '/home/saifa/Desktop/Fun4/install/example_description' for CMake config files
[0.898s] Level 1:colcon.colcon_core.shell:create_environment_hook('example_description', 'cmake_prefix_path')
[0.899s] INFO:colcon.colcon_core.shell:Creating environment hook '/home/saifa/Desktop/Fun4/install/example_description/share/example_description/hook/cmake_prefix_path.ps1'
[0.899s] INFO:colcon.colcon_core.shell:Creating environment descriptor '/home/saifa/Desktop/Fun4/install/example_description/share/example_description/hook/cmake_prefix_path.dsv'
[0.899s] INFO:colcon.colcon_core.shell:Creating environment hook '/home/saifa/Desktop/Fun4/install/example_description/share/example_description/hook/cmake_prefix_path.sh'
[0.900s] Level 1:colcon.colcon_core.environment:checking '/home/saifa/Desktop/Fun4/install/example_description/lib'
[0.900s] Level 1:colcon.colcon_core.environment:checking '/home/saifa/Desktop/Fun4/install/example_description/bin'
[0.900s] Level 1:colcon.colcon_core.environment:checking '/home/saifa/Desktop/Fun4/install/example_description/lib/pkgconfig/example_description.pc'
[0.900s] Level 1:colcon.colcon_core.environment:checking '/home/saifa/Desktop/Fun4/install/example_description/lib/python3.10/site-packages'
[0.900s] Level 1:colcon.colcon_core.environment:checking '/home/saifa/Desktop/Fun4/install/example_description/bin'
[0.900s] INFO:colcon.colcon_core.shell:Creating package script '/home/saifa/Desktop/Fun4/install/example_description/share/example_description/package.ps1'
[0.900s] INFO:colcon.colcon_core.shell:Creating package descriptor '/home/saifa/Desktop/Fun4/install/example_description/share/example_description/package.dsv'
[0.901s] INFO:colcon.colcon_core.shell:Creating package script '/home/saifa/Desktop/Fun4/install/example_description/share/example_description/package.sh'
[0.901s] INFO:colcon.colcon_core.shell:Creating package script '/home/saifa/Desktop/Fun4/install/example_description/share/example_description/package.bash'
[0.901s] INFO:colcon.colcon_core.shell:Creating package script '/home/saifa/Desktop/Fun4/install/example_description/share/example_description/package.zsh'
[0.902s] Level 1:colcon.colcon_core.environment:create_file_with_runtime_dependencies(/home/saifa/Desktop/Fun4/install/example_description/share/colcon-core/packages/example_description)
[1.539s] DEBUG:colcon.colcon_core.event_handler.log_command:Invoked command in '/home/saifa/Desktop/Fun4/build/custom_interface' returned '1': CMAKE_PREFIX_PATH=${CMAKE_PREFIX_PATH}:/home/saifa/mc_ros_ws/install/sensor_msgs_py:/opt/ros/humble /usr/bin/cmake /home/saifa/Desktop/Fun4/src/custom_interface -DCMAKE_INSTALL_PREFIX=/home/saifa/Desktop/Fun4/install/custom_interface
[1.554s] Level 1:colcon.colcon_core.environment:create_environment_scripts_only(custom_interface)
[1.555s] Level 1:colcon.colcon_core.environment:checking '/home/saifa/Desktop/Fun4/install/custom_interface' for CMake module files
[1.555s] Level 1:colcon.colcon_core.environment:checking '/home/saifa/Desktop/Fun4/install/custom_interface' for CMake config files
[1.555s] Level 1:colcon.colcon_core.environment:checking '/home/saifa/Desktop/Fun4/install/custom_interface/bin'
[1.555s] Level 1:colcon.colcon_core.environment:checking '/home/saifa/Desktop/Fun4/install/custom_interface/lib/pkgconfig/custom_interface.pc'
[1.555s] Level 1:colcon.colcon_core.environment:checking '/home/saifa/Desktop/Fun4/install/custom_interface/lib/python3.10/site-packages'
[1.556s] Level 1:colcon.colcon_core.environment:checking '/home/saifa/Desktop/Fun4/install/custom_interface/bin'
[1.556s] INFO:colcon.colcon_core.shell:Creating package script '/home/saifa/Desktop/Fun4/install/custom_interface/share/custom_interface/package.ps1'
[1.556s] INFO:colcon.colcon_core.shell:Creating package descriptor '/home/saifa/Desktop/Fun4/install/custom_interface/share/custom_interface/package.dsv'
[1.556s] INFO:colcon.colcon_core.shell:Creating package script '/home/saifa/Desktop/Fun4/install/custom_interface/share/custom_interface/package.sh'
[1.557s] INFO:colcon.colcon_core.shell:Creating package script '/home/saifa/Desktop/Fun4/install/custom_interface/share/custom_interface/package.bash'
[1.557s] INFO:colcon.colcon_core.shell:Creating package script '/home/saifa/Desktop/Fun4/install/custom_interface/share/custom_interface/package.zsh'
[1.557s] Level 1:colcon.colcon_core.environment:create_file_with_runtime_dependencies(/home/saifa/Desktop/Fun4/install/custom_interface/share/colcon-core/packages/custom_interface)
[1.567s] DEBUG:colcon.colcon_parallel_executor.executor.parallel:closing loop
[1.567s] DEBUG:colcon.colcon_parallel_executor.executor.parallel:loop closed
[1.568s] DEBUG:colcon.colcon_parallel_executor.executor.parallel:run_until_complete finished with '1'
[1.568s] DEBUG:colcon.colcon_core.event_reactor:joining thread
[1.573s] INFO:colcon.colcon_core.plugin_system:Skipping extension 'colcon_notification.desktop_notification.terminal_notifier': Not used on non-Darwin systems
[1.573s] INFO:colcon.colcon_core.plugin_system:Skipping extension 'colcon_notification.desktop_notification.win32': Not used on non-Windows systems
[1.573s] INFO:colcon.colcon_notification.desktop_notification:Sending desktop notification using 'notify2'
[1.581s] DEBUG:colcon.colcon_core.event_reactor:joined thread
[1.581s] INFO:colcon.colcon_core.shell:Creating prefix script '/home/saifa/Desktop/Fun4/install/local_setup.ps1'
[1.582s] INFO:colcon.colcon_core.shell:Creating prefix util module '/home/saifa/Desktop/Fun4/install/_local_setup_util_ps1.py'
[1.583s] INFO:colcon.colcon_core.shell:Creating prefix chain script '/home/saifa/Desktop/Fun4/install/setup.ps1'
[1.586s] INFO:colcon.colcon_core.shell:Creating prefix script '/home/saifa/Desktop/Fun4/install/local_setup.sh'
[1.586s] INFO:colcon.colcon_core.shell:Creating prefix util module '/home/saifa/Desktop/Fun4/install/_local_setup_util_sh.py'
[1.587s] INFO:colcon.colcon_core.shell:Creating prefix chain script '/home/saifa/Desktop/Fun4/install/setup.sh'
[1.589s] INFO:colcon.colcon_core.shell:Creating prefix script '/home/saifa/Desktop/Fun4/install/local_setup.bash'
[1.589s] INFO:colcon.colcon_core.shell:Creating prefix chain script '/home/saifa/Desktop/Fun4/install/setup.bash'
[1.592s] INFO:colcon.colcon_core.shell:Creating prefix script '/home/saifa/Desktop/Fun4/install/local_setup.zsh'
[1.592s] INFO:colcon.colcon_core.shell:Creating prefix chain script '/home/saifa/Desktop/Fun4/install/setup.zsh'
