-- The C compiler identification is GNU 11.4.0
-- The CXX compiler identification is GNU 11.4.0
-- Detecting C compiler ABI info
-- Detecting C compiler ABI info - done
-- Check for working C compiler: /usr/bin/cc - skipped
-- Detecting C compile features
-- Detecting C compile features - done
-- Detecting CXX compiler ABI info
-- Detecting CXX compiler ABI info - done
-- Check for working CXX compiler: /usr/bin/c++ - skipped
-- Detecting CXX compile features
-- Detecting CXX compile features - done
-- Found ament_cmake: 1.3.10 (/opt/ros/humble/share/ament_cmake/cmake)
-- Found Python3: /usr/bin/python3 (found version "3.10.12") found components: Interpreter 
-- Found rclcpp: 16.0.10 (/opt/ros/humble/share/rclcpp/cmake)
-- Found rosidl_generator_c: 3.1.5 (/opt/ros/humble/share/rosidl_generator_c/cmake)
-- Found rosidl_adapter: 3.1.5 (/opt/ros/humble/share/rosidl_adapter/cmake)
-- Found rosidl_generator_cpp: 3.1.5 (/opt/ros/humble/share/rosidl_generator_cpp/cmake)
-- Using all available rosidl_typesupport_c: rosidl_typesupport_microxrcedds_c;rosidl_typesupport_fastrtps_c;rosidl_typesupport_introspection_c
-- Using all available rosidl_typesupport_cpp: rosidl_typesupport_microxrcedds_cpp;rosidl_typesupport_fastrtps_cpp;rosidl_typesupport_introspection_cpp
-- Found rmw_implementation_cmake: 6.1.2 (/opt/ros/humble/share/rmw_implementation_cmake/cmake)
-- Found rmw_fastrtps_cpp: 6.2.7 (/opt/ros/humble/share/rmw_fastrtps_cpp/cmake)
-- Found OpenSSL: /usr/lib/x86_64-linux-gnu/libcrypto.so (found version "3.0.2")  
-- Found FastRTPS: /opt/ros/humble/include  
-- Using RMW implementation 'rmw_fastrtps_cpp' as default
-- Looking for pthread.h
-- Looking for pthread.h - found
-- Performing Test CMAKE_HAVE_LIBC_PTHREAD
-- Performing Test CMAKE_HAVE_LIBC_PTHREAD - Success
-- Found Threads: TRUE  
-- Found rclpy: 3.3.14 (/opt/ros/humble/share/rclpy/cmake)
WARNING: Package name "Fun4" does not follow the naming conventions. It should start with a lower case letter and only contain lower case letters, digits, underscores, and dashes.
WARNING: Package name "Fun4" does not follow the naming conventions. It should start with a lower case letter and only contain lower case letters, digits, underscores, and dashes.
-- Configuring done
-- Generating done
-- Build files have been written to: /home/saifa/Desktop/Fun4/build/Fun4
[ 50%] [32mBuilding CXX object CMakeFiles/cpp_node_test.dir/src/cpp_node.cpp.o[0m
[ 50%] Built target ament_cmake_python_copy_Fun4
running egg_info
creating Fun4.egg-info
writing Fun4.egg-info/PKG-INFO
writing dependency_links to Fun4.egg-info/dependency_links.txt
writing top-level names to Fun4.egg-info/top_level.txt
writing manifest file 'Fun4.egg-info/SOURCES.txt'
reading manifest file 'Fun4.egg-info/SOURCES.txt'
writing manifest file 'Fun4.egg-info/SOURCES.txt'
[100%] [32m[1mLinking CXX executable cpp_node_test[0m
[100%] Built target ament_cmake_python_build_Fun4_egg
[100%] Built target cpp_node_test
-- Install configuration: ""
-- Installing: /home/saifa/Desktop/Fun4/install/Fun4/share/Fun4/environment/pythonpath.sh
-- Installing: /home/saifa/Desktop/Fun4/install/Fun4/share/Fun4/environment/pythonpath.dsv
-- Installing: /home/saifa/Desktop/Fun4/install/Fun4/local/lib/python3.10/dist-packages/Fun4-0.0.0-py3.10.egg-info
-- Installing: /home/saifa/Desktop/Fun4/install/Fun4/local/lib/python3.10/dist-packages/Fun4-0.0.0-py3.10.egg-info/top_level.txt
-- Installing: /home/saifa/Desktop/Fun4/install/Fun4/local/lib/python3.10/dist-packages/Fun4-0.0.0-py3.10.egg-info/SOURCES.txt
-- Installing: /home/saifa/Desktop/Fun4/install/Fun4/local/lib/python3.10/dist-packages/Fun4-0.0.0-py3.10.egg-info/dependency_links.txt
-- Installing: /home/saifa/Desktop/Fun4/install/Fun4/local/lib/python3.10/dist-packages/Fun4-0.0.0-py3.10.egg-info/PKG-INFO
-- Installing: /home/saifa/Desktop/Fun4/install/Fun4/local/lib/python3.10/dist-packages/Fun4
-- Installing: /home/saifa/Desktop/Fun4/install/Fun4/local/lib/python3.10/dist-packages/Fun4/__init__.py
-- Installing: /home/saifa/Desktop/Fun4/install/Fun4/local/lib/python3.10/dist-packages/Fun4/dummy_module.py
Listing '/home/saifa/Desktop/Fun4/install/Fun4/local/lib/python3.10/dist-packages/Fun4'...
Compiling '/home/saifa/Desktop/Fun4/install/Fun4/local/lib/python3.10/dist-packages/Fun4/__init__.py'...
Compiling '/home/saifa/Desktop/Fun4/install/Fun4/local/lib/python3.10/dist-packages/Fun4/dummy_module.py'...
-- Installing: /home/saifa/Desktop/Fun4/install/Fun4/lib/Fun4/dummy_script.py
-- Installing: /home/saifa/Desktop/Fun4/install/Fun4/lib/Fun4/cpp_node_test
-- Set runtime path of "/home/saifa/Desktop/Fun4/install/Fun4/lib/Fun4/cpp_node_test" to ""
-- Up-to-date: /home/saifa/Desktop/Fun4/install/Fun4/share/Fun4
-- Installing: /home/saifa/Desktop/Fun4/install/Fun4/share/ament_index/resource_index/package_run_dependencies/Fun4
-- Installing: /home/saifa/Desktop/Fun4/install/Fun4/share/ament_index/resource_index/parent_prefix_path/Fun4
-- Installing: /home/saifa/Desktop/Fun4/install/Fun4/share/Fun4/environment/ament_prefix_path.sh
-- Installing: /home/saifa/Desktop/Fun4/install/Fun4/share/Fun4/environment/ament_prefix_path.dsv
-- Installing: /home/saifa/Desktop/Fun4/install/Fun4/share/Fun4/environment/path.sh
-- Installing: /home/saifa/Desktop/Fun4/install/Fun4/share/Fun4/environment/path.dsv
-- Installing: /home/saifa/Desktop/Fun4/install/Fun4/share/Fun4/local_setup.bash
-- Installing: /home/saifa/Desktop/Fun4/install/Fun4/share/Fun4/local_setup.sh
-- Installing: /home/saifa/Desktop/Fun4/install/Fun4/share/Fun4/local_setup.zsh
-- Installing: /home/saifa/Desktop/Fun4/install/Fun4/share/Fun4/local_setup.dsv
-- Installing: /home/saifa/Desktop/Fun4/install/Fun4/share/Fun4/package.dsv
-- Installing: /home/saifa/Desktop/Fun4/install/Fun4/share/ament_index/resource_index/packages/Fun4
-- Installing: /home/saifa/Desktop/Fun4/install/Fun4/share/Fun4/cmake/Fun4Config.cmake
-- Installing: /home/saifa/Desktop/Fun4/install/Fun4/share/Fun4/cmake/Fun4Config-version.cmake
-- Installing: /home/saifa/Desktop/Fun4/install/Fun4/share/Fun4/package.xml
