[0.013s] Invoking command in '/home/saifa/Desktop/Fun4/build/Fun4': CMAKE_PREFIX_PATH=${CMAKE_PREFIX_PATH}:/home/saifa/mc_ros_ws/install/sensor_msgs_py:/opt/ros/humble /usr/bin/cmake /home/saifa/Desktop/Fun4/src/Fun4 -DCMAKE_INSTALL_PREFIX=/home/saifa/Desktop/Fun4/install/Fun4
[0.103s] -- The C compiler identification is GNU 11.4.0
[0.186s] -- The CXX compiler identification is GNU 11.4.0
[0.197s] -- Detecting C compiler ABI info
[0.288s] -- Detecting C compiler ABI info - done
[0.297s] -- Check for working C compiler: /usr/bin/cc - skipped
[0.297s] -- Detecting C compile features
[0.298s] -- Detecting C compile features - done
[0.302s] -- Detecting CXX compiler ABI info
[0.406s] -- Detecting CXX compiler ABI info - done
[0.415s] -- Check for working CXX compiler: /usr/bin/c++ - skipped
[0.415s] -- Detecting CXX compile features
[0.416s] -- Detecting CXX compile features - done
[0.429s] -- Found ament_cmake: 1.3.10 (/opt/ros/humble/share/ament_cmake/cmake)
[0.652s] -- Found Python3: /usr/bin/python3 (found version "3.10.12") found components: Interpreter 
[0.904s] -- Found rclcpp: 16.0.10 (/opt/ros/humble/share/rclcpp/cmake)
[1.013s] -- Found rosidl_generator_c: 3.1.5 (/opt/ros/humble/share/rosidl_generator_c/cmake)
[1.030s] -- Found rosidl_adapter: 3.1.5 (/opt/ros/humble/share/rosidl_adapter/cmake)
[1.050s] -- Found rosidl_generator_cpp: 3.1.5 (/opt/ros/humble/share/rosidl_generator_cpp/cmake)
[1.077s] -- Using all available rosidl_typesupport_c: rosidl_typesupport_microxrcedds_c;rosidl_typesupport_fastrtps_c;rosidl_typesupport_introspection_c
[1.126s] -- Using all available rosidl_typesupport_cpp: rosidl_typesupport_microxrcedds_cpp;rosidl_typesupport_fastrtps_cpp;rosidl_typesupport_introspection_cpp
[1.239s] -- Found rmw_implementation_cmake: 6.1.2 (/opt/ros/humble/share/rmw_implementation_cmake/cmake)
[1.251s] -- Found rmw_fastrtps_cpp: 6.2.7 (/opt/ros/humble/share/rmw_fastrtps_cpp/cmake)
[1.415s] -- Found OpenSSL: /usr/lib/x86_64-linux-gnu/libcrypto.so (found version "3.0.2")  
[1.453s] -- Found FastRTPS: /opt/ros/humble/include  
[1.509s] -- Using RMW implementation 'rmw_fastrtps_cpp' as default
[1.535s] -- Looking for pthread.h
[1.627s] -- Looking for pthread.h - found
[1.627s] -- Performing Test CMAKE_HAVE_LIBC_PTHREAD
[1.716s] -- Performing Test CMAKE_HAVE_LIBC_PTHREAD - Success
[1.717s] -- Found Threads: TRUE  
[1.803s] -- Found rclpy: 3.3.14 (/opt/ros/humble/share/rclpy/cmake)
[1.889s] WARNING: Package name "Fun4" does not follow the naming conventions. It should start with a lower case letter and only contain lower case letters, digits, underscores, and dashes.
[1.957s] WARNING: Package name "Fun4" does not follow the naming conventions. It should start with a lower case letter and only contain lower case letters, digits, underscores, and dashes.
[1.969s] -- Configuring done
[1.978s] -- Generating done
[1.980s] -- Build files have been written to: /home/saifa/Desktop/Fun4/build/Fun4
[1.990s] Invoked command in '/home/saifa/Desktop/Fun4/build/Fun4' returned '0': CMAKE_PREFIX_PATH=${CMAKE_PREFIX_PATH}:/home/saifa/mc_ros_ws/install/sensor_msgs_py:/opt/ros/humble /usr/bin/cmake /home/saifa/Desktop/Fun4/src/Fun4 -DCMAKE_INSTALL_PREFIX=/home/saifa/Desktop/Fun4/install/Fun4
[1.992s] Invoking command in '/home/saifa/Desktop/Fun4/build/Fun4': CMAKE_PREFIX_PATH=${CMAKE_PREFIX_PATH}:/home/saifa/mc_ros_ws/install/sensor_msgs_py:/opt/ros/humble /usr/bin/cmake --build /home/saifa/Desktop/Fun4/build/Fun4 -- -j16 -l16
[2.059s] [ 50%] [32mBuilding CXX object CMakeFiles/cpp_node_test.dir/src/cpp_node.cpp.o[0m
[2.070s] [ 50%] Built target ament_cmake_python_copy_Fun4
[2.298s] running egg_info
[2.298s] creating Fun4.egg-info
[2.298s] writing Fun4.egg-info/PKG-INFO
[2.298s] writing dependency_links to Fun4.egg-info/dependency_links.txt
[2.298s] writing top-level names to Fun4.egg-info/top_level.txt
[2.299s] writing manifest file 'Fun4.egg-info/SOURCES.txt'
[2.300s] reading manifest file 'Fun4.egg-info/SOURCES.txt'
[2.300s] writing manifest file 'Fun4.egg-info/SOURCES.txt'
[2.303s] [100%] [32m[1mLinking CXX executable cpp_node_test[0m
[2.329s] [100%] Built target ament_cmake_python_build_Fun4_egg
[2.390s] [100%] Built target cpp_node_test
[2.405s] Invoked command in '/home/saifa/Desktop/Fun4/build/Fun4' returned '0': CMAKE_PREFIX_PATH=${CMAKE_PREFIX_PATH}:/home/saifa/mc_ros_ws/install/sensor_msgs_py:/opt/ros/humble /usr/bin/cmake --build /home/saifa/Desktop/Fun4/build/Fun4 -- -j16 -l16
[2.463s] Invoking command in '/home/saifa/Desktop/Fun4/build/Fun4': CMAKE_PREFIX_PATH=${CMAKE_PREFIX_PATH}:/home/saifa/mc_ros_ws/install/sensor_msgs_py:/opt/ros/humble /usr/bin/cmake --install /home/saifa/Desktop/Fun4/build/Fun4
[2.472s] -- Install configuration: ""
[2.472s] -- Installing: /home/saifa/Desktop/Fun4/install/Fun4/share/Fun4/environment/pythonpath.sh
[2.472s] -- Installing: /home/saifa/Desktop/Fun4/install/Fun4/share/Fun4/environment/pythonpath.dsv
[2.472s] -- Installing: /home/saifa/Desktop/Fun4/install/Fun4/local/lib/python3.10/dist-packages/Fun4-0.0.0-py3.10.egg-info
[2.472s] -- Installing: /home/saifa/Desktop/Fun4/install/Fun4/local/lib/python3.10/dist-packages/Fun4-0.0.0-py3.10.egg-info/top_level.txt
[2.472s] -- Installing: /home/saifa/Desktop/Fun4/install/Fun4/local/lib/python3.10/dist-packages/Fun4-0.0.0-py3.10.egg-info/SOURCES.txt
[2.473s] -- Installing: /home/saifa/Desktop/Fun4/install/Fun4/local/lib/python3.10/dist-packages/Fun4-0.0.0-py3.10.egg-info/dependency_links.txt
[2.473s] -- Installing: /home/saifa/Desktop/Fun4/install/Fun4/local/lib/python3.10/dist-packages/Fun4-0.0.0-py3.10.egg-info/PKG-INFO
[2.473s] -- Installing: /home/saifa/Desktop/Fun4/install/Fun4/local/lib/python3.10/dist-packages/Fun4
[2.473s] -- Installing: /home/saifa/Desktop/Fun4/install/Fun4/local/lib/python3.10/dist-packages/Fun4/__init__.py
[2.473s] -- Installing: /home/saifa/Desktop/Fun4/install/Fun4/local/lib/python3.10/dist-packages/Fun4/dummy_module.py
[2.511s] Listing '/home/saifa/Desktop/Fun4/install/Fun4/local/lib/python3.10/dist-packages/Fun4'...
[2.511s] Compiling '/home/saifa/Desktop/Fun4/install/Fun4/local/lib/python3.10/dist-packages/Fun4/__init__.py'...
[2.511s] Compiling '/home/saifa/Desktop/Fun4/install/Fun4/local/lib/python3.10/dist-packages/Fun4/dummy_module.py'...
[2.514s] -- Installing: /home/saifa/Desktop/Fun4/install/Fun4/lib/Fun4/dummy_script.py
[2.514s] -- Installing: /home/saifa/Desktop/Fun4/install/Fun4/lib/Fun4/cpp_node_test
[2.515s] -- Set runtime path of "/home/saifa/Desktop/Fun4/install/Fun4/lib/Fun4/cpp_node_test" to ""
[2.515s] -- Up-to-date: /home/saifa/Desktop/Fun4/install/Fun4/share/Fun4
[2.515s] -- Installing: /home/saifa/Desktop/Fun4/install/Fun4/share/ament_index/resource_index/package_run_dependencies/Fun4
[2.515s] -- Installing: /home/saifa/Desktop/Fun4/install/Fun4/share/ament_index/resource_index/parent_prefix_path/Fun4
[2.515s] -- Installing: /home/saifa/Desktop/Fun4/install/Fun4/share/Fun4/environment/ament_prefix_path.sh
[2.515s] -- Installing: /home/saifa/Desktop/Fun4/install/Fun4/share/Fun4/environment/ament_prefix_path.dsv
[2.515s] -- Installing: /home/saifa/Desktop/Fun4/install/Fun4/share/Fun4/environment/path.sh
[2.515s] -- Installing: /home/saifa/Desktop/Fun4/install/Fun4/share/Fun4/environment/path.dsv
[2.516s] -- Installing: /home/saifa/Desktop/Fun4/install/Fun4/share/Fun4/local_setup.bash
[2.516s] -- Installing: /home/saifa/Desktop/Fun4/install/Fun4/share/Fun4/local_setup.sh
[2.516s] -- Installing: /home/saifa/Desktop/Fun4/install/Fun4/share/Fun4/local_setup.zsh
[2.516s] -- Installing: /home/saifa/Desktop/Fun4/install/Fun4/share/Fun4/local_setup.dsv
[2.516s] -- Installing: /home/saifa/Desktop/Fun4/install/Fun4/share/Fun4/package.dsv
[2.516s] -- Installing: /home/saifa/Desktop/Fun4/install/Fun4/share/ament_index/resource_index/packages/Fun4
[2.516s] -- Installing: /home/saifa/Desktop/Fun4/install/Fun4/share/Fun4/cmake/Fun4Config.cmake
[2.517s] -- Installing: /home/saifa/Desktop/Fun4/install/Fun4/share/Fun4/cmake/Fun4Config-version.cmake
[2.517s] -- Installing: /home/saifa/Desktop/Fun4/install/Fun4/share/Fun4/package.xml
[2.519s] Invoked command in '/home/saifa/Desktop/Fun4/build/Fun4' returned '0': CMAKE_PREFIX_PATH=${CMAKE_PREFIX_PATH}:/home/saifa/mc_ros_ws/install/sensor_msgs_py:/opt/ros/humble /usr/bin/cmake --install /home/saifa/Desktop/Fun4/build/Fun4
