-- Found ament_cmake: 1.3.10 (/opt/ros/humble/share/ament_cmake/cmake)
-- Found rclcpp: 16.0.10 (/opt/ros/humble/share/rclcpp/cmake)
-- Found rosidl_generator_c: 3.1.5 (/opt/ros/humble/share/rosidl_generator_c/cmake)
-- Found rosidl_adapter: 3.1.5 (/opt/ros/humble/share/rosidl_adapter/cmake)
-- Found rosidl_generator_cpp: 3.1.5 (/opt/ros/humble/share/rosidl_generator_cpp/cmake)
-- Using all available rosidl_typesupport_c: rosidl_typesupport_microxrcedds_c;rosidl_typesupport_fastrtps_c;rosidl_typesupport_introspection_c
-- Using all available rosidl_typesupport_cpp: rosidl_typesupport_microxrcedds_cpp;rosidl_typesupport_fastrtps_cpp;rosidl_typesupport_introspection_cpp
-- Found rmw_implementation_cmake: 6.1.2 (/opt/ros/humble/share/rmw_implementation_cmake/cmake)
-- Found rmw_fastrtps_cpp: 6.2.7 (/opt/ros/humble/share/rmw_fastrtps_cpp/cmake)
-- Using RMW implementation 'rmw_fastrtps_cpp' as default
-- Found rclpy: 3.3.14 (/opt/ros/humble/share/rclpy/cmake)
-- Configuring done
-- Generating done
-- Build files have been written to: /home/saifa/Desktop/Fun4/build/fun4
[35m[1mConsolidate compiler generated dependencies of target cpp_node_test[0m
[100%] Built target cpp_node_test
[100%] Built target ament_cmake_python_copy_fun4
running egg_info
writing fun4.egg-info/PKG-INFO
writing dependency_links to fun4.egg-info/dependency_links.txt
writing top-level names to fun4.egg-info/top_level.txt
reading manifest file 'fun4.egg-info/SOURCES.txt'
writing manifest file 'fun4.egg-info/SOURCES.txt'
[100%] Built target ament_cmake_python_build_fun4_egg
-- Install configuration: ""
-- Up-to-date: /home/saifa/Desktop/Fun4/install/fun4/share/fun4/environment/pythonpath.sh
-- Installing: /home/saifa/Desktop/Fun4/install/fun4/share/fun4/environment/pythonpath.dsv
-- Up-to-date: /home/saifa/Desktop/Fun4/install/fun4/local/lib/python3.10/dist-packages/fun4-0.0.0-py3.10.egg-info
-- Installing: /home/saifa/Desktop/Fun4/install/fun4/local/lib/python3.10/dist-packages/fun4-0.0.0-py3.10.egg-info/top_level.txt
-- Installing: /home/saifa/Desktop/Fun4/install/fun4/local/lib/python3.10/dist-packages/fun4-0.0.0-py3.10.egg-info/SOURCES.txt
-- Installing: /home/saifa/Desktop/Fun4/install/fun4/local/lib/python3.10/dist-packages/fun4-0.0.0-py3.10.egg-info/dependency_links.txt
-- Installing: /home/saifa/Desktop/Fun4/install/fun4/local/lib/python3.10/dist-packages/fun4-0.0.0-py3.10.egg-info/PKG-INFO
-- Up-to-date: /home/saifa/Desktop/Fun4/install/fun4/local/lib/python3.10/dist-packages/fun4
-- Up-to-date: /home/saifa/Desktop/Fun4/install/fun4/local/lib/python3.10/dist-packages/fun4/__init__.py
-- Up-to-date: /home/saifa/Desktop/Fun4/install/fun4/local/lib/python3.10/dist-packages/fun4/dummy_module.py
Listing '/home/saifa/Desktop/Fun4/install/fun4/local/lib/python3.10/dist-packages/fun4'...
-- Up-to-date: /home/saifa/Desktop/Fun4/install/fun4/lib/fun4/dummy_script.py
-- Up-to-date: /home/saifa/Desktop/Fun4/install/fun4/lib/fun4/example_state.py
-- Up-to-date: /home/saifa/Desktop/Fun4/install/fun4/lib/fun4/Random.py
-- Installing: /home/saifa/Desktop/Fun4/install/fun4/lib/fun4/controller.py
-- Up-to-date: /home/saifa/Desktop/Fun4/install/fun4/lib/fun4/cpp_node_test
-- Up-to-date: /home/saifa/Desktop/Fun4/install/fun4/share/fun4/launch
-- Up-to-date: /home/saifa/Desktop/Fun4/install/fun4/share/fun4/launch/simple_fun4.launch.py
-- Up-to-date: /home/saifa/Desktop/Fun4/install/fun4/share/ament_index/resource_index/package_run_dependencies/fun4
-- Up-to-date: /home/saifa/Desktop/Fun4/install/fun4/share/ament_index/resource_index/parent_prefix_path/fun4
-- Up-to-date: /home/saifa/Desktop/Fun4/install/fun4/share/fun4/environment/ament_prefix_path.sh
-- Installing: /home/saifa/Desktop/Fun4/install/fun4/share/fun4/environment/ament_prefix_path.dsv
-- Up-to-date: /home/saifa/Desktop/Fun4/install/fun4/share/fun4/environment/path.sh
-- Installing: /home/saifa/Desktop/Fun4/install/fun4/share/fun4/environment/path.dsv
-- Up-to-date: /home/saifa/Desktop/Fun4/install/fun4/share/fun4/local_setup.bash
-- Up-to-date: /home/saifa/Desktop/Fun4/install/fun4/share/fun4/local_setup.sh
-- Up-to-date: /home/saifa/Desktop/Fun4/install/fun4/share/fun4/local_setup.zsh
-- Installing: /home/saifa/Desktop/Fun4/install/fun4/share/fun4/local_setup.dsv
-- Installing: /home/saifa/Desktop/Fun4/install/fun4/share/fun4/package.dsv
-- Up-to-date: /home/saifa/Desktop/Fun4/install/fun4/share/ament_index/resource_index/packages/fun4
-- Up-to-date: /home/saifa/Desktop/Fun4/install/fun4/share/fun4/cmake/fun4Config.cmake
-- Up-to-date: /home/saifa/Desktop/Fun4/install/fun4/share/fun4/cmake/fun4Config-version.cmake
-- Up-to-date: /home/saifa/Desktop/Fun4/install/fun4/share/fun4/package.xml
