-- Found ament_cmake: 1.3.10 (/opt/ros/humble/share/ament_cmake/cmake)
-- Found rclcpp: 16.0.10 (/opt/ros/humble/share/rclcpp/cmake)
-- Found rosidl_generator_c: 3.1.5 (/opt/ros/humble/share/rosidl_generator_c/cmake)
-- Found rosidl_adapter: 3.1.5 (/opt/ros/humble/share/rosidl_adapter/cmake)
-- Found rosidl_generator_cpp: 3.1.5 (/opt/ros/humble/share/rosidl_generator_cpp/cmake)
-- Using all available rosidl_typesupport_c: rosidl_typesupport_microxrcedds_c;rosidl_typesupport_fastrtps_c;rosidl_typesupport_introspection_c
-- Using all available rosidl_typesupport_cpp: rosidl_typesupport_microxrcedds_cpp;rosidl_typesupport_fastrtps_cpp;rosidl_typesupport_introspection_cpp
-- Found rmw_implementation_cmake: 6.1.2 (/opt/ros/humble/share/rmw_implementation_cmake/cmake)
-- Found rmw_fastrtps_cpp: 6.2.7 (/opt/ros/humble/share/rmw_fastrtps_cpp/cmake)
-- Using RMW implementation 'rmw_fastrtps_cpp' as default
-- Found rclpy: 3.3.14 (/opt/ros/humble/share/rclpy/cmake)
WARNING: Package name "Fun4" does not follow the naming conventions. It should start with a lower case letter and only contain lower case letters, digits, underscores, and dashes.
WARNING: Package name "Fun4" does not follow the naming conventions. It should start with a lower case letter and only contain lower case letters, digits, underscores, and dashes.
-- Configuring done
-- Generating done
-- Build files have been written to: /home/saifa/Desktop/Fun4/build/Fun4
[35m[1mConsolidate compiler generated dependencies of target cpp_node_test[0m
[100%] Built target cpp_node_test
[100%] Built target ament_cmake_python_copy_Fun4
running egg_info
writing Fun4.egg-info/PKG-INFO
writing dependency_links to Fun4.egg-info/dependency_links.txt
writing top-level names to Fun4.egg-info/top_level.txt
reading manifest file 'Fun4.egg-info/SOURCES.txt'
writing manifest file 'Fun4.egg-info/SOURCES.txt'
[100%] Built target ament_cmake_python_build_Fun4_egg
-- Install configuration: ""
-- Up-to-date: /home/saifa/Desktop/Fun4/install/Fun4/share/Fun4/environment/pythonpath.sh
-- Installing: /home/saifa/Desktop/Fun4/install/Fun4/share/Fun4/environment/pythonpath.dsv
-- Up-to-date: /home/saifa/Desktop/Fun4/install/Fun4/local/lib/python3.10/dist-packages/Fun4-0.0.0-py3.10.egg-info
-- Installing: /home/saifa/Desktop/Fun4/install/Fun4/local/lib/python3.10/dist-packages/Fun4-0.0.0-py3.10.egg-info/top_level.txt
-- Installing: /home/saifa/Desktop/Fun4/install/Fun4/local/lib/python3.10/dist-packages/Fun4-0.0.0-py3.10.egg-info/SOURCES.txt
-- Installing: /home/saifa/Desktop/Fun4/install/Fun4/local/lib/python3.10/dist-packages/Fun4-0.0.0-py3.10.egg-info/dependency_links.txt
-- Installing: /home/saifa/Desktop/Fun4/install/Fun4/local/lib/python3.10/dist-packages/Fun4-0.0.0-py3.10.egg-info/PKG-INFO
-- Up-to-date: /home/saifa/Desktop/Fun4/install/Fun4/local/lib/python3.10/dist-packages/Fun4
-- Up-to-date: /home/saifa/Desktop/Fun4/install/Fun4/local/lib/python3.10/dist-packages/Fun4/__init__.py
-- Up-to-date: /home/saifa/Desktop/Fun4/install/Fun4/local/lib/python3.10/dist-packages/Fun4/dummy_module.py
Listing '/home/saifa/Desktop/Fun4/install/Fun4/local/lib/python3.10/dist-packages/Fun4'...
-- Up-to-date: /home/saifa/Desktop/Fun4/install/Fun4/lib/Fun4/dummy_script.py
[31mCMake Error at cmake_install.cmake:70 (file):
  file INSTALL cannot find
  "/home/saifa/Desktop/Fun4/src/Fun4/scripts/exmple_node.py": No such file or
  directory.

[0m
