[0.014s] Invoking command in '/home/saifa/Desktop/Fun4/build/Fun4': CMAKE_PREFIX_PATH=${CMAKE_PREFIX_PATH}:/home/saifa/mc_ros_ws/install/sensor_msgs_py:/opt/ros/humble /usr/bin/cmake --build /home/saifa/Desktop/Fun4/build/Fun4 -- -j16 -l16
[0.044s] -- Found ament_cmake: 1.3.10 (/opt/ros/humble/share/ament_cmake/cmake)
[0.173s] -- Found rclcpp: 16.0.10 (/opt/ros/humble/share/rclcpp/cmake)
[0.196s] -- Found rosidl_generator_c: 3.1.5 (/opt/ros/humble/share/rosidl_generator_c/cmake)
[0.198s] -- Found rosidl_adapter: 3.1.5 (/opt/ros/humble/share/rosidl_adapter/cmake)
[0.202s] -- Found rosidl_generator_cpp: 3.1.5 (/opt/ros/humble/share/rosidl_generator_cpp/cmake)
[0.210s] -- Using all available rosidl_typesupport_c: rosidl_typesupport_microxrcedds_c;rosidl_typesupport_fastrtps_c;rosidl_typesupport_introspection_c
[0.223s] -- Using all available rosidl_typesupport_cpp: rosidl_typesupport_microxrcedds_cpp;rosidl_typesupport_fastrtps_cpp;rosidl_typesupport_introspection_cpp
[0.250s] -- Found rmw_implementation_cmake: 6.1.2 (/opt/ros/humble/share/rmw_implementation_cmake/cmake)
[0.252s] -- Found rmw_fastrtps_cpp: 6.2.7 (/opt/ros/humble/share/rmw_fastrtps_cpp/cmake)
[0.363s] -- Using RMW implementation 'rmw_fastrtps_cpp' as default
[0.399s] -- Found rclpy: 3.3.14 (/opt/ros/humble/share/rclpy/cmake)
[0.457s] WARNING: Package name "Fun4" does not follow the naming conventions. It should start with a lower case letter and only contain lower case letters, digits, underscores, and dashes.
[0.521s] WARNING: Package name "Fun4" does not follow the naming conventions. It should start with a lower case letter and only contain lower case letters, digits, underscores, and dashes.
[0.530s] -- Configuring done
[0.539s] -- Generating done
[0.540s] -- Build files have been written to: /home/saifa/Desktop/Fun4/build/Fun4
[0.572s] [35m[1mConsolidate compiler generated dependencies of target cpp_node_test[0m
[0.589s] [100%] Built target cpp_node_test
[0.595s] [100%] Built target ament_cmake_python_copy_Fun4
[0.818s] running egg_info
[0.819s] writing Fun4.egg-info/PKG-INFO
[0.819s] writing dependency_links to Fun4.egg-info/dependency_links.txt
[0.819s] writing top-level names to Fun4.egg-info/top_level.txt
[0.820s] reading manifest file 'Fun4.egg-info/SOURCES.txt'
[0.825s] writing manifest file 'Fun4.egg-info/SOURCES.txt'
[0.852s] [100%] Built target ament_cmake_python_build_Fun4_egg
[0.866s] Invoked command in '/home/saifa/Desktop/Fun4/build/Fun4' returned '0': CMAKE_PREFIX_PATH=${CMAKE_PREFIX_PATH}:/home/saifa/mc_ros_ws/install/sensor_msgs_py:/opt/ros/humble /usr/bin/cmake --build /home/saifa/Desktop/Fun4/build/Fun4 -- -j16 -l16
[0.923s] Invoking command in '/home/saifa/Desktop/Fun4/build/Fun4': CMAKE_PREFIX_PATH=${CMAKE_PREFIX_PATH}:/home/saifa/mc_ros_ws/install/sensor_msgs_py:/opt/ros/humble /usr/bin/cmake --install /home/saifa/Desktop/Fun4/build/Fun4
[0.933s] -- Install configuration: ""
[0.933s] -- Up-to-date: /home/saifa/Desktop/Fun4/install/Fun4/share/Fun4/environment/pythonpath.sh
[0.933s] -- Installing: /home/saifa/Desktop/Fun4/install/Fun4/share/Fun4/environment/pythonpath.dsv
[0.933s] -- Up-to-date: /home/saifa/Desktop/Fun4/install/Fun4/local/lib/python3.10/dist-packages/Fun4-0.0.0-py3.10.egg-info
[0.933s] -- Installing: /home/saifa/Desktop/Fun4/install/Fun4/local/lib/python3.10/dist-packages/Fun4-0.0.0-py3.10.egg-info/top_level.txt
[0.933s] -- Installing: /home/saifa/Desktop/Fun4/install/Fun4/local/lib/python3.10/dist-packages/Fun4-0.0.0-py3.10.egg-info/SOURCES.txt
[0.933s] -- Installing: /home/saifa/Desktop/Fun4/install/Fun4/local/lib/python3.10/dist-packages/Fun4-0.0.0-py3.10.egg-info/dependency_links.txt
[0.934s] -- Installing: /home/saifa/Desktop/Fun4/install/Fun4/local/lib/python3.10/dist-packages/Fun4-0.0.0-py3.10.egg-info/PKG-INFO
[0.934s] -- Up-to-date: /home/saifa/Desktop/Fun4/install/Fun4/local/lib/python3.10/dist-packages/Fun4
[0.934s] -- Up-to-date: /home/saifa/Desktop/Fun4/install/Fun4/local/lib/python3.10/dist-packages/Fun4/__init__.py
[0.935s] -- Up-to-date: /home/saifa/Desktop/Fun4/install/Fun4/local/lib/python3.10/dist-packages/Fun4/dummy_module.py
[0.971s] Listing '/home/saifa/Desktop/Fun4/install/Fun4/local/lib/python3.10/dist-packages/Fun4'...
[0.975s] -- Up-to-date: /home/saifa/Desktop/Fun4/install/Fun4/lib/Fun4/dummy_script.py
[0.975s] [31mCMake Error at cmake_install.cmake:70 (file):
[0.975s]   file INSTALL cannot find
[0.975s]   "/home/saifa/Desktop/Fun4/src/Fun4/scripts/exmple_node.py": No such file or
[0.975s]   directory.
[0.975s] 
[0.975s] [0m
[0.976s] Invoked command in '/home/saifa/Desktop/Fun4/build/Fun4' returned '1': CMAKE_PREFIX_PATH=${CMAKE_PREFIX_PATH}:/home/saifa/mc_ros_ws/install/sensor_msgs_py:/opt/ros/humble /usr/bin/cmake --install /home/saifa/Desktop/Fun4/build/Fun4
