[0.016s] Invoking command in '/home/saifa/Desktop/Fun4/build/motorsim_interfaces': CMAKE_PREFIX_PATH=${CMAKE_PREFIX_PATH}:/home/saifa/mc_ros_ws/install/sensor_msgs_py:/opt/ros/humble /usr/bin/cmake /home/saifa/Desktop/Fun4/src/example_description/src/motorsim_interfaces -DCMAKE_INSTALL_PREFIX=/home/saifa/Desktop/Fun4/install/motorsim_interfaces
[0.069s] -- The C compiler identification is GNU 11.4.0
[0.119s] -- The CXX compiler identification is GNU 11.4.0
[0.127s] -- Detecting C compiler ABI info
[0.205s] -- Detecting C compiler ABI info - done
[0.210s] -- Check for working C compiler: /usr/bin/cc - skipped
[0.211s] -- Detecting C compile features
[0.211s] -- Detecting C compile features - done
[0.213s] -- Detecting CXX compiler ABI info
[0.301s] -- Detecting CXX compiler ABI info - done
[0.306s] -- Check for working CXX compiler: /usr/bin/c++ - skipped
[0.306s] -- Detecting CXX compile features
[0.307s] -- Detecting CXX compile features - done
[0.315s] -- Found ament_cmake: 1.3.10 (/opt/ros/humble/share/ament_cmake/cmake)
[0.509s] -- Found Python3: /usr/bin/python3 (found version "3.10.12") found components: Interpreter 
[0.679s] -- Found rosidl_default_generators: 1.2.0 (/opt/ros/humble/share/rosidl_default_generators/cmake)
[0.693s] -- Using all available rosidl_typesupport_c: rosidl_typesupport_microxrcedds_c;rosidl_typesupport_fastrtps_c;rosidl_typesupport_introspection_c
[0.715s] -- Found rosidl_adapter: 3.1.5 (/opt/ros/humble/share/rosidl_adapter/cmake)
[0.819s] -- Using all available rosidl_typesupport_cpp: rosidl_typesupport_microxrcedds_cpp;rosidl_typesupport_fastrtps_cpp;rosidl_typesupport_introspection_cpp
[1.147s] -- Found ament_cmake_ros: 0.10.0 (/opt/ros/humble/share/ament_cmake_ros/cmake)
[1.442s] -- Using all available rosidl_typesupport_c: rosidl_typesupport_microxrcedds_c;rosidl_typesupport_fastrtps_c;rosidl_typesupport_introspection_c
[1.780s] -- Using all available rosidl_typesupport_cpp: rosidl_typesupport_microxrcedds_cpp;rosidl_typesupport_fastrtps_cpp;rosidl_typesupport_introspection_cpp
[1.809s] -- Found PythonInterp: /usr/bin/python3 (found suitable version "3.10.12", minimum required is "3.6") 
[1.817s] -- Found python_cmake_module: 0.10.0 (/opt/ros/humble/share/python_cmake_module/cmake)
[1.852s] -- Found PythonLibs: /usr/lib/x86_64-linux-gnu/libpython3.10.so (found suitable version "3.10.12", minimum required is "3.5") 
[1.852s] -- Using PYTHON_EXECUTABLE: /usr/bin/python3
[1.852s] -- Using PYTHON_INCLUDE_DIRS: /usr/include/python3.10
[1.852s] -- Using PYTHON_LIBRARIES: /usr/lib/x86_64-linux-gnu/libpython3.10.so
[1.878s] -- Found PythonExtra: .so  
[2.003s] -- Found ament_lint_auto: 0.12.11 (/opt/ros/humble/share/ament_lint_auto/cmake)
[2.071s] -- Added test 'lint_cmake' to check CMake code style
[2.073s] -- Added test 'xmllint' to check XML markup files
[2.078s] -- Configuring done
[2.107s] -- Generating done
[2.110s] -- Build files have been written to: /home/saifa/Desktop/Fun4/build/motorsim_interfaces
[2.117s] Invoked command in '/home/saifa/Desktop/Fun4/build/motorsim_interfaces' returned '0': CMAKE_PREFIX_PATH=${CMAKE_PREFIX_PATH}:/home/saifa/mc_ros_ws/install/sensor_msgs_py:/opt/ros/humble /usr/bin/cmake /home/saifa/Desktop/Fun4/src/example_description/src/motorsim_interfaces -DCMAKE_INSTALL_PREFIX=/home/saifa/Desktop/Fun4/install/motorsim_interfaces
[2.119s] Invoking command in '/home/saifa/Desktop/Fun4/build/motorsim_interfaces': CMAKE_PREFIX_PATH=${CMAKE_PREFIX_PATH}:/home/saifa/mc_ros_ws/install/sensor_msgs_py:/opt/ros/humble /usr/bin/cmake --build /home/saifa/Desktop/Fun4/build/motorsim_interfaces -- -j16 -l16
[2.171s] [  2%] [34m[1mGenerating C code for ROS interfaces[0m
[2.185s] [  5%] [34m[1mGenerating C++ code for ROS interfaces[0m
[2.197s] [  5%] Built target ament_cmake_python_copy_motorsim_interfaces
[2.432s] [  5%] Built target motorsim_interfaces__cpp
[2.433s] [  7%] [32mBuilding C object CMakeFiles/motorsim_interfaces__rosidl_generator_c.dir/rosidl_generator_c/motorsim_interfaces/srv/detail/motor_spawn__functions.c.o[0m
[2.441s] running egg_info
[2.442s] creating motorsim_interfaces.egg-info
[2.442s] writing motorsim_interfaces.egg-info/PKG-INFO
[2.442s] writing dependency_links to motorsim_interfaces.egg-info/dependency_links.txt
[2.442s] writing top-level names to motorsim_interfaces.egg-info/top_level.txt
[2.442s] writing manifest file 'motorsim_interfaces.egg-info/SOURCES.txt'
[2.444s] reading manifest file 'motorsim_interfaces.egg-info/SOURCES.txt'
[2.444s] writing manifest file 'motorsim_interfaces.egg-info/SOURCES.txt'
[2.447s] [ 17%] [34m[1mGenerating C++ type support for eProsima Micro XRCE-DDS[0m
[2.447s] [ 17%] [34m[1mGenerating C++ type support for eProsima Fast-RTPS[0m
[2.448s] [ 17%] [34m[1mGenerating C++ type support dispatch for ROS interfaces[0m
[2.448s] [ 17%] [34m[1mGenerating C++ introspection for ROS interfaces[0m
[2.475s] [ 17%] Built target ament_cmake_python_build_motorsim_interfaces_egg
[2.494s] [ 20%] [32m[1mLinking C shared library libmotorsim_interfaces__rosidl_generator_c.so[0m
[2.539s] [ 20%] Built target motorsim_interfaces__rosidl_generator_c
[2.555s] [ 30%] [34m[1mGenerating C introspection for ROS interfaces[0m
[2.555s] [ 30%] [34m[1mGenerating C type support for eProsima Fast-RTPS[0m
[2.555s] [ 30%] [34m[1mGenerating C type support for eProsima Micro XRCE-DDS[0m
[2.555s] [ 30%] [34m[1mGenerating C type support dispatch for ROS interfaces[0m
[2.684s] [ 33%] [32mBuilding CXX object CMakeFiles/motorsim_interfaces__rosidl_typesupport_cpp.dir/rosidl_typesupport_cpp/motorsim_interfaces/srv/motor_spawn__type_support.cpp.o[0m
[2.701s] [ 35%] [32mBuilding CXX object CMakeFiles/motorsim_interfaces__rosidl_typesupport_introspection_cpp.dir/rosidl_typesupport_introspection_cpp/motorsim_interfaces/srv/detail/motor_spawn__type_support.cpp.o[0m
[2.705s] [ 38%] [32mBuilding CXX object CMakeFiles/motorsim_interfaces__rosidl_typesupport_fastrtps_cpp.dir/rosidl_typesupport_fastrtps_cpp/motorsim_interfaces/srv/detail/dds_fastrtps/motor_spawn__type_support.cpp.o[0m
[2.730s] [ 41%] [32mBuilding CXX object CMakeFiles/motorsim_interfaces__rosidl_typesupport_microxrcedds_cpp.dir/rosidl_typesupport_microxrcedds_cpp/motorsim_interfaces/srv/detail/microxrcedds/motor_spawn__type_support_cpp.cpp.o[0m
[2.809s] [ 43%] [32mBuilding C object CMakeFiles/motorsim_interfaces__rosidl_typesupport_introspection_c.dir/rosidl_typesupport_introspection_c/motorsim_interfaces/srv/detail/motor_spawn__type_support.c.o[0m
[2.813s] [ 46%] [32mBuilding C object CMakeFiles/motorsim_interfaces__rosidl_typesupport_microxrcedds_c.dir/rosidl_typesupport_microxrcedds_c/motorsim_interfaces/srv/detail/microxrcedds/motor_spawn__type_support_c.c.o[0m
[2.854s] [ 48%] [32m[1mLinking C shared library libmotorsim_interfaces__rosidl_typesupport_introspection_c.so[0m
[2.861s] [ 51%] [32mBuilding CXX object CMakeFiles/motorsim_interfaces__rosidl_typesupport_c.dir/rosidl_typesupport_c/motorsim_interfaces/srv/motor_spawn__type_support.cpp.o[0m
[2.865s] [ 53%] [32m[1mLinking C shared library libmotorsim_interfaces__rosidl_typesupport_microxrcedds_c.so[0m
[2.890s] [ 56%] [32mBuilding CXX object CMakeFiles/motorsim_interfaces__rosidl_typesupport_fastrtps_c.dir/rosidl_typesupport_fastrtps_c/motorsim_interfaces/srv/detail/motor_spawn__type_support_c.cpp.o[0m
[2.893s] [ 56%] Built target motorsim_interfaces__rosidl_typesupport_introspection_c
[2.897s] [ 58%] [32m[1mLinking CXX shared library libmotorsim_interfaces__rosidl_typesupport_c.so[0m
[2.910s] [ 58%] Built target motorsim_interfaces__rosidl_typesupport_microxrcedds_c
[2.922s] [ 61%] [32m[1mLinking CXX shared library libmotorsim_interfaces__rosidl_typesupport_cpp.so[0m
[2.947s] [ 61%] Built target motorsim_interfaces__rosidl_typesupport_c
[2.971s] [ 61%] Built target motorsim_interfaces__rosidl_typesupport_cpp
[3.030s] [ 64%] [32m[1mLinking CXX shared library libmotorsim_interfaces__rosidl_typesupport_introspection_cpp.so[0m
[3.043s] [ 66%] [32m[1mLinking CXX shared library libmotorsim_interfaces__rosidl_typesupport_microxrcedds_cpp.so[0m
[3.090s] [ 69%] [32m[1mLinking CXX shared library libmotorsim_interfaces__rosidl_typesupport_fastrtps_cpp.so[0m
[3.098s] [ 69%] Built target motorsim_interfaces__rosidl_typesupport_introspection_cpp
[3.124s] [ 69%] Built target motorsim_interfaces__rosidl_typesupport_microxrcedds_cpp
[3.168s] [ 69%] Built target motorsim_interfaces__rosidl_typesupport_fastrtps_cpp
[3.185s] [ 71%] [32m[1mLinking CXX shared library libmotorsim_interfaces__rosidl_typesupport_fastrtps_c.so[0m
[3.254s] [ 71%] Built target motorsim_interfaces__rosidl_typesupport_fastrtps_c
[3.281s] [ 71%] Built target motorsim_interfaces
[3.308s] [ 74%] [34m[1mGenerating Python code for ROS interfaces[0m
[3.597s] [ 74%] Built target motorsim_interfaces__py
[3.626s] [ 76%] [32mBuilding C object CMakeFiles/motorsim_interfaces__rosidl_generator_py.dir/rosidl_generator_py/motorsim_interfaces/srv/_motor_spawn_s.c.o[0m
[3.730s] [ 79%] [32m[1mLinking C shared library rosidl_generator_py/motorsim_interfaces/libmotorsim_interfaces__rosidl_generator_py.so[0m
[3.773s] [ 79%] Built target motorsim_interfaces__rosidl_generator_py
[3.801s] [ 89%] [32mBuilding C object CMakeFiles/motorsim_interfaces__rosidl_typesupport_fastrtps_c__pyext.dir/rosidl_generator_py/motorsim_interfaces/_motorsim_interfaces_s.ep.rosidl_typesupport_fastrtps_c.c.o[0m
[3.801s] [ 89%] [32mBuilding C object CMakeFiles/motorsim_interfaces__rosidl_typesupport_microxrcedds_c__pyext.dir/rosidl_generator_py/motorsim_interfaces/_motorsim_interfaces_s.ep.rosidl_typesupport_microxrcedds_c.c.o[0m
[3.801s] [ 89%] [32mBuilding C object CMakeFiles/motorsim_interfaces__rosidl_typesupport_c__pyext.dir/rosidl_generator_py/motorsim_interfaces/_motorsim_interfaces_s.ep.rosidl_typesupport_c.c.o[0m
[3.801s] [ 89%] [32mBuilding C object CMakeFiles/motorsim_interfaces__rosidl_typesupport_introspection_c__pyext.dir/rosidl_generator_py/motorsim_interfaces/_motorsim_interfaces_s.ep.rosidl_typesupport_introspection_c.c.o[0m
[3.880s] [ 94%] [32m[1mLinking C shared library rosidl_generator_py/motorsim_interfaces/motorsim_interfaces_s__rosidl_typesupport_introspection_c.cpython-310-x86_64-linux-gnu.so[0m
[3.881s] [ 94%] [32m[1mLinking C shared library rosidl_generator_py/motorsim_interfaces/motorsim_interfaces_s__rosidl_typesupport_c.cpython-310-x86_64-linux-gnu.so[0m
[3.884s] [ 97%] [32m[1mLinking C shared library rosidl_generator_py/motorsim_interfaces/motorsim_interfaces_s__rosidl_typesupport_fastrtps_c.cpython-310-x86_64-linux-gnu.so[0m
[3.891s] [100%] [32m[1mLinking C shared library rosidl_generator_py/motorsim_interfaces/motorsim_interfaces_s__rosidl_typesupport_microxrcedds_c.cpython-310-x86_64-linux-gnu.so[0m
[3.920s] [100%] Built target motorsim_interfaces__rosidl_typesupport_c__pyext
[3.920s] [100%] Built target motorsim_interfaces__rosidl_typesupport_introspection_c__pyext
[3.921s] [100%] Built target motorsim_interfaces__rosidl_typesupport_fastrtps_c__pyext
[3.932s] [100%] Built target motorsim_interfaces__rosidl_typesupport_microxrcedds_c__pyext
[3.946s] Invoked command in '/home/saifa/Desktop/Fun4/build/motorsim_interfaces' returned '0': CMAKE_PREFIX_PATH=${CMAKE_PREFIX_PATH}:/home/saifa/mc_ros_ws/install/sensor_msgs_py:/opt/ros/humble /usr/bin/cmake --build /home/saifa/Desktop/Fun4/build/motorsim_interfaces -- -j16 -l16
[4.085s] Invoking command in '/home/saifa/Desktop/Fun4/build/motorsim_interfaces': CMAKE_PREFIX_PATH=${CMAKE_PREFIX_PATH}:/home/saifa/mc_ros_ws/install/sensor_msgs_py:/opt/ros/humble /usr/bin/cmake --install /home/saifa/Desktop/Fun4/build/motorsim_interfaces
[4.095s] -- Install configuration: ""
[4.095s] -- Installing: /home/saifa/Desktop/Fun4/install/motorsim_interfaces/share/ament_index/resource_index/rosidl_interfaces/motorsim_interfaces
[4.095s] -- Installing: /home/saifa/Desktop/Fun4/install/motorsim_interfaces/include/motorsim_interfaces/motorsim_interfaces
[4.095s] -- Installing: /home/saifa/Desktop/Fun4/install/motorsim_interfaces/include/motorsim_interfaces/motorsim_interfaces/msg
[4.095s] -- Installing: /home/saifa/Desktop/Fun4/install/motorsim_interfaces/include/motorsim_interfaces/motorsim_interfaces/msg/rosidl_generator_c__visibility_control.h
[4.096s] -- Installing: /home/saifa/Desktop/Fun4/install/motorsim_interfaces/include/motorsim_interfaces/motorsim_interfaces/srv
[4.096s] -- Installing: /home/saifa/Desktop/Fun4/install/motorsim_interfaces/include/motorsim_interfaces/motorsim_interfaces/srv/motor_spawn.h
[4.096s] -- Installing: /home/saifa/Desktop/Fun4/install/motorsim_interfaces/include/motorsim_interfaces/motorsim_interfaces/srv/detail
[4.096s] -- Installing: /home/saifa/Desktop/Fun4/install/motorsim_interfaces/include/motorsim_interfaces/motorsim_interfaces/srv/detail/motor_spawn__type_support.h
[4.096s] -- Installing: /home/saifa/Desktop/Fun4/install/motorsim_interfaces/include/motorsim_interfaces/motorsim_interfaces/srv/detail/motor_spawn__struct.h
[4.096s] -- Installing: /home/saifa/Desktop/Fun4/install/motorsim_interfaces/include/motorsim_interfaces/motorsim_interfaces/srv/detail/motor_spawn__functions.h
[4.096s] -- Installing: /home/saifa/Desktop/Fun4/install/motorsim_interfaces/include/motorsim_interfaces/motorsim_interfaces/srv/detail/motor_spawn__functions.c
[4.096s] -- Installing: /home/saifa/Desktop/Fun4/install/motorsim_interfaces/share/motorsim_interfaces/environment/library_path.sh
[4.096s] -- Installing: /home/saifa/Desktop/Fun4/install/motorsim_interfaces/share/motorsim_interfaces/environment/library_path.dsv
[4.097s] -- Installing: /home/saifa/Desktop/Fun4/install/motorsim_interfaces/lib/libmotorsim_interfaces__rosidl_generator_c.so
[4.097s] -- Set runtime path of "/home/saifa/Desktop/Fun4/install/motorsim_interfaces/lib/libmotorsim_interfaces__rosidl_generator_c.so" to ""
[4.097s] -- Up-to-date: /home/saifa/Desktop/Fun4/install/motorsim_interfaces/include/motorsim_interfaces
[4.097s] -- Installing: /home/saifa/Desktop/Fun4/install/motorsim_interfaces/include/motorsim_interfaces/msg
[4.097s] -- Installing: /home/saifa/Desktop/Fun4/install/motorsim_interfaces/include/motorsim_interfaces/msg/rosidl_typesupport_microxrcedds_c__visibility_control.h
[4.097s] -- Installing: /home/saifa/Desktop/Fun4/install/motorsim_interfaces/include/motorsim_interfaces/srv
[4.097s] -- Installing: /home/saifa/Desktop/Fun4/install/motorsim_interfaces/include/motorsim_interfaces/srv/detail
[4.097s] -- Installing: /home/saifa/Desktop/Fun4/install/motorsim_interfaces/include/motorsim_interfaces/srv/detail/microxrcedds
[4.097s] -- Installing: /home/saifa/Desktop/Fun4/install/motorsim_interfaces/include/motorsim_interfaces/srv/detail/motor_spawn__rosidl_typesupport_microxrcedds_c.h
[4.098s] -- Installing: /home/saifa/Desktop/Fun4/install/motorsim_interfaces/lib/libmotorsim_interfaces__rosidl_typesupport_microxrcedds_c.so
[4.098s] -- Set runtime path of "/home/saifa/Desktop/Fun4/install/motorsim_interfaces/lib/libmotorsim_interfaces__rosidl_typesupport_microxrcedds_c.so" to ""
[4.098s] -- Up-to-date: /home/saifa/Desktop/Fun4/install/motorsim_interfaces/include/motorsim_interfaces/motorsim_interfaces
[4.098s] -- Up-to-date: /home/saifa/Desktop/Fun4/install/motorsim_interfaces/include/motorsim_interfaces/motorsim_interfaces/msg
[4.098s] -- Installing: /home/saifa/Desktop/Fun4/install/motorsim_interfaces/include/motorsim_interfaces/motorsim_interfaces/msg/rosidl_typesupport_fastrtps_c__visibility_control.h
[4.098s] -- Up-to-date: /home/saifa/Desktop/Fun4/install/motorsim_interfaces/include/motorsim_interfaces/motorsim_interfaces/srv
[4.098s] -- Up-to-date: /home/saifa/Desktop/Fun4/install/motorsim_interfaces/include/motorsim_interfaces/motorsim_interfaces/srv/detail
[4.098s] -- Installing: /home/saifa/Desktop/Fun4/install/motorsim_interfaces/include/motorsim_interfaces/motorsim_interfaces/srv/detail/motor_spawn__rosidl_typesupport_fastrtps_c.h
[4.098s] -- Installing: /home/saifa/Desktop/Fun4/install/motorsim_interfaces/lib/libmotorsim_interfaces__rosidl_typesupport_fastrtps_c.so
[4.099s] -- Set runtime path of "/home/saifa/Desktop/Fun4/install/motorsim_interfaces/lib/libmotorsim_interfaces__rosidl_typesupport_fastrtps_c.so" to ""
[4.099s] -- Up-to-date: /home/saifa/Desktop/Fun4/install/motorsim_interfaces/include/motorsim_interfaces/motorsim_interfaces
[4.099s] -- Up-to-date: /home/saifa/Desktop/Fun4/install/motorsim_interfaces/include/motorsim_interfaces/motorsim_interfaces/msg
[4.099s] -- Installing: /home/saifa/Desktop/Fun4/install/motorsim_interfaces/include/motorsim_interfaces/motorsim_interfaces/msg/rosidl_typesupport_introspection_c__visibility_control.h
[4.099s] -- Up-to-date: /home/saifa/Desktop/Fun4/install/motorsim_interfaces/include/motorsim_interfaces/motorsim_interfaces/srv
[4.099s] -- Up-to-date: /home/saifa/Desktop/Fun4/install/motorsim_interfaces/include/motorsim_interfaces/motorsim_interfaces/srv/detail
[4.099s] -- Installing: /home/saifa/Desktop/Fun4/install/motorsim_interfaces/include/motorsim_interfaces/motorsim_interfaces/srv/detail/motor_spawn__rosidl_typesupport_introspection_c.h
[4.099s] -- Installing: /home/saifa/Desktop/Fun4/install/motorsim_interfaces/include/motorsim_interfaces/motorsim_interfaces/srv/detail/motor_spawn__type_support.c
[4.099s] -- Installing: /home/saifa/Desktop/Fun4/install/motorsim_interfaces/lib/libmotorsim_interfaces__rosidl_typesupport_introspection_c.so
[4.099s] -- Set runtime path of "/home/saifa/Desktop/Fun4/install/motorsim_interfaces/lib/libmotorsim_interfaces__rosidl_typesupport_introspection_c.so" to ""
[4.100s] -- Installing: /home/saifa/Desktop/Fun4/install/motorsim_interfaces/lib/libmotorsim_interfaces__rosidl_typesupport_c.so
[4.100s] -- Set runtime path of "/home/saifa/Desktop/Fun4/install/motorsim_interfaces/lib/libmotorsim_interfaces__rosidl_typesupport_c.so" to ""
[4.100s] -- Up-to-date: /home/saifa/Desktop/Fun4/install/motorsim_interfaces/include/motorsim_interfaces/motorsim_interfaces
[4.100s] -- Up-to-date: /home/saifa/Desktop/Fun4/install/motorsim_interfaces/include/motorsim_interfaces/motorsim_interfaces/srv
[4.100s] -- Installing: /home/saifa/Desktop/Fun4/install/motorsim_interfaces/include/motorsim_interfaces/motorsim_interfaces/srv/motor_spawn.hpp
[4.100s] -- Up-to-date: /home/saifa/Desktop/Fun4/install/motorsim_interfaces/include/motorsim_interfaces/motorsim_interfaces/srv/detail
[4.100s] -- Installing: /home/saifa/Desktop/Fun4/install/motorsim_interfaces/include/motorsim_interfaces/motorsim_interfaces/srv/detail/motor_spawn__builder.hpp
[4.100s] -- Installing: /home/saifa/Desktop/Fun4/install/motorsim_interfaces/include/motorsim_interfaces/motorsim_interfaces/srv/detail/motor_spawn__traits.hpp
[4.100s] -- Installing: /home/saifa/Desktop/Fun4/install/motorsim_interfaces/include/motorsim_interfaces/motorsim_interfaces/srv/detail/motor_spawn__struct.hpp
[4.100s] -- Up-to-date: /home/saifa/Desktop/Fun4/install/motorsim_interfaces/include/motorsim_interfaces
[4.101s] -- Up-to-date: /home/saifa/Desktop/Fun4/install/motorsim_interfaces/include/motorsim_interfaces/msg
[4.101s] -- Installing: /home/saifa/Desktop/Fun4/install/motorsim_interfaces/include/motorsim_interfaces/msg/rosidl_typesupport_microxrcedds_cpp__visibility_control.h
[4.101s] -- Up-to-date: /home/saifa/Desktop/Fun4/install/motorsim_interfaces/include/motorsim_interfaces/srv
[4.101s] -- Up-to-date: /home/saifa/Desktop/Fun4/install/motorsim_interfaces/include/motorsim_interfaces/srv/detail
[4.101s] -- Up-to-date: /home/saifa/Desktop/Fun4/install/motorsim_interfaces/include/motorsim_interfaces/srv/detail/microxrcedds
[4.101s] -- Installing: /home/saifa/Desktop/Fun4/install/motorsim_interfaces/include/motorsim_interfaces/srv/detail/microxrcedds/motor_spawn__type_support_cpp.cpp
[4.101s] -- Installing: /home/saifa/Desktop/Fun4/install/motorsim_interfaces/include/motorsim_interfaces/srv/detail/motor_spawn__rosidl_typesupport_microxrcedds_cpp.hpp
[4.101s] -- Installing: /home/saifa/Desktop/Fun4/install/motorsim_interfaces/lib/libmotorsim_interfaces__rosidl_typesupport_microxrcedds_cpp.so
[4.101s] -- Set runtime path of "/home/saifa/Desktop/Fun4/install/motorsim_interfaces/lib/libmotorsim_interfaces__rosidl_typesupport_microxrcedds_cpp.so" to ""
[4.101s] -- Up-to-date: /home/saifa/Desktop/Fun4/install/motorsim_interfaces/include/motorsim_interfaces/motorsim_interfaces
[4.102s] -- Up-to-date: /home/saifa/Desktop/Fun4/install/motorsim_interfaces/include/motorsim_interfaces/motorsim_interfaces/msg
[4.102s] -- Installing: /home/saifa/Desktop/Fun4/install/motorsim_interfaces/include/motorsim_interfaces/motorsim_interfaces/msg/rosidl_typesupport_fastrtps_cpp__visibility_control.h
[4.102s] -- Up-to-date: /home/saifa/Desktop/Fun4/install/motorsim_interfaces/include/motorsim_interfaces/motorsim_interfaces/srv
[4.102s] -- Up-to-date: /home/saifa/Desktop/Fun4/install/motorsim_interfaces/include/motorsim_interfaces/motorsim_interfaces/srv/detail
[4.102s] -- Installing: /home/saifa/Desktop/Fun4/install/motorsim_interfaces/include/motorsim_interfaces/motorsim_interfaces/srv/detail/dds_fastrtps
[4.102s] -- Installing: /home/saifa/Desktop/Fun4/install/motorsim_interfaces/include/motorsim_interfaces/motorsim_interfaces/srv/detail/motor_spawn__rosidl_typesupport_fastrtps_cpp.hpp
[4.102s] -- Installing: /home/saifa/Desktop/Fun4/install/motorsim_interfaces/lib/libmotorsim_interfaces__rosidl_typesupport_fastrtps_cpp.so
[4.102s] -- Set runtime path of "/home/saifa/Desktop/Fun4/install/motorsim_interfaces/lib/libmotorsim_interfaces__rosidl_typesupport_fastrtps_cpp.so" to ""
[4.102s] -- Up-to-date: /home/saifa/Desktop/Fun4/install/motorsim_interfaces/include/motorsim_interfaces/motorsim_interfaces
[4.102s] -- Up-to-date: /home/saifa/Desktop/Fun4/install/motorsim_interfaces/include/motorsim_interfaces/motorsim_interfaces/srv
[4.102s] -- Up-to-date: /home/saifa/Desktop/Fun4/install/motorsim_interfaces/include/motorsim_interfaces/motorsim_interfaces/srv/detail
[4.103s] -- Installing: /home/saifa/Desktop/Fun4/install/motorsim_interfaces/include/motorsim_interfaces/motorsim_interfaces/srv/detail/motor_spawn__type_support.cpp
[4.103s] -- Installing: /home/saifa/Desktop/Fun4/install/motorsim_interfaces/include/motorsim_interfaces/motorsim_interfaces/srv/detail/motor_spawn__rosidl_typesupport_introspection_cpp.hpp
[4.103s] -- Installing: /home/saifa/Desktop/Fun4/install/motorsim_interfaces/lib/libmotorsim_interfaces__rosidl_typesupport_introspection_cpp.so
[4.103s] -- Set runtime path of "/home/saifa/Desktop/Fun4/install/motorsim_interfaces/lib/libmotorsim_interfaces__rosidl_typesupport_introspection_cpp.so" to ""
[4.103s] -- Installing: /home/saifa/Desktop/Fun4/install/motorsim_interfaces/lib/libmotorsim_interfaces__rosidl_typesupport_cpp.so
[4.103s] -- Set runtime path of "/home/saifa/Desktop/Fun4/install/motorsim_interfaces/lib/libmotorsim_interfaces__rosidl_typesupport_cpp.so" to ""
[4.103s] -- Installing: /home/saifa/Desktop/Fun4/install/motorsim_interfaces/share/motorsim_interfaces/environment/pythonpath.sh
[4.104s] -- Installing: /home/saifa/Desktop/Fun4/install/motorsim_interfaces/share/motorsim_interfaces/environment/pythonpath.dsv
[4.104s] -- Installing: /home/saifa/Desktop/Fun4/install/motorsim_interfaces/local/lib/python3.10/dist-packages/motorsim_interfaces-0.0.0-py3.10.egg-info
[4.104s] -- Installing: /home/saifa/Desktop/Fun4/install/motorsim_interfaces/local/lib/python3.10/dist-packages/motorsim_interfaces-0.0.0-py3.10.egg-info/top_level.txt
[4.104s] -- Installing: /home/saifa/Desktop/Fun4/install/motorsim_interfaces/local/lib/python3.10/dist-packages/motorsim_interfaces-0.0.0-py3.10.egg-info/SOURCES.txt
[4.104s] -- Installing: /home/saifa/Desktop/Fun4/install/motorsim_interfaces/local/lib/python3.10/dist-packages/motorsim_interfaces-0.0.0-py3.10.egg-info/dependency_links.txt
[4.104s] -- Installing: /home/saifa/Desktop/Fun4/install/motorsim_interfaces/local/lib/python3.10/dist-packages/motorsim_interfaces-0.0.0-py3.10.egg-info/PKG-INFO
[4.104s] -- Installing: /home/saifa/Desktop/Fun4/install/motorsim_interfaces/local/lib/python3.10/dist-packages/motorsim_interfaces
[4.104s] -- Installing: /home/saifa/Desktop/Fun4/install/motorsim_interfaces/local/lib/python3.10/dist-packages/motorsim_interfaces/__init__.py
[4.105s] -- Installing: /home/saifa/Desktop/Fun4/install/motorsim_interfaces/local/lib/python3.10/dist-packages/motorsim_interfaces/_motorsim_interfaces_s.ep.rosidl_typesupport_fastrtps_c.c
[4.105s] -- Installing: /home/saifa/Desktop/Fun4/install/motorsim_interfaces/local/lib/python3.10/dist-packages/motorsim_interfaces/motorsim_interfaces_s__rosidl_typesupport_fastrtps_c.cpython-310-x86_64-linux-gnu.so
[4.105s] -- Installing: /home/saifa/Desktop/Fun4/install/motorsim_interfaces/local/lib/python3.10/dist-packages/motorsim_interfaces/_motorsim_interfaces_s.ep.rosidl_typesupport_c.c
[4.105s] -- Installing: /home/saifa/Desktop/Fun4/install/motorsim_interfaces/local/lib/python3.10/dist-packages/motorsim_interfaces/motorsim_interfaces_s__rosidl_typesupport_introspection_c.cpython-310-x86_64-linux-gnu.so
[4.105s] -- Installing: /home/saifa/Desktop/Fun4/install/motorsim_interfaces/local/lib/python3.10/dist-packages/motorsim_interfaces/srv
[4.105s] -- Installing: /home/saifa/Desktop/Fun4/install/motorsim_interfaces/local/lib/python3.10/dist-packages/motorsim_interfaces/srv/__init__.py
[4.105s] -- Installing: /home/saifa/Desktop/Fun4/install/motorsim_interfaces/local/lib/python3.10/dist-packages/motorsim_interfaces/srv/_motor_spawn_s.c
[4.105s] -- Installing: /home/saifa/Desktop/Fun4/install/motorsim_interfaces/local/lib/python3.10/dist-packages/motorsim_interfaces/srv/_motor_spawn.py
[4.106s] -- Installing: /home/saifa/Desktop/Fun4/install/motorsim_interfaces/local/lib/python3.10/dist-packages/motorsim_interfaces/_motorsim_interfaces_s.ep.rosidl_typesupport_microxrcedds_c.c
[4.106s] -- Installing: /home/saifa/Desktop/Fun4/install/motorsim_interfaces/local/lib/python3.10/dist-packages/motorsim_interfaces/motorsim_interfaces_s__rosidl_typesupport_c.cpython-310-x86_64-linux-gnu.so
[4.106s] -- Installing: /home/saifa/Desktop/Fun4/install/motorsim_interfaces/local/lib/python3.10/dist-packages/motorsim_interfaces/libmotorsim_interfaces__rosidl_generator_py.so
[4.106s] -- Installing: /home/saifa/Desktop/Fun4/install/motorsim_interfaces/local/lib/python3.10/dist-packages/motorsim_interfaces/_motorsim_interfaces_s.ep.rosidl_typesupport_introspection_c.c
[4.106s] -- Installing: /home/saifa/Desktop/Fun4/install/motorsim_interfaces/local/lib/python3.10/dist-packages/motorsim_interfaces/motorsim_interfaces_s__rosidl_typesupport_microxrcedds_c.cpython-310-x86_64-linux-gnu.so
[4.149s] Listing '/home/saifa/Desktop/Fun4/install/motorsim_interfaces/local/lib/python3.10/dist-packages/motorsim_interfaces'...
[4.149s] Compiling '/home/saifa/Desktop/Fun4/install/motorsim_interfaces/local/lib/python3.10/dist-packages/motorsim_interfaces/__init__.py'...
[4.149s] Listing '/home/saifa/Desktop/Fun4/install/motorsim_interfaces/local/lib/python3.10/dist-packages/motorsim_interfaces/srv'...
[4.149s] Compiling '/home/saifa/Desktop/Fun4/install/motorsim_interfaces/local/lib/python3.10/dist-packages/motorsim_interfaces/srv/__init__.py'...
[4.149s] Compiling '/home/saifa/Desktop/Fun4/install/motorsim_interfaces/local/lib/python3.10/dist-packages/motorsim_interfaces/srv/_motor_spawn.py'...
[4.152s] -- Installing: /home/saifa/Desktop/Fun4/install/motorsim_interfaces/local/lib/python3.10/dist-packages/motorsim_interfaces/motorsim_interfaces_s__rosidl_typesupport_microxrcedds_c.cpython-310-x86_64-linux-gnu.so
[4.153s] -- Set runtime path of "/home/saifa/Desktop/Fun4/install/motorsim_interfaces/local/lib/python3.10/dist-packages/motorsim_interfaces/motorsim_interfaces_s__rosidl_typesupport_microxrcedds_c.cpython-310-x86_64-linux-gnu.so" to ""
[4.153s] -- Installing: /home/saifa/Desktop/Fun4/install/motorsim_interfaces/local/lib/python3.10/dist-packages/motorsim_interfaces/motorsim_interfaces_s__rosidl_typesupport_fastrtps_c.cpython-310-x86_64-linux-gnu.so
[4.153s] -- Set runtime path of "/home/saifa/Desktop/Fun4/install/motorsim_interfaces/local/lib/python3.10/dist-packages/motorsim_interfaces/motorsim_interfaces_s__rosidl_typesupport_fastrtps_c.cpython-310-x86_64-linux-gnu.so" to ""
[4.153s] -- Installing: /home/saifa/Desktop/Fun4/install/motorsim_interfaces/local/lib/python3.10/dist-packages/motorsim_interfaces/motorsim_interfaces_s__rosidl_typesupport_introspection_c.cpython-310-x86_64-linux-gnu.so
[4.154s] -- Set runtime path of "/home/saifa/Desktop/Fun4/install/motorsim_interfaces/local/lib/python3.10/dist-packages/motorsim_interfaces/motorsim_interfaces_s__rosidl_typesupport_introspection_c.cpython-310-x86_64-linux-gnu.so" to ""
[4.154s] -- Installing: /home/saifa/Desktop/Fun4/install/motorsim_interfaces/local/lib/python3.10/dist-packages/motorsim_interfaces/motorsim_interfaces_s__rosidl_typesupport_c.cpython-310-x86_64-linux-gnu.so
[4.154s] -- Set runtime path of "/home/saifa/Desktop/Fun4/install/motorsim_interfaces/local/lib/python3.10/dist-packages/motorsim_interfaces/motorsim_interfaces_s__rosidl_typesupport_c.cpython-310-x86_64-linux-gnu.so" to ""
[4.154s] -- Installing: /home/saifa/Desktop/Fun4/install/motorsim_interfaces/lib/libmotorsim_interfaces__rosidl_generator_py.so
[4.154s] -- Set runtime path of "/home/saifa/Desktop/Fun4/install/motorsim_interfaces/lib/libmotorsim_interfaces__rosidl_generator_py.so" to ""
[4.155s] -- Installing: /home/saifa/Desktop/Fun4/install/motorsim_interfaces/share/motorsim_interfaces/srv/MotorSpawn.idl
[4.155s] -- Installing: /home/saifa/Desktop/Fun4/install/motorsim_interfaces/share/motorsim_interfaces/srv/MotorSpawn.srv
[4.155s] -- Installing: /home/saifa/Desktop/Fun4/install/motorsim_interfaces/share/motorsim_interfaces/srv/MotorSpawn_Request.msg
[4.155s] -- Installing: /home/saifa/Desktop/Fun4/install/motorsim_interfaces/share/motorsim_interfaces/srv/MotorSpawn_Response.msg
[4.155s] -- Installing: /home/saifa/Desktop/Fun4/install/motorsim_interfaces/share/ament_index/resource_index/package_run_dependencies/motorsim_interfaces
[4.155s] -- Installing: /home/saifa/Desktop/Fun4/install/motorsim_interfaces/share/ament_index/resource_index/parent_prefix_path/motorsim_interfaces
[4.155s] -- Installing: /home/saifa/Desktop/Fun4/install/motorsim_interfaces/share/motorsim_interfaces/environment/ament_prefix_path.sh
[4.156s] -- Installing: /home/saifa/Desktop/Fun4/install/motorsim_interfaces/share/motorsim_interfaces/environment/ament_prefix_path.dsv
[4.156s] -- Installing: /home/saifa/Desktop/Fun4/install/motorsim_interfaces/share/motorsim_interfaces/environment/path.sh
[4.156s] -- Installing: /home/saifa/Desktop/Fun4/install/motorsim_interfaces/share/motorsim_interfaces/environment/path.dsv
[4.156s] -- Installing: /home/saifa/Desktop/Fun4/install/motorsim_interfaces/share/motorsim_interfaces/local_setup.bash
[4.156s] -- Installing: /home/saifa/Desktop/Fun4/install/motorsim_interfaces/share/motorsim_interfaces/local_setup.sh
[4.156s] -- Installing: /home/saifa/Desktop/Fun4/install/motorsim_interfaces/share/motorsim_interfaces/local_setup.zsh
[4.156s] -- Installing: /home/saifa/Desktop/Fun4/install/motorsim_interfaces/share/motorsim_interfaces/local_setup.dsv
[4.156s] -- Installing: /home/saifa/Desktop/Fun4/install/motorsim_interfaces/share/motorsim_interfaces/package.dsv
[4.157s] -- Installing: /home/saifa/Desktop/Fun4/install/motorsim_interfaces/share/ament_index/resource_index/packages/motorsim_interfaces
[4.157s] -- Installing: /home/saifa/Desktop/Fun4/install/motorsim_interfaces/share/motorsim_interfaces/cmake/export_motorsim_interfaces__rosidl_generator_cExport.cmake
[4.157s] -- Installing: /home/saifa/Desktop/Fun4/install/motorsim_interfaces/share/motorsim_interfaces/cmake/export_motorsim_interfaces__rosidl_generator_cExport-noconfig.cmake
[4.157s] -- Installing: /home/saifa/Desktop/Fun4/install/motorsim_interfaces/share/motorsim_interfaces/cmake/export_motorsim_interfaces__rosidl_typesupport_fastrtps_cExport.cmake
[4.157s] -- Installing: /home/saifa/Desktop/Fun4/install/motorsim_interfaces/share/motorsim_interfaces/cmake/export_motorsim_interfaces__rosidl_typesupport_fastrtps_cExport-noconfig.cmake
[4.157s] -- Installing: /home/saifa/Desktop/Fun4/install/motorsim_interfaces/share/motorsim_interfaces/cmake/motorsim_interfaces__rosidl_typesupport_introspection_cExport.cmake
[4.158s] -- Installing: /home/saifa/Desktop/Fun4/install/motorsim_interfaces/share/motorsim_interfaces/cmake/motorsim_interfaces__rosidl_typesupport_introspection_cExport-noconfig.cmake
[4.158s] -- Installing: /home/saifa/Desktop/Fun4/install/motorsim_interfaces/share/motorsim_interfaces/cmake/motorsim_interfaces__rosidl_typesupport_cExport.cmake
[4.158s] -- Installing: /home/saifa/Desktop/Fun4/install/motorsim_interfaces/share/motorsim_interfaces/cmake/motorsim_interfaces__rosidl_typesupport_cExport-noconfig.cmake
[4.158s] -- Installing: /home/saifa/Desktop/Fun4/install/motorsim_interfaces/share/motorsim_interfaces/cmake/export_motorsim_interfaces__rosidl_generator_cppExport.cmake
[4.158s] -- Installing: /home/saifa/Desktop/Fun4/install/motorsim_interfaces/share/motorsim_interfaces/cmake/export_motorsim_interfaces__rosidl_typesupport_fastrtps_cppExport.cmake
[4.158s] -- Installing: /home/saifa/Desktop/Fun4/install/motorsim_interfaces/share/motorsim_interfaces/cmake/export_motorsim_interfaces__rosidl_typesupport_fastrtps_cppExport-noconfig.cmake
[4.158s] -- Installing: /home/saifa/Desktop/Fun4/install/motorsim_interfaces/share/motorsim_interfaces/cmake/motorsim_interfaces__rosidl_typesupport_introspection_cppExport.cmake
[4.158s] -- Installing: /home/saifa/Desktop/Fun4/install/motorsim_interfaces/share/motorsim_interfaces/cmake/motorsim_interfaces__rosidl_typesupport_introspection_cppExport-noconfig.cmake
[4.159s] -- Installing: /home/saifa/Desktop/Fun4/install/motorsim_interfaces/share/motorsim_interfaces/cmake/motorsim_interfaces__rosidl_typesupport_cppExport.cmake
[4.159s] -- Installing: /home/saifa/Desktop/Fun4/install/motorsim_interfaces/share/motorsim_interfaces/cmake/motorsim_interfaces__rosidl_typesupport_cppExport-noconfig.cmake
[4.159s] -- Installing: /home/saifa/Desktop/Fun4/install/motorsim_interfaces/share/motorsim_interfaces/cmake/export_motorsim_interfaces__rosidl_generator_pyExport.cmake
[4.159s] -- Installing: /home/saifa/Desktop/Fun4/install/motorsim_interfaces/share/motorsim_interfaces/cmake/export_motorsim_interfaces__rosidl_generator_pyExport-noconfig.cmake
[4.159s] -- Installing: /home/saifa/Desktop/Fun4/install/motorsim_interfaces/share/motorsim_interfaces/cmake/rosidl_cmake-extras.cmake
[4.159s] -- Installing: /home/saifa/Desktop/Fun4/install/motorsim_interfaces/share/motorsim_interfaces/cmake/ament_cmake_export_include_directories-extras.cmake
[4.159s] -- Installing: /home/saifa/Desktop/Fun4/install/motorsim_interfaces/share/motorsim_interfaces/cmake/ament_cmake_export_libraries-extras.cmake
[4.160s] -- Installing: /home/saifa/Desktop/Fun4/install/motorsim_interfaces/share/motorsim_interfaces/cmake/ament_cmake_export_targets-extras.cmake
[4.160s] -- Installing: /home/saifa/Desktop/Fun4/install/motorsim_interfaces/share/motorsim_interfaces/cmake/rosidl_cmake_export_typesupport_targets-extras.cmake
[4.160s] -- Installing: /home/saifa/Desktop/Fun4/install/motorsim_interfaces/share/motorsim_interfaces/cmake/ament_cmake_export_dependencies-extras.cmake
[4.160s] -- Installing: /home/saifa/Desktop/Fun4/install/motorsim_interfaces/share/motorsim_interfaces/cmake/rosidl_cmake_export_typesupport_libraries-extras.cmake
[4.160s] -- Installing: /home/saifa/Desktop/Fun4/install/motorsim_interfaces/share/motorsim_interfaces/cmake/motorsim_interfacesConfig.cmake
[4.160s] -- Installing: /home/saifa/Desktop/Fun4/install/motorsim_interfaces/share/motorsim_interfaces/cmake/motorsim_interfacesConfig-version.cmake
[4.160s] -- Installing: /home/saifa/Desktop/Fun4/install/motorsim_interfaces/share/motorsim_interfaces/package.xml
[4.163s] Invoked command in '/home/saifa/Desktop/Fun4/build/motorsim_interfaces' returned '0': CMAKE_PREFIX_PATH=${CMAKE_PREFIX_PATH}:/home/saifa/mc_ros_ws/install/sensor_msgs_py:/opt/ros/humble /usr/bin/cmake --install /home/saifa/Desktop/Fun4/build/motorsim_interfaces
