[0.019s] Invoking command in '/home/saifa/Desktop/Fun4/build/motorsim': CMAKE_PREFIX_PATH=${CMAKE_PREFIX_PATH}:/home/saifa/mc_ros_ws/install/sensor_msgs_py:/opt/ros/humble /usr/bin/cmake /home/saifa/Desktop/Fun4/src/example_description/src/motorsim -DCMAKE_INSTALL_PREFIX=/home/saifa/Desktop/Fun4/install/motorsim
[0.075s] -- The C compiler identification is GNU 11.4.0
[0.126s] -- The CXX compiler identification is GNU 11.4.0
[0.132s] -- Detecting C compiler ABI info
[0.211s] -- Detecting C compiler ABI info - done
[0.216s] -- Check for working C compiler: /usr/bin/cc - skipped
[0.217s] -- Detecting C compile features
[0.217s] -- Detecting C compile features - done
[0.219s] -- Detecting CXX compiler ABI info
[0.307s] -- Detecting CXX compiler ABI info - done
[0.312s] -- Check for working CXX compiler: /usr/bin/c++ - skipped
[0.312s] -- Detecting CXX compile features
[0.313s] -- Detecting CXX compile features - done
[0.321s] -- Found ament_cmake: 1.3.10 (/opt/ros/humble/share/ament_cmake/cmake)
[0.512s] -- Found Python3: /usr/bin/python3 (found version "3.10.12") found components: Interpreter 
[0.681s] -- Found rclcpp: 16.0.10 (/opt/ros/humble/share/rclcpp/cmake)
[0.773s] -- Found rosidl_generator_c: 3.1.5 (/opt/ros/humble/share/rosidl_generator_c/cmake)
[0.788s] -- Found rosidl_adapter: 3.1.5 (/opt/ros/humble/share/rosidl_adapter/cmake)
[0.805s] -- Found rosidl_generator_cpp: 3.1.5 (/opt/ros/humble/share/rosidl_generator_cpp/cmake)
[0.826s] -- Using all available rosidl_typesupport_c: rosidl_typesupport_microxrcedds_c;rosidl_typesupport_fastrtps_c;rosidl_typesupport_introspection_c
[0.867s] -- Using all available rosidl_typesupport_cpp: rosidl_typesupport_microxrcedds_cpp;rosidl_typesupport_fastrtps_cpp;rosidl_typesupport_introspection_cpp
[0.961s] -- Found rmw_implementation_cmake: 6.1.2 (/opt/ros/humble/share/rmw_implementation_cmake/cmake)
[0.969s] -- Found rmw_fastrtps_cpp: 6.2.7 (/opt/ros/humble/share/rmw_fastrtps_cpp/cmake)
[1.105s] -- Found OpenSSL: /usr/lib/x86_64-linux-gnu/libcrypto.so (found version "3.0.2")  
[1.138s] -- Found FastRTPS: /opt/ros/humble/include  
[1.190s] -- Using RMW implementation 'rmw_fastrtps_cpp' as default
[1.213s] -- Looking for pthread.h
[1.294s] -- Looking for pthread.h - found
[1.294s] -- Performing Test CMAKE_HAVE_LIBC_PTHREAD
[1.377s] -- Performing Test CMAKE_HAVE_LIBC_PTHREAD - Success
[1.378s] -- Found Threads: TRUE  
[1.437s] -- Found rclpy: 3.3.14 (/opt/ros/humble/share/rclpy/cmake)
[1.597s] -- Configuring done
[1.606s] -- Generating done
[1.608s] -- Build files have been written to: /home/saifa/Desktop/Fun4/build/motorsim
[1.617s] Invoked command in '/home/saifa/Desktop/Fun4/build/motorsim' returned '0': CMAKE_PREFIX_PATH=${CMAKE_PREFIX_PATH}:/home/saifa/mc_ros_ws/install/sensor_msgs_py:/opt/ros/humble /usr/bin/cmake /home/saifa/Desktop/Fun4/src/example_description/src/motorsim -DCMAKE_INSTALL_PREFIX=/home/saifa/Desktop/Fun4/install/motorsim
[1.618s] Invoking command in '/home/saifa/Desktop/Fun4/build/motorsim': CMAKE_PREFIX_PATH=${CMAKE_PREFIX_PATH}:/home/saifa/mc_ros_ws/install/sensor_msgs_py:/opt/ros/humble /usr/bin/cmake --build /home/saifa/Desktop/Fun4/build/motorsim -- -j16 -l16
[1.686s] [ 50%] [32mBuilding CXX object CMakeFiles/cpp_node_test.dir/src/cpp_node.cpp.o[0m
[1.698s] [ 50%] Built target ament_cmake_python_copy_motorsim
[1.912s] [100%] [32m[1mLinking CXX executable cpp_node_test[0m
[1.952s] running egg_info
[1.952s] creating motorsim.egg-info
[1.952s] writing motorsim.egg-info/PKG-INFO
[1.952s] writing dependency_links to motorsim.egg-info/dependency_links.txt
[1.952s] writing top-level names to motorsim.egg-info/top_level.txt
[1.952s] writing manifest file 'motorsim.egg-info/SOURCES.txt'
[1.956s] reading manifest file 'motorsim.egg-info/SOURCES.txt'
[1.956s] writing manifest file 'motorsim.egg-info/SOURCES.txt'
[1.997s] [100%] Built target ament_cmake_python_build_motorsim_egg
[2.029s] [100%] Built target cpp_node_test
[2.044s] Invoked command in '/home/saifa/Desktop/Fun4/build/motorsim' returned '0': CMAKE_PREFIX_PATH=${CMAKE_PREFIX_PATH}:/home/saifa/mc_ros_ws/install/sensor_msgs_py:/opt/ros/humble /usr/bin/cmake --build /home/saifa/Desktop/Fun4/build/motorsim -- -j16 -l16
[2.094s] Invoking command in '/home/saifa/Desktop/Fun4/build/motorsim': CMAKE_PREFIX_PATH=${CMAKE_PREFIX_PATH}:/home/saifa/mc_ros_ws/install/sensor_msgs_py:/opt/ros/humble /usr/bin/cmake --install /home/saifa/Desktop/Fun4/build/motorsim
[2.104s] -- Install configuration: ""
[2.104s] -- Installing: /home/saifa/Desktop/Fun4/install/motorsim/share/motorsim/environment/pythonpath.sh
[2.104s] -- Installing: /home/saifa/Desktop/Fun4/install/motorsim/share/motorsim/environment/pythonpath.dsv
[2.104s] -- Installing: /home/saifa/Desktop/Fun4/install/motorsim/local/lib/python3.10/dist-packages/motorsim-0.0.0-py3.10.egg-info
[2.104s] -- Installing: /home/saifa/Desktop/Fun4/install/motorsim/local/lib/python3.10/dist-packages/motorsim-0.0.0-py3.10.egg-info/top_level.txt
[2.105s] -- Installing: /home/saifa/Desktop/Fun4/install/motorsim/local/lib/python3.10/dist-packages/motorsim-0.0.0-py3.10.egg-info/SOURCES.txt
[2.105s] -- Installing: /home/saifa/Desktop/Fun4/install/motorsim/local/lib/python3.10/dist-packages/motorsim-0.0.0-py3.10.egg-info/dependency_links.txt
[2.105s] -- Installing: /home/saifa/Desktop/Fun4/install/motorsim/local/lib/python3.10/dist-packages/motorsim-0.0.0-py3.10.egg-info/PKG-INFO
[2.105s] -- Installing: /home/saifa/Desktop/Fun4/install/motorsim/local/lib/python3.10/dist-packages/motorsim
[2.105s] -- Installing: /home/saifa/Desktop/Fun4/install/motorsim/local/lib/python3.10/dist-packages/motorsim/dc_motor_model.py
[2.105s] -- Installing: /home/saifa/Desktop/Fun4/install/motorsim/local/lib/python3.10/dist-packages/motorsim/__init__.py
[2.105s] -- Installing: /home/saifa/Desktop/Fun4/install/motorsim/local/lib/python3.10/dist-packages/motorsim/pid_controller.py
[2.106s] -- Installing: /home/saifa/Desktop/Fun4/install/motorsim/local/lib/python3.10/dist-packages/motorsim/dummy_module.py
[2.151s] Listing '/home/saifa/Desktop/Fun4/install/motorsim/local/lib/python3.10/dist-packages/motorsim'...
[2.152s] Compiling '/home/saifa/Desktop/Fun4/install/motorsim/local/lib/python3.10/dist-packages/motorsim/__init__.py'...
[2.152s] Compiling '/home/saifa/Desktop/Fun4/install/motorsim/local/lib/python3.10/dist-packages/motorsim/dc_motor_model.py'...
[2.152s] Compiling '/home/saifa/Desktop/Fun4/install/motorsim/local/lib/python3.10/dist-packages/motorsim/dummy_module.py'...
[2.152s] Compiling '/home/saifa/Desktop/Fun4/install/motorsim/local/lib/python3.10/dist-packages/motorsim/pid_controller.py'...
[2.155s] -- Installing: /home/saifa/Desktop/Fun4/install/motorsim/lib/motorsim/dummy_script.py
[2.155s] -- Installing: /home/saifa/Desktop/Fun4/install/motorsim/lib/motorsim/dc_motor_node.py
[2.155s] -- Installing: /home/saifa/Desktop/Fun4/install/motorsim/lib/motorsim/motorsim_node.py
[2.155s] -- Installing: /home/saifa/Desktop/Fun4/install/motorsim/lib/motorsim/controller_node.py
[2.156s] -- Installing: /home/saifa/Desktop/Fun4/install/motorsim/lib/motorsim/cpp_node_test
[2.156s] -- Set runtime path of "/home/saifa/Desktop/Fun4/install/motorsim/lib/motorsim/cpp_node_test" to ""
[2.156s] -- Installing: /home/saifa/Desktop/Fun4/install/motorsim/share/motorsim/scripts
[2.156s] -- Installing: /home/saifa/Desktop/Fun4/install/motorsim/share/motorsim/scripts/dummy_script.py
[2.156s] -- Installing: /home/saifa/Desktop/Fun4/install/motorsim/share/motorsim/scripts/motorsim_node.py
[2.156s] -- Installing: /home/saifa/Desktop/Fun4/install/motorsim/share/motorsim/scripts/dc_motor_node.py
[2.156s] -- Installing: /home/saifa/Desktop/Fun4/install/motorsim/share/motorsim/scripts/controller_node.py
[2.157s] -- Installing: /home/saifa/Desktop/Fun4/install/motorsim/share/motorsim/motorsim
[2.157s] -- Installing: /home/saifa/Desktop/Fun4/install/motorsim/share/motorsim/motorsim/dc_motor_model.py
[2.157s] -- Installing: /home/saifa/Desktop/Fun4/install/motorsim/share/motorsim/motorsim/__init__.py
[2.157s] -- Installing: /home/saifa/Desktop/Fun4/install/motorsim/share/motorsim/motorsim/pid_controller.py
[2.157s] -- Installing: /home/saifa/Desktop/Fun4/install/motorsim/share/motorsim/motorsim/dummy_module.py
[2.157s] -- Installing: /home/saifa/Desktop/Fun4/install/motorsim/share/ament_index/resource_index/package_run_dependencies/motorsim
[2.157s] -- Installing: /home/saifa/Desktop/Fun4/install/motorsim/share/ament_index/resource_index/parent_prefix_path/motorsim
[2.157s] -- Installing: /home/saifa/Desktop/Fun4/install/motorsim/share/motorsim/environment/ament_prefix_path.sh
[2.158s] -- Installing: /home/saifa/Desktop/Fun4/install/motorsim/share/motorsim/environment/ament_prefix_path.dsv
[2.158s] -- Installing: /home/saifa/Desktop/Fun4/install/motorsim/share/motorsim/environment/path.sh
[2.158s] -- Installing: /home/saifa/Desktop/Fun4/install/motorsim/share/motorsim/environment/path.dsv
[2.158s] -- Installing: /home/saifa/Desktop/Fun4/install/motorsim/share/motorsim/local_setup.bash
[2.158s] -- Installing: /home/saifa/Desktop/Fun4/install/motorsim/share/motorsim/local_setup.sh
[2.158s] -- Installing: /home/saifa/Desktop/Fun4/install/motorsim/share/motorsim/local_setup.zsh
[2.159s] -- Installing: /home/saifa/Desktop/Fun4/install/motorsim/share/motorsim/local_setup.dsv
[2.159s] -- Installing: /home/saifa/Desktop/Fun4/install/motorsim/share/motorsim/package.dsv
[2.159s] -- Installing: /home/saifa/Desktop/Fun4/install/motorsim/share/ament_index/resource_index/packages/motorsim
[2.159s] -- Installing: /home/saifa/Desktop/Fun4/install/motorsim/share/motorsim/cmake/motorsimConfig.cmake
[2.159s] -- Installing: /home/saifa/Desktop/Fun4/install/motorsim/share/motorsim/cmake/motorsimConfig-version.cmake
[2.159s] -- Installing: /home/saifa/Desktop/Fun4/install/motorsim/share/motorsim/package.xml
[2.162s] Invoked command in '/home/saifa/Desktop/Fun4/build/motorsim' returned '0': CMAKE_PREFIX_PATH=${CMAKE_PREFIX_PATH}:/home/saifa/mc_ros_ws/install/sensor_msgs_py:/opt/ros/humble /usr/bin/cmake --install /home/saifa/Desktop/Fun4/build/motorsim
