[0.018s] Invoking command in '/home/saifa/Desktop/Fun4/build/fun4': CMAKE_PREFIX_PATH=${CMAKE_PREFIX_PATH}:/home/saifa/mc_ros_ws/install/sensor_msgs_py:/opt/ros/humble /usr/bin/cmake --build /home/saifa/Desktop/Fun4/build/fun4 -- -j16 -l16
[0.082s] [100%] Built target cpp_node_test
[0.092s] [100%] Built target ament_cmake_python_copy_fun4
[0.350s] running egg_info
[0.351s] writing fun4.egg-info/PKG-INFO
[0.351s] writing dependency_links to fun4.egg-info/dependency_links.txt
[0.352s] writing top-level names to fun4.egg-info/top_level.txt
[0.354s] reading manifest file 'fun4.egg-info/SOURCES.txt'
[0.355s] writing manifest file 'fun4.egg-info/SOURCES.txt'
[0.398s] [100%] Built target ament_cmake_python_build_fun4_egg
[0.413s] Invoked command in '/home/saifa/Desktop/Fun4/build/fun4' returned '0': CMAKE_PREFIX_PATH=${CMAKE_PREFIX_PATH}:/home/saifa/mc_ros_ws/install/sensor_msgs_py:/opt/ros/humble /usr/bin/cmake --build /home/saifa/Desktop/Fun4/build/fun4 -- -j16 -l16
[0.471s] Invoking command in '/home/saifa/Desktop/Fun4/build/fun4': CMAKE_PREFIX_PATH=${CMAKE_PREFIX_PATH}:/home/saifa/mc_ros_ws/install/sensor_msgs_py:/opt/ros/humble /usr/bin/cmake --install /home/saifa/Desktop/Fun4/build/fun4
[0.481s] -- Install configuration: ""
[0.481s] -- Up-to-date: /home/saifa/Desktop/Fun4/install/fun4/share/fun4/environment/pythonpath.sh
[0.481s] -- Up-to-date: /home/saifa/Desktop/Fun4/install/fun4/share/fun4/environment/pythonpath.dsv
[0.481s] -- Up-to-date: /home/saifa/Desktop/Fun4/install/fun4/local/lib/python3.10/dist-packages/fun4-0.0.0-py3.10.egg-info
[0.481s] -- Installing: /home/saifa/Desktop/Fun4/install/fun4/local/lib/python3.10/dist-packages/fun4-0.0.0-py3.10.egg-info/top_level.txt
[0.482s] -- Installing: /home/saifa/Desktop/Fun4/install/fun4/local/lib/python3.10/dist-packages/fun4-0.0.0-py3.10.egg-info/SOURCES.txt
[0.482s] -- Installing: /home/saifa/Desktop/Fun4/install/fun4/local/lib/python3.10/dist-packages/fun4-0.0.0-py3.10.egg-info/dependency_links.txt
[0.482s] -- Installing: /home/saifa/Desktop/Fun4/install/fun4/local/lib/python3.10/dist-packages/fun4-0.0.0-py3.10.egg-info/PKG-INFO
[0.482s] -- Up-to-date: /home/saifa/Desktop/Fun4/install/fun4/local/lib/python3.10/dist-packages/fun4
[0.482s] -- Up-to-date: /home/saifa/Desktop/Fun4/install/fun4/local/lib/python3.10/dist-packages/fun4/__init__.py
[0.482s] -- Up-to-date: /home/saifa/Desktop/Fun4/install/fun4/local/lib/python3.10/dist-packages/fun4/dummy_module.py
[0.527s] Listing '/home/saifa/Desktop/Fun4/install/fun4/local/lib/python3.10/dist-packages/fun4'...
[0.531s] -- Up-to-date: /home/saifa/Desktop/Fun4/install/fun4/lib/fun4/dummy_script.py
[0.531s] -- Up-to-date: /home/saifa/Desktop/Fun4/install/fun4/lib/fun4/example_state.py
[0.531s] -- Up-to-date: /home/saifa/Desktop/Fun4/install/fun4/lib/fun4/Random.py
[0.532s] -- Up-to-date: /home/saifa/Desktop/Fun4/install/fun4/lib/fun4/controller.py
[0.532s] -- Up-to-date: /home/saifa/Desktop/Fun4/install/fun4/lib/fun4/cpp_node_test
[0.532s] -- Up-to-date: /home/saifa/Desktop/Fun4/install/fun4/share/fun4/launch
[0.532s] -- Up-to-date: /home/saifa/Desktop/Fun4/install/fun4/share/fun4/launch/simple_fun4.launch.py
[0.532s] -- Up-to-date: /home/saifa/Desktop/Fun4/install/fun4/share/ament_index/resource_index/package_run_dependencies/fun4
[0.532s] -- Up-to-date: /home/saifa/Desktop/Fun4/install/fun4/share/ament_index/resource_index/parent_prefix_path/fun4
[0.532s] -- Up-to-date: /home/saifa/Desktop/Fun4/install/fun4/share/fun4/environment/ament_prefix_path.sh
[0.533s] -- Up-to-date: /home/saifa/Desktop/Fun4/install/fun4/share/fun4/environment/ament_prefix_path.dsv
[0.533s] -- Up-to-date: /home/saifa/Desktop/Fun4/install/fun4/share/fun4/environment/path.sh
[0.533s] -- Up-to-date: /home/saifa/Desktop/Fun4/install/fun4/share/fun4/environment/path.dsv
[0.534s] -- Up-to-date: /home/saifa/Desktop/Fun4/install/fun4/share/fun4/local_setup.bash
[0.534s] -- Up-to-date: /home/saifa/Desktop/Fun4/install/fun4/share/fun4/local_setup.sh
[0.534s] -- Up-to-date: /home/saifa/Desktop/Fun4/install/fun4/share/fun4/local_setup.zsh
[0.534s] -- Up-to-date: /home/saifa/Desktop/Fun4/install/fun4/share/fun4/local_setup.dsv
[0.534s] -- Up-to-date: /home/saifa/Desktop/Fun4/install/fun4/share/fun4/package.dsv
[0.535s] -- Up-to-date: /home/saifa/Desktop/Fun4/install/fun4/share/ament_index/resource_index/packages/fun4
[0.536s] -- Up-to-date: /home/saifa/Desktop/Fun4/install/fun4/share/fun4/cmake/fun4Config.cmake
[0.536s] -- Up-to-date: /home/saifa/Desktop/Fun4/install/fun4/share/fun4/cmake/fun4Config-version.cmake
[0.536s] -- Up-to-date: /home/saifa/Desktop/Fun4/install/fun4/share/fun4/package.xml
[0.537s] Invoked command in '/home/saifa/Desktop/Fun4/build/fun4' returned '0': CMAKE_PREFIX_PATH=${CMAKE_PREFIX_PATH}:/home/saifa/mc_ros_ws/install/sensor_msgs_py:/opt/ros/humble /usr/bin/cmake --install /home/saifa/Desktop/Fun4/build/fun4
