[0.016s] Invoking command in '/home/saifa/Desktop/Fun4/build/example_description': CMAKE_PREFIX_PATH=${CMAKE_PREFIX_PATH}:/home/saifa/mc_ros_ws/install/sensor_msgs_py:/opt/ros/humble /usr/bin/cmake /home/saifa/Desktop/Fun4/src/example_description -DCMAKE_INSTALL_PREFIX=/home/saifa/Desktop/Fun4/install/example_description
[0.077s] -- The C compiler identification is GNU 11.4.0
[0.130s] -- The CXX compiler identification is GNU 11.4.0
[0.137s] -- Detecting C compiler ABI info
[0.221s] -- Detecting C compiler ABI info - done
[0.227s] -- Check for working C compiler: /usr/bin/cc - skipped
[0.227s] -- Detecting C compile features
[0.227s] -- Detecting C compile features - done
[0.230s] -- Detecting CXX compiler ABI info
[0.325s] -- Detecting CXX compiler ABI info - done
[0.330s] -- Check for working CXX compiler: /usr/bin/c++ - skipped
[0.330s] -- Detecting CXX compile features
[0.331s] -- Detecting CXX compile features - done
[0.339s] -- Found ament_cmake: 1.3.10 (/opt/ros/humble/share/ament_cmake/cmake)
[0.536s] -- Found Python3: /usr/bin/python3 (found version "3.10.12") found components: Interpreter 
[0.718s] -- Found rclcpp: 16.0.10 (/opt/ros/humble/share/rclcpp/cmake)
[0.807s] -- Found rosidl_generator_c: 3.1.5 (/opt/ros/humble/share/rosidl_generator_c/cmake)
[0.821s] -- Found rosidl_adapter: 3.1.5 (/opt/ros/humble/share/rosidl_adapter/cmake)
[0.838s] -- Found rosidl_generator_cpp: 3.1.5 (/opt/ros/humble/share/rosidl_generator_cpp/cmake)
[0.859s] -- Using all available rosidl_typesupport_c: rosidl_typesupport_microxrcedds_c;rosidl_typesupport_fastrtps_c;rosidl_typesupport_introspection_c
[0.901s] -- Using all available rosidl_typesupport_cpp: rosidl_typesupport_microxrcedds_cpp;rosidl_typesupport_fastrtps_cpp;rosidl_typesupport_introspection_cpp
[0.998s] -- Found rmw_implementation_cmake: 6.1.2 (/opt/ros/humble/share/rmw_implementation_cmake/cmake)
[1.007s] -- Found rmw_fastrtps_cpp: 6.2.7 (/opt/ros/humble/share/rmw_fastrtps_cpp/cmake)
[1.149s] -- Found OpenSSL: /usr/lib/x86_64-linux-gnu/libcrypto.so (found version "3.0.2")  
[1.181s] -- Found FastRTPS: /opt/ros/humble/include  
[1.232s] -- Using RMW implementation 'rmw_fastrtps_cpp' as default
[1.255s] -- Looking for pthread.h
[1.344s] -- Looking for pthread.h - found
[1.344s] -- Performing Test CMAKE_HAVE_LIBC_PTHREAD
[1.424s] -- Performing Test CMAKE_HAVE_LIBC_PTHREAD - Success
[1.425s] -- Found Threads: TRUE  
[1.482s] -- Found rclpy: 3.3.14 (/opt/ros/humble/share/rclpy/cmake)
[1.638s] -- Configuring done
[1.648s] -- Generating done
[1.650s] -- Build files have been written to: /home/saifa/Desktop/Fun4/build/example_description
[1.659s] Invoked command in '/home/saifa/Desktop/Fun4/build/example_description' returned '0': CMAKE_PREFIX_PATH=${CMAKE_PREFIX_PATH}:/home/saifa/mc_ros_ws/install/sensor_msgs_py:/opt/ros/humble /usr/bin/cmake /home/saifa/Desktop/Fun4/src/example_description -DCMAKE_INSTALL_PREFIX=/home/saifa/Desktop/Fun4/install/example_description
[1.660s] Invoking command in '/home/saifa/Desktop/Fun4/build/example_description': CMAKE_PREFIX_PATH=${CMAKE_PREFIX_PATH}:/home/saifa/mc_ros_ws/install/sensor_msgs_py:/opt/ros/humble /usr/bin/cmake --build /home/saifa/Desktop/Fun4/build/example_description -- -j16 -l16
[1.725s] [ 50%] [32mBuilding CXX object CMakeFiles/cpp_node_test.dir/src/cpp_node.cpp.o[0m
[1.736s] [ 50%] Built target ament_cmake_python_copy_example_description
[1.942s] [100%] [32m[1mLinking CXX executable cpp_node_test[0m
[1.971s] running egg_info
[1.971s] creating example_description.egg-info
[1.972s] writing example_description.egg-info/PKG-INFO
[1.972s] writing dependency_links to example_description.egg-info/dependency_links.txt
[1.972s] writing top-level names to example_description.egg-info/top_level.txt
[1.972s] writing manifest file 'example_description.egg-info/SOURCES.txt'
[1.974s] reading manifest file 'example_description.egg-info/SOURCES.txt'
[1.974s] writing manifest file 'example_description.egg-info/SOURCES.txt'
[2.003s] [100%] Built target ament_cmake_python_build_example_description_egg
[2.031s] [100%] Built target cpp_node_test
[2.044s] Invoked command in '/home/saifa/Desktop/Fun4/build/example_description' returned '0': CMAKE_PREFIX_PATH=${CMAKE_PREFIX_PATH}:/home/saifa/mc_ros_ws/install/sensor_msgs_py:/opt/ros/humble /usr/bin/cmake --build /home/saifa/Desktop/Fun4/build/example_description -- -j16 -l16
[2.090s] Invoking command in '/home/saifa/Desktop/Fun4/build/example_description': CMAKE_PREFIX_PATH=${CMAKE_PREFIX_PATH}:/home/saifa/mc_ros_ws/install/sensor_msgs_py:/opt/ros/humble /usr/bin/cmake --install /home/saifa/Desktop/Fun4/build/example_description
[2.099s] -- Install configuration: ""
[2.099s] -- Installing: /home/saifa/Desktop/Fun4/install/example_description/share/example_description/environment/pythonpath.sh
[2.099s] -- Installing: /home/saifa/Desktop/Fun4/install/example_description/share/example_description/environment/pythonpath.dsv
[2.099s] -- Installing: /home/saifa/Desktop/Fun4/install/example_description/local/lib/python3.10/dist-packages/example_description-0.0.0-py3.10.egg-info
[2.100s] -- Installing: /home/saifa/Desktop/Fun4/install/example_description/local/lib/python3.10/dist-packages/example_description-0.0.0-py3.10.egg-info/top_level.txt
[2.100s] -- Installing: /home/saifa/Desktop/Fun4/install/example_description/local/lib/python3.10/dist-packages/example_description-0.0.0-py3.10.egg-info/SOURCES.txt
[2.100s] -- Installing: /home/saifa/Desktop/Fun4/install/example_description/local/lib/python3.10/dist-packages/example_description-0.0.0-py3.10.egg-info/dependency_links.txt
[2.100s] -- Installing: /home/saifa/Desktop/Fun4/install/example_description/local/lib/python3.10/dist-packages/example_description-0.0.0-py3.10.egg-info/PKG-INFO
[2.100s] -- Installing: /home/saifa/Desktop/Fun4/install/example_description/local/lib/python3.10/dist-packages/example_description
[2.100s] -- Installing: /home/saifa/Desktop/Fun4/install/example_description/local/lib/python3.10/dist-packages/example_description/__init__.py
[2.100s] -- Installing: /home/saifa/Desktop/Fun4/install/example_description/local/lib/python3.10/dist-packages/example_description/dummy_module.py
[2.140s] Listing '/home/saifa/Desktop/Fun4/install/example_description/local/lib/python3.10/dist-packages/example_description'...
[2.140s] Compiling '/home/saifa/Desktop/Fun4/install/example_description/local/lib/python3.10/dist-packages/example_description/__init__.py'...
[2.141s] Compiling '/home/saifa/Desktop/Fun4/install/example_description/local/lib/python3.10/dist-packages/example_description/dummy_module.py'...
[2.144s] -- Installing: /home/saifa/Desktop/Fun4/install/example_description/lib/example_description/dummy_script.py
[2.144s] -- Installing: /home/saifa/Desktop/Fun4/install/example_description/lib/example_description/cpp_node_test
[2.144s] -- Set runtime path of "/home/saifa/Desktop/Fun4/install/example_description/lib/example_description/cpp_node_test" to ""
[2.145s] -- Installing: /home/saifa/Desktop/Fun4/install/example_description/share/example_description/robot
[2.145s] -- Installing: /home/saifa/Desktop/Fun4/install/example_description/share/example_description/robot/visual
[2.145s] -- Installing: /home/saifa/Desktop/Fun4/install/example_description/share/example_description/robot/visual/my-robot.xacro
[2.145s] -- Installing: /home/saifa/Desktop/Fun4/install/example_description/share/example_description/robot/visual/01-myfirst.urdf
[2.145s] -- Installing: /home/saifa/Desktop/Fun4/install/example_description/share/example_description/meshes
[2.145s] -- Installing: /home/saifa/Desktop/Fun4/install/example_description/share/example_description/meshes/link_1.stl
[2.145s] -- Installing: /home/saifa/Desktop/Fun4/install/example_description/share/example_description/meshes/link_0.stl
[2.145s] -- Installing: /home/saifa/Desktop/Fun4/install/example_description/share/example_description/meshes/link_2.stl
[2.146s] -- Installing: /home/saifa/Desktop/Fun4/install/example_description/share/example_description/meshes/end_effector.stl
[2.146s] -- Installing: /home/saifa/Desktop/Fun4/install/example_description/share/example_description/meshes/link_3.stl
[2.146s] -- Installing: /home/saifa/Desktop/Fun4/install/example_description/share/example_description/config
[2.146s] -- Installing: /home/saifa/Desktop/Fun4/install/example_description/share/example_description/config/display.rviz
[2.146s] -- Installing: /home/saifa/Desktop/Fun4/install/example_description/share/example_description/launch
[2.146s] -- Installing: /home/saifa/Desktop/Fun4/install/example_description/share/example_description/launch/simple_display.launch.py
[2.147s] -- Installing: /home/saifa/Desktop/Fun4/install/example_description/share/ament_index/resource_index/package_run_dependencies/example_description
[2.147s] -- Installing: /home/saifa/Desktop/Fun4/install/example_description/share/ament_index/resource_index/parent_prefix_path/example_description
[2.147s] -- Installing: /home/saifa/Desktop/Fun4/install/example_description/share/example_description/environment/ament_prefix_path.sh
[2.147s] -- Installing: /home/saifa/Desktop/Fun4/install/example_description/share/example_description/environment/ament_prefix_path.dsv
[2.147s] -- Installing: /home/saifa/Desktop/Fun4/install/example_description/share/example_description/environment/path.sh
[2.147s] -- Installing: /home/saifa/Desktop/Fun4/install/example_description/share/example_description/environment/path.dsv
[2.147s] -- Installing: /home/saifa/Desktop/Fun4/install/example_description/share/example_description/local_setup.bash
[2.148s] -- Installing: /home/saifa/Desktop/Fun4/install/example_description/share/example_description/local_setup.sh
[2.148s] -- Installing: /home/saifa/Desktop/Fun4/install/example_description/share/example_description/local_setup.zsh
[2.148s] -- Installing: /home/saifa/Desktop/Fun4/install/example_description/share/example_description/local_setup.dsv
[2.148s] -- Installing: /home/saifa/Desktop/Fun4/install/example_description/share/example_description/package.dsv
[2.148s] -- Installing: /home/saifa/Desktop/Fun4/install/example_description/share/ament_index/resource_index/packages/example_description
[2.148s] -- Installing: /home/saifa/Desktop/Fun4/install/example_description/share/example_description/cmake/example_descriptionConfig.cmake
[2.148s] -- Installing: /home/saifa/Desktop/Fun4/install/example_description/share/example_description/cmake/example_descriptionConfig-version.cmake
[2.149s] -- Installing: /home/saifa/Desktop/Fun4/install/example_description/share/example_description/package.xml
[2.151s] Invoked command in '/home/saifa/Desktop/Fun4/build/example_description' returned '0': CMAKE_PREFIX_PATH=${CMAKE_PREFIX_PATH}:/home/saifa/mc_ros_ws/install/sensor_msgs_py:/opt/ros/humble /usr/bin/cmake --install /home/saifa/Desktop/Fun4/build/example_description
