-- Found ament_cmake: 1.3.10 (/opt/ros/humble/share/ament_cmake/cmake)
-- Found std_msgs: 4.2.4 (/home/saifa/mc_ros_ws/install/std_msgs/share/std_msgs/cmake)
-- Found rosidl_generator_c: 3.1.5 (/opt/ros/humble/share/rosidl_generator_c/cmake)
-- Found rosidl_adapter: 3.1.5 (/opt/ros/humble/share/rosidl_adapter/cmake)
-- Found rosidl_generator_cpp: 3.1.5 (/opt/ros/humble/share/rosidl_generator_cpp/cmake)
-- Using all available rosidl_typesupport_c: rosidl_typesupport_microxrcedds_c;rosidl_typesupport_fastrtps_c;rosidl_typesupport_introspection_c
-- Using all available rosidl_typesupport_cpp: rosidl_typesupport_microxrcedds_cpp;rosidl_typesupport_fastrtps_cpp;rosidl_typesupport_introspection_cpp
-- Found rosidl_default_generators: 1.2.0 (/opt/ros/humble/share/rosidl_default_generators/cmake)
-- Found ament_lint_auto: 0.12.11 (/opt/ros/humble/share/ament_lint_auto/cmake)
-- Found ament_cmake_ros: 0.10.0 (/opt/ros/humble/share/ament_cmake_ros/cmake)
-- Using all available rosidl_typesupport_c: rosidl_typesupport_microxrcedds_c;rosidl_typesupport_fastrtps_c;rosidl_typesupport_introspection_c
-- Using all available rosidl_typesupport_cpp: rosidl_typesupport_microxrcedds_cpp;rosidl_typesupport_fastrtps_cpp;rosidl_typesupport_introspection_cpp
-- Found python_cmake_module: 0.10.0 (/opt/ros/humble/share/python_cmake_module/cmake)
-- Using PYTHON_EXECUTABLE: /usr/bin/python3
-- Using PYTHON_INCLUDE_DIRS: /usr/include/python3.10
-- Using PYTHON_LIBRARIES: /usr/lib/x86_64-linux-gnu/libpython3.10.so
-- Added test 'lint_cmake' to check CMake code style
-- Added test 'xmllint' to check XML markup files
-- Configuring done
-- Generating done
-- Build files have been written to: /home/saifa/Desktop/Fun4/build/custom_interface
[  2%] [34m[1mGenerating C code for ROS interfaces[0m
[  5%] [34m[1mGenerating C++ code for ROS interfaces[0m
[  5%] Built target ament_cmake_python_copy_custom_interface
[35m[1mConsolidate compiler generated dependencies of target custom_interface__rosidl_generator_c[0m
[  5%] Built target custom_interface__cpp
[  7%] [32mBuilding C object CMakeFiles/custom_interface__rosidl_generator_c.dir/rosidl_generator_c/custom_interface/srv/detail/basic__functions.c.o[0m
[ 12%] [34m[1mGenerating C++ type support dispatch for ROS interfaces[0m
[ 17%] [34m[1mGenerating C++ type support for eProsima Fast-RTPS[0m
[ 12%] [34m[1mGenerating C++ type support for eProsima Micro XRCE-DDS[0m
[ 17%] [34m[1mGenerating C++ introspection for ROS interfaces[0m
running egg_info
writing custom_interface.egg-info/PKG-INFO
writing dependency_links to custom_interface.egg-info/dependency_links.txt
writing top-level names to custom_interface.egg-info/top_level.txt
reading manifest file 'custom_interface.egg-info/SOURCES.txt'
writing manifest file 'custom_interface.egg-info/SOURCES.txt'
[ 17%] Built target ament_cmake_python_build_custom_interface_egg
[ 20%] [32m[1mLinking C shared library libcustom_interface__rosidl_generator_c.so[0m
[ 20%] Built target custom_interface__rosidl_generator_c
[ 23%] [34m[1mGenerating C type support for eProsima Fast-RTPS[0m
[ 25%] [34m[1mGenerating C introspection for ROS interfaces[0m
[ 28%] [34m[1mGenerating C type support for eProsima Micro XRCE-DDS[0m
[ 30%] [34m[1mGenerating C type support dispatch for ROS interfaces[0m
[35m[1mConsolidate compiler generated dependencies of target custom_interface__rosidl_typesupport_cpp[0m
[ 33%] [32mBuilding CXX object CMakeFiles/custom_interface__rosidl_typesupport_cpp.dir/rosidl_typesupport_cpp/custom_interface/srv/basic__type_support.cpp.o[0m
[35m[1mConsolidate compiler generated dependencies of target custom_interface__rosidl_typesupport_introspection_cpp[0m
[35m[1mConsolidate compiler generated dependencies of target custom_interface__rosidl_typesupport_fastrtps_cpp[0m
[ 35%] [32mBuilding CXX object CMakeFiles/custom_interface__rosidl_typesupport_introspection_cpp.dir/rosidl_typesupport_introspection_cpp/custom_interface/srv/detail/basic__type_support.cpp.o[0m
[ 38%] [32mBuilding CXX object CMakeFiles/custom_interface__rosidl_typesupport_fastrtps_cpp.dir/rosidl_typesupport_fastrtps_cpp/custom_interface/srv/detail/dds_fastrtps/basic__type_support.cpp.o[0m
[35m[1mConsolidate compiler generated dependencies of target custom_interface__rosidl_typesupport_microxrcedds_cpp[0m
[ 41%] [32mBuilding CXX object CMakeFiles/custom_interface__rosidl_typesupport_microxrcedds_cpp.dir/rosidl_typesupport_microxrcedds_cpp/custom_interface/srv/detail/microxrcedds/basic__type_support_cpp.cpp.o[0m
[35m[1mConsolidate compiler generated dependencies of target custom_interface__rosidl_typesupport_c[0m
[ 43%] [32mBuilding CXX object CMakeFiles/custom_interface__rosidl_typesupport_c.dir/rosidl_typesupport_c/custom_interface/srv/basic__type_support.cpp.o[0m
[ 46%] [32m[1mLinking CXX shared library libcustom_interface__rosidl_typesupport_c.so[0m
[35m[1mConsolidate compiler generated dependencies of target custom_interface__rosidl_typesupport_introspection_c[0m
[ 48%] [32mBuilding C object CMakeFiles/custom_interface__rosidl_typesupport_introspection_c.dir/rosidl_typesupport_introspection_c/custom_interface/srv/detail/basic__type_support.c.o[0m
[35m[1mConsolidate compiler generated dependencies of target custom_interface__rosidl_typesupport_microxrcedds_c[0m
[35m[1mConsolidate compiler generated dependencies of target custom_interface__rosidl_typesupport_fastrtps_c[0m
[ 51%] [32mBuilding C object CMakeFiles/custom_interface__rosidl_typesupport_microxrcedds_c.dir/rosidl_typesupport_microxrcedds_c/custom_interface/srv/detail/microxrcedds/basic__type_support_c.c.o[0m
[ 51%] Built target custom_interface__rosidl_typesupport_c
[ 53%] [32mBuilding CXX object CMakeFiles/custom_interface__rosidl_typesupport_fastrtps_c.dir/rosidl_typesupport_fastrtps_c/custom_interface/srv/detail/basic__type_support_c.cpp.o[0m
[ 56%] [32m[1mLinking C shared library libcustom_interface__rosidl_typesupport_introspection_c.so[0m
[ 58%] [32m[1mLinking C shared library libcustom_interface__rosidl_typesupport_microxrcedds_c.so[0m
[ 58%] Built target custom_interface__rosidl_typesupport_introspection_c
[ 61%] [32m[1mLinking CXX shared library libcustom_interface__rosidl_typesupport_cpp.so[0m
[ 64%] [32m[1mLinking CXX shared library libcustom_interface__rosidl_typesupport_microxrcedds_cpp.so[0m
[ 64%] Built target custom_interface__rosidl_typesupport_cpp
[ 64%] Built target custom_interface__rosidl_typesupport_microxrcedds_c
[ 66%] [32m[1mLinking CXX shared library libcustom_interface__rosidl_typesupport_introspection_cpp.so[0m
[ 69%] [32m[1mLinking CXX shared library libcustom_interface__rosidl_typesupport_fastrtps_cpp.so[0m
[ 69%] Built target custom_interface__rosidl_typesupport_microxrcedds_cpp
[ 69%] Built target custom_interface__rosidl_typesupport_introspection_cpp
[ 69%] Built target custom_interface__rosidl_typesupport_fastrtps_cpp
[ 71%] [32m[1mLinking CXX shared library libcustom_interface__rosidl_typesupport_fastrtps_c.so[0m
[ 71%] Built target custom_interface__rosidl_typesupport_fastrtps_c
[ 71%] Built target custom_interface
[ 74%] [34m[1mGenerating Python code for ROS interfaces[0m
[ 74%] Built target custom_interface__py
[35m[1mConsolidate compiler generated dependencies of target custom_interface__rosidl_generator_py[0m
[ 76%] [32mBuilding C object CMakeFiles/custom_interface__rosidl_generator_py.dir/rosidl_generator_py/custom_interface/srv/_basic_s.c.o[0m
[ 79%] [32m[1mLinking C shared library rosidl_generator_py/custom_interface/libcustom_interface__rosidl_generator_py.so[0m
[ 79%] Built target custom_interface__rosidl_generator_py
[35m[1mConsolidate compiler generated dependencies of target custom_interface__rosidl_typesupport_c__pyext[0m
[35m[1mConsolidate compiler generated dependencies of target custom_interface__rosidl_typesupport_introspection_c__pyext[0m
[35m[1mConsolidate compiler generated dependencies of target custom_interface__rosidl_typesupport_fastrtps_c__pyext[0m
[35m[1mConsolidate compiler generated dependencies of target custom_interface__rosidl_typesupport_microxrcedds_c__pyext[0m
[ 89%] [32mBuilding C object CMakeFiles/custom_interface__rosidl_typesupport_introspection_c__pyext.dir/rosidl_generator_py/custom_interface/_custom_interface_s.ep.rosidl_typesupport_introspection_c.c.o[0m
[ 89%] [32mBuilding C object CMakeFiles/custom_interface__rosidl_typesupport_fastrtps_c__pyext.dir/rosidl_generator_py/custom_interface/_custom_interface_s.ep.rosidl_typesupport_fastrtps_c.c.o[0m
[ 89%] [32mBuilding C object CMakeFiles/custom_interface__rosidl_typesupport_c__pyext.dir/rosidl_generator_py/custom_interface/_custom_interface_s.ep.rosidl_typesupport_c.c.o[0m
[ 89%] [32mBuilding C object CMakeFiles/custom_interface__rosidl_typesupport_microxrcedds_c__pyext.dir/rosidl_generator_py/custom_interface/_custom_interface_s.ep.rosidl_typesupport_microxrcedds_c.c.o[0m
[ 97%] [32m[1mLinking C shared library rosidl_generator_py/custom_interface/custom_interface_s__rosidl_typesupport_c.cpython-310-x86_64-linux-gnu.so[0m
[ 97%] [32m[1mLinking C shared library rosidl_generator_py/custom_interface/custom_interface_s__rosidl_typesupport_introspection_c.cpython-310-x86_64-linux-gnu.so[0m
[ 97%] [32m[1mLinking C shared library rosidl_generator_py/custom_interface/custom_interface_s__rosidl_typesupport_fastrtps_c.cpython-310-x86_64-linux-gnu.so[0m
[100%] [32m[1mLinking C shared library rosidl_generator_py/custom_interface/custom_interface_s__rosidl_typesupport_microxrcedds_c.cpython-310-x86_64-linux-gnu.so[0m
[100%] Built target custom_interface__rosidl_typesupport_introspection_c__pyext
[100%] Built target custom_interface__rosidl_typesupport_fastrtps_c__pyext
[100%] Built target custom_interface__rosidl_typesupport_c__pyext
[100%] Built target custom_interface__rosidl_typesupport_microxrcedds_c__pyext
-- Install configuration: ""
-- Up-to-date: /home/saifa/Desktop/Fun4/install/custom_interface/share/ament_index/resource_index/rosidl_interfaces/custom_interface
-- Up-to-date: /home/saifa/Desktop/Fun4/install/custom_interface/include/custom_interface/custom_interface
-- Up-to-date: /home/saifa/Desktop/Fun4/install/custom_interface/include/custom_interface/custom_interface/msg
-- Up-to-date: /home/saifa/Desktop/Fun4/install/custom_interface/include/custom_interface/custom_interface/msg/rosidl_generator_c__visibility_control.h
-- Up-to-date: /home/saifa/Desktop/Fun4/install/custom_interface/include/custom_interface/custom_interface/srv
-- Installing: /home/saifa/Desktop/Fun4/install/custom_interface/include/custom_interface/custom_interface/srv/basic.h
-- Up-to-date: /home/saifa/Desktop/Fun4/install/custom_interface/include/custom_interface/custom_interface/srv/detail
-- Installing: /home/saifa/Desktop/Fun4/install/custom_interface/include/custom_interface/custom_interface/srv/detail/basic__struct.h
-- Installing: /home/saifa/Desktop/Fun4/install/custom_interface/include/custom_interface/custom_interface/srv/detail/basic__functions.h
-- Installing: /home/saifa/Desktop/Fun4/install/custom_interface/include/custom_interface/custom_interface/srv/detail/basic__type_support.h
-- Installing: /home/saifa/Desktop/Fun4/install/custom_interface/include/custom_interface/custom_interface/srv/detail/basic__functions.c
-- Up-to-date: /home/saifa/Desktop/Fun4/install/custom_interface/share/custom_interface/environment/library_path.sh
-- Installing: /home/saifa/Desktop/Fun4/install/custom_interface/share/custom_interface/environment/library_path.dsv
-- Installing: /home/saifa/Desktop/Fun4/install/custom_interface/lib/libcustom_interface__rosidl_generator_c.so
-- Set runtime path of "/home/saifa/Desktop/Fun4/install/custom_interface/lib/libcustom_interface__rosidl_generator_c.so" to ""
-- Up-to-date: /home/saifa/Desktop/Fun4/install/custom_interface/include/custom_interface/custom_interface
-- Up-to-date: /home/saifa/Desktop/Fun4/install/custom_interface/include/custom_interface/custom_interface/msg
-- Up-to-date: /home/saifa/Desktop/Fun4/install/custom_interface/include/custom_interface/custom_interface/msg/rosidl_typesupport_fastrtps_c__visibility_control.h
-- Up-to-date: /home/saifa/Desktop/Fun4/install/custom_interface/include/custom_interface/custom_interface/srv
-- Up-to-date: /home/saifa/Desktop/Fun4/install/custom_interface/include/custom_interface/custom_interface/srv/detail
-- Installing: /home/saifa/Desktop/Fun4/install/custom_interface/include/custom_interface/custom_interface/srv/detail/basic__rosidl_typesupport_fastrtps_c.h
-- Installing: /home/saifa/Desktop/Fun4/install/custom_interface/lib/libcustom_interface__rosidl_typesupport_fastrtps_c.so
-- Set runtime path of "/home/saifa/Desktop/Fun4/install/custom_interface/lib/libcustom_interface__rosidl_typesupport_fastrtps_c.so" to ""
-- Up-to-date: /home/saifa/Desktop/Fun4/install/custom_interface/include/custom_interface/custom_interface
-- Up-to-date: /home/saifa/Desktop/Fun4/install/custom_interface/include/custom_interface/custom_interface/srv
-- Installing: /home/saifa/Desktop/Fun4/install/custom_interface/include/custom_interface/custom_interface/srv/basic.hpp
-- Up-to-date: /home/saifa/Desktop/Fun4/install/custom_interface/include/custom_interface/custom_interface/srv/detail
-- Installing: /home/saifa/Desktop/Fun4/install/custom_interface/include/custom_interface/custom_interface/srv/detail/basic__struct.hpp
-- Installing: /home/saifa/Desktop/Fun4/install/custom_interface/include/custom_interface/custom_interface/srv/detail/basic__traits.hpp
-- Installing: /home/saifa/Desktop/Fun4/install/custom_interface/include/custom_interface/custom_interface/srv/detail/basic__builder.hpp
-- Up-to-date: /home/saifa/Desktop/Fun4/install/custom_interface/include/custom_interface/custom_interface
-- Up-to-date: /home/saifa/Desktop/Fun4/install/custom_interface/include/custom_interface/custom_interface/msg
-- Up-to-date: /home/saifa/Desktop/Fun4/install/custom_interface/include/custom_interface/custom_interface/msg/rosidl_typesupport_fastrtps_cpp__visibility_control.h
-- Up-to-date: /home/saifa/Desktop/Fun4/install/custom_interface/include/custom_interface/custom_interface/srv
-- Up-to-date: /home/saifa/Desktop/Fun4/install/custom_interface/include/custom_interface/custom_interface/srv/detail
-- Installing: /home/saifa/Desktop/Fun4/install/custom_interface/include/custom_interface/custom_interface/srv/detail/basic__rosidl_typesupport_fastrtps_cpp.hpp
-- Up-to-date: /home/saifa/Desktop/Fun4/install/custom_interface/include/custom_interface/custom_interface/srv/detail/dds_fastrtps
-- Installing: /home/saifa/Desktop/Fun4/install/custom_interface/lib/libcustom_interface__rosidl_typesupport_fastrtps_cpp.so
-- Set runtime path of "/home/saifa/Desktop/Fun4/install/custom_interface/lib/libcustom_interface__rosidl_typesupport_fastrtps_cpp.so" to ""
-- Up-to-date: /home/saifa/Desktop/Fun4/install/custom_interface/include/custom_interface
-- Up-to-date: /home/saifa/Desktop/Fun4/install/custom_interface/include/custom_interface/msg
-- Up-to-date: /home/saifa/Desktop/Fun4/install/custom_interface/include/custom_interface/msg/rosidl_typesupport_microxrcedds_c__visibility_control.h
-- Up-to-date: /home/saifa/Desktop/Fun4/install/custom_interface/include/custom_interface/srv
-- Up-to-date: /home/saifa/Desktop/Fun4/install/custom_interface/include/custom_interface/srv/detail
-- Up-to-date: /home/saifa/Desktop/Fun4/install/custom_interface/include/custom_interface/srv/detail/microxrcedds
-- Installing: /home/saifa/Desktop/Fun4/install/custom_interface/include/custom_interface/srv/detail/basic__rosidl_typesupport_microxrcedds_c.h
-- Installing: /home/saifa/Desktop/Fun4/install/custom_interface/lib/libcustom_interface__rosidl_typesupport_microxrcedds_c.so
-- Set runtime path of "/home/saifa/Desktop/Fun4/install/custom_interface/lib/libcustom_interface__rosidl_typesupport_microxrcedds_c.so" to ""
-- Up-to-date: /home/saifa/Desktop/Fun4/install/custom_interface/include/custom_interface/custom_interface
-- Up-to-date: /home/saifa/Desktop/Fun4/install/custom_interface/include/custom_interface/custom_interface/msg
-- Up-to-date: /home/saifa/Desktop/Fun4/install/custom_interface/include/custom_interface/custom_interface/msg/rosidl_typesupport_introspection_c__visibility_control.h
-- Up-to-date: /home/saifa/Desktop/Fun4/install/custom_interface/include/custom_interface/custom_interface/srv
-- Up-to-date: /home/saifa/Desktop/Fun4/install/custom_interface/include/custom_interface/custom_interface/srv/detail
-- Installing: /home/saifa/Desktop/Fun4/install/custom_interface/include/custom_interface/custom_interface/srv/detail/basic__rosidl_typesupport_introspection_c.h
-- Installing: /home/saifa/Desktop/Fun4/install/custom_interface/include/custom_interface/custom_interface/srv/detail/basic__type_support.c
-- Installing: /home/saifa/Desktop/Fun4/install/custom_interface/lib/libcustom_interface__rosidl_typesupport_introspection_c.so
-- Set runtime path of "/home/saifa/Desktop/Fun4/install/custom_interface/lib/libcustom_interface__rosidl_typesupport_introspection_c.so" to ""
-- Installing: /home/saifa/Desktop/Fun4/install/custom_interface/lib/libcustom_interface__rosidl_typesupport_c.so
-- Set runtime path of "/home/saifa/Desktop/Fun4/install/custom_interface/lib/libcustom_interface__rosidl_typesupport_c.so" to ""
-- Up-to-date: /home/saifa/Desktop/Fun4/install/custom_interface/include/custom_interface
-- Up-to-date: /home/saifa/Desktop/Fun4/install/custom_interface/include/custom_interface/msg
-- Up-to-date: /home/saifa/Desktop/Fun4/install/custom_interface/include/custom_interface/msg/rosidl_typesupport_microxrcedds_cpp__visibility_control.h
-- Up-to-date: /home/saifa/Desktop/Fun4/install/custom_interface/include/custom_interface/srv
-- Up-to-date: /home/saifa/Desktop/Fun4/install/custom_interface/include/custom_interface/srv/detail
-- Up-to-date: /home/saifa/Desktop/Fun4/install/custom_interface/include/custom_interface/srv/detail/microxrcedds
-- Installing: /home/saifa/Desktop/Fun4/install/custom_interface/include/custom_interface/srv/detail/microxrcedds/basic__type_support_cpp.cpp
-- Installing: /home/saifa/Desktop/Fun4/install/custom_interface/include/custom_interface/srv/detail/basic__rosidl_typesupport_microxrcedds_cpp.hpp
-- Installing: /home/saifa/Desktop/Fun4/install/custom_interface/lib/libcustom_interface__rosidl_typesupport_microxrcedds_cpp.so
-- Set runtime path of "/home/saifa/Desktop/Fun4/install/custom_interface/lib/libcustom_interface__rosidl_typesupport_microxrcedds_cpp.so" to ""
-- Up-to-date: /home/saifa/Desktop/Fun4/install/custom_interface/include/custom_interface/custom_interface
-- Up-to-date: /home/saifa/Desktop/Fun4/install/custom_interface/include/custom_interface/custom_interface/srv
-- Up-to-date: /home/saifa/Desktop/Fun4/install/custom_interface/include/custom_interface/custom_interface/srv/detail
-- Installing: /home/saifa/Desktop/Fun4/install/custom_interface/include/custom_interface/custom_interface/srv/detail/basic__rosidl_typesupport_introspection_cpp.hpp
-- Installing: /home/saifa/Desktop/Fun4/install/custom_interface/include/custom_interface/custom_interface/srv/detail/basic__type_support.cpp
-- Installing: /home/saifa/Desktop/Fun4/install/custom_interface/lib/libcustom_interface__rosidl_typesupport_introspection_cpp.so
-- Set runtime path of "/home/saifa/Desktop/Fun4/install/custom_interface/lib/libcustom_interface__rosidl_typesupport_introspection_cpp.so" to ""
-- Installing: /home/saifa/Desktop/Fun4/install/custom_interface/lib/libcustom_interface__rosidl_typesupport_cpp.so
-- Set runtime path of "/home/saifa/Desktop/Fun4/install/custom_interface/lib/libcustom_interface__rosidl_typesupport_cpp.so" to ""
-- Up-to-date: /home/saifa/Desktop/Fun4/install/custom_interface/share/custom_interface/environment/pythonpath.sh
-- Installing: /home/saifa/Desktop/Fun4/install/custom_interface/share/custom_interface/environment/pythonpath.dsv
-- Up-to-date: /home/saifa/Desktop/Fun4/install/custom_interface/local/lib/python3.10/dist-packages/custom_interface-0.0.0-py3.10.egg-info
-- Installing: /home/saifa/Desktop/Fun4/install/custom_interface/local/lib/python3.10/dist-packages/custom_interface-0.0.0-py3.10.egg-info/top_level.txt
-- Installing: /home/saifa/Desktop/Fun4/install/custom_interface/local/lib/python3.10/dist-packages/custom_interface-0.0.0-py3.10.egg-info/SOURCES.txt
-- Installing: /home/saifa/Desktop/Fun4/install/custom_interface/local/lib/python3.10/dist-packages/custom_interface-0.0.0-py3.10.egg-info/dependency_links.txt
-- Installing: /home/saifa/Desktop/Fun4/install/custom_interface/local/lib/python3.10/dist-packages/custom_interface-0.0.0-py3.10.egg-info/PKG-INFO
-- Up-to-date: /home/saifa/Desktop/Fun4/install/custom_interface/local/lib/python3.10/dist-packages/custom_interface
-- Installing: /home/saifa/Desktop/Fun4/install/custom_interface/local/lib/python3.10/dist-packages/custom_interface/custom_interface_s__rosidl_typesupport_microxrcedds_c.cpython-310-x86_64-linux-gnu.so
-- Installing: /home/saifa/Desktop/Fun4/install/custom_interface/local/lib/python3.10/dist-packages/custom_interface/__init__.py
-- Installing: /home/saifa/Desktop/Fun4/install/custom_interface/local/lib/python3.10/dist-packages/custom_interface/custom_interface_s__rosidl_typesupport_fastrtps_c.cpython-310-x86_64-linux-gnu.so
-- Up-to-date: /home/saifa/Desktop/Fun4/install/custom_interface/local/lib/python3.10/dist-packages/custom_interface/srv
-- Installing: /home/saifa/Desktop/Fun4/install/custom_interface/local/lib/python3.10/dist-packages/custom_interface/srv/__init__.py
-- Installing: /home/saifa/Desktop/Fun4/install/custom_interface/local/lib/python3.10/dist-packages/custom_interface/srv/_basic_s.c
-- Installing: /home/saifa/Desktop/Fun4/install/custom_interface/local/lib/python3.10/dist-packages/custom_interface/srv/_basic.py
-- Installing: /home/saifa/Desktop/Fun4/install/custom_interface/local/lib/python3.10/dist-packages/custom_interface/_custom_interface_s.ep.rosidl_typesupport_fastrtps_c.c
-- Installing: /home/saifa/Desktop/Fun4/install/custom_interface/local/lib/python3.10/dist-packages/custom_interface/_custom_interface_s.ep.rosidl_typesupport_introspection_c.c
-- Installing: /home/saifa/Desktop/Fun4/install/custom_interface/local/lib/python3.10/dist-packages/custom_interface/_custom_interface_s.ep.rosidl_typesupport_microxrcedds_c.c
-- Installing: /home/saifa/Desktop/Fun4/install/custom_interface/local/lib/python3.10/dist-packages/custom_interface/custom_interface_s__rosidl_typesupport_c.cpython-310-x86_64-linux-gnu.so
-- Installing: /home/saifa/Desktop/Fun4/install/custom_interface/local/lib/python3.10/dist-packages/custom_interface/custom_interface_s__rosidl_typesupport_introspection_c.cpython-310-x86_64-linux-gnu.so
-- Installing: /home/saifa/Desktop/Fun4/install/custom_interface/local/lib/python3.10/dist-packages/custom_interface/libcustom_interface__rosidl_generator_py.so
-- Installing: /home/saifa/Desktop/Fun4/install/custom_interface/local/lib/python3.10/dist-packages/custom_interface/_custom_interface_s.ep.rosidl_typesupport_c.c
Listing '/home/saifa/Desktop/Fun4/install/custom_interface/local/lib/python3.10/dist-packages/custom_interface'...
Compiling '/home/saifa/Desktop/Fun4/install/custom_interface/local/lib/python3.10/dist-packages/custom_interface/__init__.py'...
Listing '/home/saifa/Desktop/Fun4/install/custom_interface/local/lib/python3.10/dist-packages/custom_interface/srv'...
Compiling '/home/saifa/Desktop/Fun4/install/custom_interface/local/lib/python3.10/dist-packages/custom_interface/srv/__init__.py'...
Compiling '/home/saifa/Desktop/Fun4/install/custom_interface/local/lib/python3.10/dist-packages/custom_interface/srv/_basic.py'...
-- Installing: /home/saifa/Desktop/Fun4/install/custom_interface/local/lib/python3.10/dist-packages/custom_interface/custom_interface_s__rosidl_typesupport_microxrcedds_c.cpython-310-x86_64-linux-gnu.so
-- Set runtime path of "/home/saifa/Desktop/Fun4/install/custom_interface/local/lib/python3.10/dist-packages/custom_interface/custom_interface_s__rosidl_typesupport_microxrcedds_c.cpython-310-x86_64-linux-gnu.so" to ""
-- Installing: /home/saifa/Desktop/Fun4/install/custom_interface/local/lib/python3.10/dist-packages/custom_interface/custom_interface_s__rosidl_typesupport_fastrtps_c.cpython-310-x86_64-linux-gnu.so
-- Set runtime path of "/home/saifa/Desktop/Fun4/install/custom_interface/local/lib/python3.10/dist-packages/custom_interface/custom_interface_s__rosidl_typesupport_fastrtps_c.cpython-310-x86_64-linux-gnu.so" to ""
-- Installing: /home/saifa/Desktop/Fun4/install/custom_interface/local/lib/python3.10/dist-packages/custom_interface/custom_interface_s__rosidl_typesupport_introspection_c.cpython-310-x86_64-linux-gnu.so
-- Set runtime path of "/home/saifa/Desktop/Fun4/install/custom_interface/local/lib/python3.10/dist-packages/custom_interface/custom_interface_s__rosidl_typesupport_introspection_c.cpython-310-x86_64-linux-gnu.so" to ""
-- Installing: /home/saifa/Desktop/Fun4/install/custom_interface/local/lib/python3.10/dist-packages/custom_interface/custom_interface_s__rosidl_typesupport_c.cpython-310-x86_64-linux-gnu.so
-- Set runtime path of "/home/saifa/Desktop/Fun4/install/custom_interface/local/lib/python3.10/dist-packages/custom_interface/custom_interface_s__rosidl_typesupport_c.cpython-310-x86_64-linux-gnu.so" to ""
-- Installing: /home/saifa/Desktop/Fun4/install/custom_interface/lib/libcustom_interface__rosidl_generator_py.so
-- Set runtime path of "/home/saifa/Desktop/Fun4/install/custom_interface/lib/libcustom_interface__rosidl_generator_py.so" to ""
-- Installing: /home/saifa/Desktop/Fun4/install/custom_interface/share/custom_interface/srv/Basic.idl
-- Installing: /home/saifa/Desktop/Fun4/install/custom_interface/share/custom_interface/srv/Basic.srv
-- Up-to-date: /home/saifa/Desktop/Fun4/install/custom_interface/share/custom_interface/srv/Basic_Request.msg
-- Installing: /home/saifa/Desktop/Fun4/install/custom_interface/share/custom_interface/srv/Basic_Response.msg
-- Up-to-date: /home/saifa/Desktop/Fun4/install/custom_interface/share/ament_index/resource_index/package_run_dependencies/custom_interface
-- Installing: /home/saifa/Desktop/Fun4/install/custom_interface/share/ament_index/resource_index/parent_prefix_path/custom_interface
-- Up-to-date: /home/saifa/Desktop/Fun4/install/custom_interface/share/custom_interface/environment/ament_prefix_path.sh
-- Installing: /home/saifa/Desktop/Fun4/install/custom_interface/share/custom_interface/environment/ament_prefix_path.dsv
-- Up-to-date: /home/saifa/Desktop/Fun4/install/custom_interface/share/custom_interface/environment/path.sh
-- Installing: /home/saifa/Desktop/Fun4/install/custom_interface/share/custom_interface/environment/path.dsv
-- Up-to-date: /home/saifa/Desktop/Fun4/install/custom_interface/share/custom_interface/local_setup.bash
-- Up-to-date: /home/saifa/Desktop/Fun4/install/custom_interface/share/custom_interface/local_setup.sh
-- Up-to-date: /home/saifa/Desktop/Fun4/install/custom_interface/share/custom_interface/local_setup.zsh
-- Installing: /home/saifa/Desktop/Fun4/install/custom_interface/share/custom_interface/local_setup.dsv
-- Installing: /home/saifa/Desktop/Fun4/install/custom_interface/share/custom_interface/package.dsv
-- Up-to-date: /home/saifa/Desktop/Fun4/install/custom_interface/share/ament_index/resource_index/packages/custom_interface
-- Up-to-date: /home/saifa/Desktop/Fun4/install/custom_interface/share/custom_interface/cmake/export_custom_interface__rosidl_generator_cExport.cmake
-- Up-to-date: /home/saifa/Desktop/Fun4/install/custom_interface/share/custom_interface/cmake/export_custom_interface__rosidl_generator_cExport-noconfig.cmake
-- Up-to-date: /home/saifa/Desktop/Fun4/install/custom_interface/share/custom_interface/cmake/export_custom_interface__rosidl_typesupport_fastrtps_cExport.cmake
-- Up-to-date: /home/saifa/Desktop/Fun4/install/custom_interface/share/custom_interface/cmake/export_custom_interface__rosidl_typesupport_fastrtps_cExport-noconfig.cmake
-- Up-to-date: /home/saifa/Desktop/Fun4/install/custom_interface/share/custom_interface/cmake/export_custom_interface__rosidl_generator_cppExport.cmake
-- Up-to-date: /home/saifa/Desktop/Fun4/install/custom_interface/share/custom_interface/cmake/export_custom_interface__rosidl_typesupport_fastrtps_cppExport.cmake
-- Up-to-date: /home/saifa/Desktop/Fun4/install/custom_interface/share/custom_interface/cmake/export_custom_interface__rosidl_typesupport_fastrtps_cppExport-noconfig.cmake
-- Up-to-date: /home/saifa/Desktop/Fun4/install/custom_interface/share/custom_interface/cmake/custom_interface__rosidl_typesupport_introspection_cExport.cmake
-- Up-to-date: /home/saifa/Desktop/Fun4/install/custom_interface/share/custom_interface/cmake/custom_interface__rosidl_typesupport_introspection_cExport-noconfig.cmake
-- Up-to-date: /home/saifa/Desktop/Fun4/install/custom_interface/share/custom_interface/cmake/custom_interface__rosidl_typesupport_cExport.cmake
-- Up-to-date: /home/saifa/Desktop/Fun4/install/custom_interface/share/custom_interface/cmake/custom_interface__rosidl_typesupport_cExport-noconfig.cmake
-- Up-to-date: /home/saifa/Desktop/Fun4/install/custom_interface/share/custom_interface/cmake/custom_interface__rosidl_typesupport_introspection_cppExport.cmake
-- Up-to-date: /home/saifa/Desktop/Fun4/install/custom_interface/share/custom_interface/cmake/custom_interface__rosidl_typesupport_introspection_cppExport-noconfig.cmake
-- Up-to-date: /home/saifa/Desktop/Fun4/install/custom_interface/share/custom_interface/cmake/custom_interface__rosidl_typesupport_cppExport.cmake
-- Up-to-date: /home/saifa/Desktop/Fun4/install/custom_interface/share/custom_interface/cmake/custom_interface__rosidl_typesupport_cppExport-noconfig.cmake
-- Up-to-date: /home/saifa/Desktop/Fun4/install/custom_interface/share/custom_interface/cmake/export_custom_interface__rosidl_generator_pyExport.cmake
-- Up-to-date: /home/saifa/Desktop/Fun4/install/custom_interface/share/custom_interface/cmake/export_custom_interface__rosidl_generator_pyExport-noconfig.cmake
-- Up-to-date: /home/saifa/Desktop/Fun4/install/custom_interface/share/custom_interface/cmake/rosidl_cmake-extras.cmake
-- Up-to-date: /home/saifa/Desktop/Fun4/install/custom_interface/share/custom_interface/cmake/ament_cmake_export_dependencies-extras.cmake
-- Up-to-date: /home/saifa/Desktop/Fun4/install/custom_interface/share/custom_interface/cmake/ament_cmake_export_include_directories-extras.cmake
-- Up-to-date: /home/saifa/Desktop/Fun4/install/custom_interface/share/custom_interface/cmake/ament_cmake_export_libraries-extras.cmake
-- Up-to-date: /home/saifa/Desktop/Fun4/install/custom_interface/share/custom_interface/cmake/ament_cmake_export_targets-extras.cmake
-- Up-to-date: /home/saifa/Desktop/Fun4/install/custom_interface/share/custom_interface/cmake/rosidl_cmake_export_typesupport_targets-extras.cmake
-- Up-to-date: /home/saifa/Desktop/Fun4/install/custom_interface/share/custom_interface/cmake/rosidl_cmake_export_typesupport_libraries-extras.cmake
-- Up-to-date: /home/saifa/Desktop/Fun4/install/custom_interface/share/custom_interface/cmake/custom_interfaceConfig.cmake
-- Up-to-date: /home/saifa/Desktop/Fun4/install/custom_interface/share/custom_interface/cmake/custom_interfaceConfig-version.cmake
-- Up-to-date: /home/saifa/Desktop/Fun4/install/custom_interface/share/custom_interface/package.xml
