[0.024s] Invoking command in '/home/saifa/Desktop/Fun4/build/custom_interface': CMAKE_PREFIX_PATH=${CMAKE_PREFIX_PATH}:/home/saifa/mc_ros_ws/install/sensor_msgs_py:/opt/ros/humble /usr/bin/cmake --build /home/saifa/Desktop/Fun4/build/custom_interface -- -j16 -l16
[0.055s] -- Found ament_cmake: 1.3.10 (/opt/ros/humble/share/ament_cmake/cmake)
[0.207s] -- Found std_msgs: 4.2.4 (/home/saifa/mc_ros_ws/install/std_msgs/share/std_msgs/cmake)
[0.228s] -- Found rosidl_generator_c: 3.1.5 (/opt/ros/humble/share/rosidl_generator_c/cmake)
[0.229s] -- Found rosidl_adapter: 3.1.5 (/opt/ros/humble/share/rosidl_adapter/cmake)
[0.233s] -- Found rosidl_generator_cpp: 3.1.5 (/opt/ros/humble/share/rosidl_generator_cpp/cmake)
[0.242s] -- Using all available rosidl_typesupport_c: rosidl_typesupport_microxrcedds_c;rosidl_typesupport_fastrtps_c;rosidl_typesupport_introspection_c
[0.255s] -- Using all available rosidl_typesupport_cpp: rosidl_typesupport_microxrcedds_cpp;rosidl_typesupport_fastrtps_cpp;rosidl_typesupport_introspection_cpp
[0.276s] -- Found rosidl_default_generators: 1.2.0 (/opt/ros/humble/share/rosidl_default_generators/cmake)
[0.288s] -- Found ament_lint_auto: 0.12.11 (/opt/ros/humble/share/ament_lint_auto/cmake)
[0.592s] -- Found ament_cmake_ros: 0.10.0 (/opt/ros/humble/share/ament_cmake_ros/cmake)
[1.055s] -- Using all available rosidl_typesupport_c: rosidl_typesupport_microxrcedds_c;rosidl_typesupport_fastrtps_c;rosidl_typesupport_introspection_c
[1.282s] -- Using all available rosidl_typesupport_cpp: rosidl_typesupport_microxrcedds_cpp;rosidl_typesupport_fastrtps_cpp;rosidl_typesupport_introspection_cpp
[1.310s] -- Found python_cmake_module: 0.10.0 (/opt/ros/humble/share/python_cmake_module/cmake)
[1.338s] -- Using PYTHON_EXECUTABLE: /usr/bin/python3
[1.338s] -- Using PYTHON_INCLUDE_DIRS: /usr/include/python3.10
[1.338s] -- Using PYTHON_LIBRARIES: /usr/lib/x86_64-linux-gnu/libpython3.10.so
[1.400s] -- Added test 'lint_cmake' to check CMake code style
[1.401s] -- Added test 'xmllint' to check XML markup files
[1.407s] -- Configuring done
[1.485s] -- Generating done
[1.489s] -- Build files have been written to: /home/saifa/Desktop/Fun4/build/custom_interface
[1.528s] [  2%] [34m[1mGenerating C code for ROS interfaces[0m
[1.542s] [  5%] [34m[1mGenerating C++ code for ROS interfaces[0m
[1.558s] [  5%] Built target ament_cmake_python_copy_custom_interface
[1.806s] [35m[1mConsolidate compiler generated dependencies of target custom_interface__rosidl_generator_c[0m
[1.810s] [  5%] Built target custom_interface__cpp
[1.824s] [  7%] [32mBuilding C object CMakeFiles/custom_interface__rosidl_generator_c.dir/rosidl_generator_c/custom_interface/srv/detail/basic__functions.c.o[0m
[1.824s] [ 12%] [34m[1mGenerating C++ type support dispatch for ROS interfaces[0m
[1.825s] [ 17%] [34m[1mGenerating C++ type support for eProsima Fast-RTPS[0m
[1.825s] [ 12%] [34m[1mGenerating C++ type support for eProsima Micro XRCE-DDS[0m
[1.825s] [ 17%] [34m[1mGenerating C++ introspection for ROS interfaces[0m
[1.827s] running egg_info
[1.828s] writing custom_interface.egg-info/PKG-INFO
[1.828s] writing dependency_links to custom_interface.egg-info/dependency_links.txt
[1.829s] writing top-level names to custom_interface.egg-info/top_level.txt
[1.832s] reading manifest file 'custom_interface.egg-info/SOURCES.txt'
[1.832s] writing manifest file 'custom_interface.egg-info/SOURCES.txt'
[1.879s] [ 17%] Built target ament_cmake_python_build_custom_interface_egg
[1.923s] [ 20%] [32m[1mLinking C shared library libcustom_interface__rosidl_generator_c.so[0m
[1.981s] [ 20%] Built target custom_interface__rosidl_generator_c
[2.000s] [ 23%] [34m[1mGenerating C type support for eProsima Fast-RTPS[0m
[2.002s] [ 25%] [34m[1mGenerating C introspection for ROS interfaces[0m
[2.003s] [ 28%] [34m[1mGenerating C type support for eProsima Micro XRCE-DDS[0m
[2.003s] [ 30%] [34m[1mGenerating C type support dispatch for ROS interfaces[0m
[2.107s] [35m[1mConsolidate compiler generated dependencies of target custom_interface__rosidl_typesupport_cpp[0m
[2.133s] [ 33%] [32mBuilding CXX object CMakeFiles/custom_interface__rosidl_typesupport_cpp.dir/rosidl_typesupport_cpp/custom_interface/srv/basic__type_support.cpp.o[0m
[2.143s] [35m[1mConsolidate compiler generated dependencies of target custom_interface__rosidl_typesupport_introspection_cpp[0m
[2.149s] [35m[1mConsolidate compiler generated dependencies of target custom_interface__rosidl_typesupport_fastrtps_cpp[0m
[2.169s] [ 35%] [32mBuilding CXX object CMakeFiles/custom_interface__rosidl_typesupport_introspection_cpp.dir/rosidl_typesupport_introspection_cpp/custom_interface/srv/detail/basic__type_support.cpp.o[0m
[2.176s] [ 38%] [32mBuilding CXX object CMakeFiles/custom_interface__rosidl_typesupport_fastrtps_cpp.dir/rosidl_typesupport_fastrtps_cpp/custom_interface/srv/detail/dds_fastrtps/basic__type_support.cpp.o[0m
[2.184s] [35m[1mConsolidate compiler generated dependencies of target custom_interface__rosidl_typesupport_microxrcedds_cpp[0m
[2.210s] [ 41%] [32mBuilding CXX object CMakeFiles/custom_interface__rosidl_typesupport_microxrcedds_cpp.dir/rosidl_typesupport_microxrcedds_cpp/custom_interface/srv/detail/microxrcedds/basic__type_support_cpp.cpp.o[0m
[2.311s] [35m[1mConsolidate compiler generated dependencies of target custom_interface__rosidl_typesupport_c[0m
[2.341s] [ 43%] [32mBuilding CXX object CMakeFiles/custom_interface__rosidl_typesupport_c.dir/rosidl_typesupport_c/custom_interface/srv/basic__type_support.cpp.o[0m
[2.404s] [ 46%] [32m[1mLinking CXX shared library libcustom_interface__rosidl_typesupport_c.so[0m
[2.404s] [35m[1mConsolidate compiler generated dependencies of target custom_interface__rosidl_typesupport_introspection_c[0m
[2.429s] [ 48%] [32mBuilding C object CMakeFiles/custom_interface__rosidl_typesupport_introspection_c.dir/rosidl_typesupport_introspection_c/custom_interface/srv/detail/basic__type_support.c.o[0m
[2.438s] [35m[1mConsolidate compiler generated dependencies of target custom_interface__rosidl_typesupport_microxrcedds_c[0m
[2.448s] [35m[1mConsolidate compiler generated dependencies of target custom_interface__rosidl_typesupport_fastrtps_c[0m
[2.466s] [ 51%] [32mBuilding C object CMakeFiles/custom_interface__rosidl_typesupport_microxrcedds_c.dir/rosidl_typesupport_microxrcedds_c/custom_interface/srv/detail/microxrcedds/basic__type_support_c.c.o[0m
[2.473s] [ 51%] Built target custom_interface__rosidl_typesupport_c
[2.475s] [ 53%] [32mBuilding CXX object CMakeFiles/custom_interface__rosidl_typesupport_fastrtps_c.dir/rosidl_typesupport_fastrtps_c/custom_interface/srv/detail/basic__type_support_c.cpp.o[0m
[2.493s] [ 56%] [32m[1mLinking C shared library libcustom_interface__rosidl_typesupport_introspection_c.so[0m
[2.543s] [ 58%] [32m[1mLinking C shared library libcustom_interface__rosidl_typesupport_microxrcedds_c.so[0m
[2.549s] [ 58%] Built target custom_interface__rosidl_typesupport_introspection_c
[2.549s] [ 61%] [32m[1mLinking CXX shared library libcustom_interface__rosidl_typesupport_cpp.so[0m
[2.598s] [ 64%] [32m[1mLinking CXX shared library libcustom_interface__rosidl_typesupport_microxrcedds_cpp.so[0m
[2.611s] [ 64%] Built target custom_interface__rosidl_typesupport_cpp
[2.612s] [ 64%] Built target custom_interface__rosidl_typesupport_microxrcedds_c
[2.651s] [ 66%] [32m[1mLinking CXX shared library libcustom_interface__rosidl_typesupport_introspection_cpp.so[0m
[2.660s] [ 69%] [32m[1mLinking CXX shared library libcustom_interface__rosidl_typesupport_fastrtps_cpp.so[0m
[2.671s] [ 69%] Built target custom_interface__rosidl_typesupport_microxrcedds_cpp
[2.753s] [ 69%] Built target custom_interface__rosidl_typesupport_introspection_cpp
[2.780s] [ 69%] Built target custom_interface__rosidl_typesupport_fastrtps_cpp
[2.855s] [ 71%] [32m[1mLinking CXX shared library libcustom_interface__rosidl_typesupport_fastrtps_c.so[0m
[2.939s] [ 71%] Built target custom_interface__rosidl_typesupport_fastrtps_c
[2.978s] [ 71%] Built target custom_interface
[3.011s] [ 74%] [34m[1mGenerating Python code for ROS interfaces[0m
[3.359s] [ 74%] Built target custom_interface__py
[3.375s] [35m[1mConsolidate compiler generated dependencies of target custom_interface__rosidl_generator_py[0m
[3.394s] [ 76%] [32mBuilding C object CMakeFiles/custom_interface__rosidl_generator_py.dir/rosidl_generator_py/custom_interface/srv/_basic_s.c.o[0m
[3.511s] [ 79%] [32m[1mLinking C shared library rosidl_generator_py/custom_interface/libcustom_interface__rosidl_generator_py.so[0m
[3.559s] [ 79%] Built target custom_interface__rosidl_generator_py
[3.575s] [35m[1mConsolidate compiler generated dependencies of target custom_interface__rosidl_typesupport_c__pyext[0m
[3.575s] [35m[1mConsolidate compiler generated dependencies of target custom_interface__rosidl_typesupport_introspection_c__pyext[0m
[3.575s] [35m[1mConsolidate compiler generated dependencies of target custom_interface__rosidl_typesupport_fastrtps_c__pyext[0m
[3.575s] [35m[1mConsolidate compiler generated dependencies of target custom_interface__rosidl_typesupport_microxrcedds_c__pyext[0m
[3.595s] [ 89%] [32mBuilding C object CMakeFiles/custom_interface__rosidl_typesupport_introspection_c__pyext.dir/rosidl_generator_py/custom_interface/_custom_interface_s.ep.rosidl_typesupport_introspection_c.c.o[0m
[3.595s] [ 89%] [32mBuilding C object CMakeFiles/custom_interface__rosidl_typesupport_fastrtps_c__pyext.dir/rosidl_generator_py/custom_interface/_custom_interface_s.ep.rosidl_typesupport_fastrtps_c.c.o[0m
[3.595s] [ 89%] [32mBuilding C object CMakeFiles/custom_interface__rosidl_typesupport_c__pyext.dir/rosidl_generator_py/custom_interface/_custom_interface_s.ep.rosidl_typesupport_c.c.o[0m
[3.596s] [ 89%] [32mBuilding C object CMakeFiles/custom_interface__rosidl_typesupport_microxrcedds_c__pyext.dir/rosidl_generator_py/custom_interface/_custom_interface_s.ep.rosidl_typesupport_microxrcedds_c.c.o[0m
[3.697s] [ 97%] [32m[1mLinking C shared library rosidl_generator_py/custom_interface/custom_interface_s__rosidl_typesupport_c.cpython-310-x86_64-linux-gnu.so[0m
[3.697s] [ 97%] [32m[1mLinking C shared library rosidl_generator_py/custom_interface/custom_interface_s__rosidl_typesupport_introspection_c.cpython-310-x86_64-linux-gnu.so[0m
[3.697s] [ 97%] [32m[1mLinking C shared library rosidl_generator_py/custom_interface/custom_interface_s__rosidl_typesupport_fastrtps_c.cpython-310-x86_64-linux-gnu.so[0m
[3.708s] [100%] [32m[1mLinking C shared library rosidl_generator_py/custom_interface/custom_interface_s__rosidl_typesupport_microxrcedds_c.cpython-310-x86_64-linux-gnu.so[0m
[3.747s] [100%] Built target custom_interface__rosidl_typesupport_introspection_c__pyext
[3.748s] [100%] Built target custom_interface__rosidl_typesupport_fastrtps_c__pyext
[3.751s] [100%] Built target custom_interface__rosidl_typesupport_c__pyext
[3.761s] [100%] Built target custom_interface__rosidl_typesupport_microxrcedds_c__pyext
[3.778s] Invoked command in '/home/saifa/Desktop/Fun4/build/custom_interface' returned '0': CMAKE_PREFIX_PATH=${CMAKE_PREFIX_PATH}:/home/saifa/mc_ros_ws/install/sensor_msgs_py:/opt/ros/humble /usr/bin/cmake --build /home/saifa/Desktop/Fun4/build/custom_interface -- -j16 -l16
[3.940s] Invoking command in '/home/saifa/Desktop/Fun4/build/custom_interface': CMAKE_PREFIX_PATH=${CMAKE_PREFIX_PATH}:/home/saifa/mc_ros_ws/install/sensor_msgs_py:/opt/ros/humble /usr/bin/cmake --install /home/saifa/Desktop/Fun4/build/custom_interface
[3.952s] -- Install configuration: ""
[3.952s] -- Up-to-date: /home/saifa/Desktop/Fun4/install/custom_interface/share/ament_index/resource_index/rosidl_interfaces/custom_interface
[3.952s] -- Up-to-date: /home/saifa/Desktop/Fun4/install/custom_interface/include/custom_interface/custom_interface
[3.952s] -- Up-to-date: /home/saifa/Desktop/Fun4/install/custom_interface/include/custom_interface/custom_interface/msg
[3.952s] -- Up-to-date: /home/saifa/Desktop/Fun4/install/custom_interface/include/custom_interface/custom_interface/msg/rosidl_generator_c__visibility_control.h
[3.952s] -- Up-to-date: /home/saifa/Desktop/Fun4/install/custom_interface/include/custom_interface/custom_interface/srv
[3.952s] -- Installing: /home/saifa/Desktop/Fun4/install/custom_interface/include/custom_interface/custom_interface/srv/basic.h
[3.952s] -- Up-to-date: /home/saifa/Desktop/Fun4/install/custom_interface/include/custom_interface/custom_interface/srv/detail
[3.952s] -- Installing: /home/saifa/Desktop/Fun4/install/custom_interface/include/custom_interface/custom_interface/srv/detail/basic__struct.h
[3.953s] -- Installing: /home/saifa/Desktop/Fun4/install/custom_interface/include/custom_interface/custom_interface/srv/detail/basic__functions.h
[3.953s] -- Installing: /home/saifa/Desktop/Fun4/install/custom_interface/include/custom_interface/custom_interface/srv/detail/basic__type_support.h
[3.953s] -- Installing: /home/saifa/Desktop/Fun4/install/custom_interface/include/custom_interface/custom_interface/srv/detail/basic__functions.c
[3.953s] -- Up-to-date: /home/saifa/Desktop/Fun4/install/custom_interface/share/custom_interface/environment/library_path.sh
[3.953s] -- Installing: /home/saifa/Desktop/Fun4/install/custom_interface/share/custom_interface/environment/library_path.dsv
[3.953s] -- Installing: /home/saifa/Desktop/Fun4/install/custom_interface/lib/libcustom_interface__rosidl_generator_c.so
[3.954s] -- Set runtime path of "/home/saifa/Desktop/Fun4/install/custom_interface/lib/libcustom_interface__rosidl_generator_c.so" to ""
[3.954s] -- Up-to-date: /home/saifa/Desktop/Fun4/install/custom_interface/include/custom_interface/custom_interface
[3.954s] -- Up-to-date: /home/saifa/Desktop/Fun4/install/custom_interface/include/custom_interface/custom_interface/msg
[3.954s] -- Up-to-date: /home/saifa/Desktop/Fun4/install/custom_interface/include/custom_interface/custom_interface/msg/rosidl_typesupport_fastrtps_c__visibility_control.h
[3.954s] -- Up-to-date: /home/saifa/Desktop/Fun4/install/custom_interface/include/custom_interface/custom_interface/srv
[3.954s] -- Up-to-date: /home/saifa/Desktop/Fun4/install/custom_interface/include/custom_interface/custom_interface/srv/detail
[3.954s] -- Installing: /home/saifa/Desktop/Fun4/install/custom_interface/include/custom_interface/custom_interface/srv/detail/basic__rosidl_typesupport_fastrtps_c.h
[3.954s] -- Installing: /home/saifa/Desktop/Fun4/install/custom_interface/lib/libcustom_interface__rosidl_typesupport_fastrtps_c.so
[3.954s] -- Set runtime path of "/home/saifa/Desktop/Fun4/install/custom_interface/lib/libcustom_interface__rosidl_typesupport_fastrtps_c.so" to ""
[3.955s] -- Up-to-date: /home/saifa/Desktop/Fun4/install/custom_interface/include/custom_interface/custom_interface
[3.955s] -- Up-to-date: /home/saifa/Desktop/Fun4/install/custom_interface/include/custom_interface/custom_interface/srv
[3.955s] -- Installing: /home/saifa/Desktop/Fun4/install/custom_interface/include/custom_interface/custom_interface/srv/basic.hpp
[3.955s] -- Up-to-date: /home/saifa/Desktop/Fun4/install/custom_interface/include/custom_interface/custom_interface/srv/detail
[3.955s] -- Installing: /home/saifa/Desktop/Fun4/install/custom_interface/include/custom_interface/custom_interface/srv/detail/basic__struct.hpp
[3.955s] -- Installing: /home/saifa/Desktop/Fun4/install/custom_interface/include/custom_interface/custom_interface/srv/detail/basic__traits.hpp
[3.955s] -- Installing: /home/saifa/Desktop/Fun4/install/custom_interface/include/custom_interface/custom_interface/srv/detail/basic__builder.hpp
[3.955s] -- Up-to-date: /home/saifa/Desktop/Fun4/install/custom_interface/include/custom_interface/custom_interface
[3.955s] -- Up-to-date: /home/saifa/Desktop/Fun4/install/custom_interface/include/custom_interface/custom_interface/msg
[3.955s] -- Up-to-date: /home/saifa/Desktop/Fun4/install/custom_interface/include/custom_interface/custom_interface/msg/rosidl_typesupport_fastrtps_cpp__visibility_control.h
[3.956s] -- Up-to-date: /home/saifa/Desktop/Fun4/install/custom_interface/include/custom_interface/custom_interface/srv
[3.956s] -- Up-to-date: /home/saifa/Desktop/Fun4/install/custom_interface/include/custom_interface/custom_interface/srv/detail
[3.956s] -- Installing: /home/saifa/Desktop/Fun4/install/custom_interface/include/custom_interface/custom_interface/srv/detail/basic__rosidl_typesupport_fastrtps_cpp.hpp
[3.956s] -- Up-to-date: /home/saifa/Desktop/Fun4/install/custom_interface/include/custom_interface/custom_interface/srv/detail/dds_fastrtps
[3.956s] -- Installing: /home/saifa/Desktop/Fun4/install/custom_interface/lib/libcustom_interface__rosidl_typesupport_fastrtps_cpp.so
[3.956s] -- Set runtime path of "/home/saifa/Desktop/Fun4/install/custom_interface/lib/libcustom_interface__rosidl_typesupport_fastrtps_cpp.so" to ""
[3.956s] -- Up-to-date: /home/saifa/Desktop/Fun4/install/custom_interface/include/custom_interface
[3.956s] -- Up-to-date: /home/saifa/Desktop/Fun4/install/custom_interface/include/custom_interface/msg
[3.957s] -- Up-to-date: /home/saifa/Desktop/Fun4/install/custom_interface/include/custom_interface/msg/rosidl_typesupport_microxrcedds_c__visibility_control.h
[3.957s] -- Up-to-date: /home/saifa/Desktop/Fun4/install/custom_interface/include/custom_interface/srv
[3.957s] -- Up-to-date: /home/saifa/Desktop/Fun4/install/custom_interface/include/custom_interface/srv/detail
[3.957s] -- Up-to-date: /home/saifa/Desktop/Fun4/install/custom_interface/include/custom_interface/srv/detail/microxrcedds
[3.957s] -- Installing: /home/saifa/Desktop/Fun4/install/custom_interface/include/custom_interface/srv/detail/basic__rosidl_typesupport_microxrcedds_c.h
[3.957s] -- Installing: /home/saifa/Desktop/Fun4/install/custom_interface/lib/libcustom_interface__rosidl_typesupport_microxrcedds_c.so
[3.957s] -- Set runtime path of "/home/saifa/Desktop/Fun4/install/custom_interface/lib/libcustom_interface__rosidl_typesupport_microxrcedds_c.so" to ""
[3.957s] -- Up-to-date: /home/saifa/Desktop/Fun4/install/custom_interface/include/custom_interface/custom_interface
[3.957s] -- Up-to-date: /home/saifa/Desktop/Fun4/install/custom_interface/include/custom_interface/custom_interface/msg
[3.957s] -- Up-to-date: /home/saifa/Desktop/Fun4/install/custom_interface/include/custom_interface/custom_interface/msg/rosidl_typesupport_introspection_c__visibility_control.h
[3.957s] -- Up-to-date: /home/saifa/Desktop/Fun4/install/custom_interface/include/custom_interface/custom_interface/srv
[3.958s] -- Up-to-date: /home/saifa/Desktop/Fun4/install/custom_interface/include/custom_interface/custom_interface/srv/detail
[3.958s] -- Installing: /home/saifa/Desktop/Fun4/install/custom_interface/include/custom_interface/custom_interface/srv/detail/basic__rosidl_typesupport_introspection_c.h
[3.958s] -- Installing: /home/saifa/Desktop/Fun4/install/custom_interface/include/custom_interface/custom_interface/srv/detail/basic__type_support.c
[3.958s] -- Installing: /home/saifa/Desktop/Fun4/install/custom_interface/lib/libcustom_interface__rosidl_typesupport_introspection_c.so
[3.958s] -- Set runtime path of "/home/saifa/Desktop/Fun4/install/custom_interface/lib/libcustom_interface__rosidl_typesupport_introspection_c.so" to ""
[3.958s] -- Installing: /home/saifa/Desktop/Fun4/install/custom_interface/lib/libcustom_interface__rosidl_typesupport_c.so
[3.959s] -- Set runtime path of "/home/saifa/Desktop/Fun4/install/custom_interface/lib/libcustom_interface__rosidl_typesupport_c.so" to ""
[3.959s] -- Up-to-date: /home/saifa/Desktop/Fun4/install/custom_interface/include/custom_interface
[3.959s] -- Up-to-date: /home/saifa/Desktop/Fun4/install/custom_interface/include/custom_interface/msg
[3.959s] -- Up-to-date: /home/saifa/Desktop/Fun4/install/custom_interface/include/custom_interface/msg/rosidl_typesupport_microxrcedds_cpp__visibility_control.h
[3.959s] -- Up-to-date: /home/saifa/Desktop/Fun4/install/custom_interface/include/custom_interface/srv
[3.959s] -- Up-to-date: /home/saifa/Desktop/Fun4/install/custom_interface/include/custom_interface/srv/detail
[3.959s] -- Up-to-date: /home/saifa/Desktop/Fun4/install/custom_interface/include/custom_interface/srv/detail/microxrcedds
[3.959s] -- Installing: /home/saifa/Desktop/Fun4/install/custom_interface/include/custom_interface/srv/detail/microxrcedds/basic__type_support_cpp.cpp
[3.959s] -- Installing: /home/saifa/Desktop/Fun4/install/custom_interface/include/custom_interface/srv/detail/basic__rosidl_typesupport_microxrcedds_cpp.hpp
[3.959s] -- Installing: /home/saifa/Desktop/Fun4/install/custom_interface/lib/libcustom_interface__rosidl_typesupport_microxrcedds_cpp.so
[3.960s] -- Set runtime path of "/home/saifa/Desktop/Fun4/install/custom_interface/lib/libcustom_interface__rosidl_typesupport_microxrcedds_cpp.so" to ""
[3.960s] -- Up-to-date: /home/saifa/Desktop/Fun4/install/custom_interface/include/custom_interface/custom_interface
[3.960s] -- Up-to-date: /home/saifa/Desktop/Fun4/install/custom_interface/include/custom_interface/custom_interface/srv
[3.960s] -- Up-to-date: /home/saifa/Desktop/Fun4/install/custom_interface/include/custom_interface/custom_interface/srv/detail
[3.960s] -- Installing: /home/saifa/Desktop/Fun4/install/custom_interface/include/custom_interface/custom_interface/srv/detail/basic__rosidl_typesupport_introspection_cpp.hpp
[3.960s] -- Installing: /home/saifa/Desktop/Fun4/install/custom_interface/include/custom_interface/custom_interface/srv/detail/basic__type_support.cpp
[3.960s] -- Installing: /home/saifa/Desktop/Fun4/install/custom_interface/lib/libcustom_interface__rosidl_typesupport_introspection_cpp.so
[3.961s] -- Set runtime path of "/home/saifa/Desktop/Fun4/install/custom_interface/lib/libcustom_interface__rosidl_typesupport_introspection_cpp.so" to ""
[3.961s] -- Installing: /home/saifa/Desktop/Fun4/install/custom_interface/lib/libcustom_interface__rosidl_typesupport_cpp.so
[3.961s] -- Set runtime path of "/home/saifa/Desktop/Fun4/install/custom_interface/lib/libcustom_interface__rosidl_typesupport_cpp.so" to ""
[3.961s] -- Up-to-date: /home/saifa/Desktop/Fun4/install/custom_interface/share/custom_interface/environment/pythonpath.sh
[3.961s] -- Installing: /home/saifa/Desktop/Fun4/install/custom_interface/share/custom_interface/environment/pythonpath.dsv
[3.962s] -- Up-to-date: /home/saifa/Desktop/Fun4/install/custom_interface/local/lib/python3.10/dist-packages/custom_interface-0.0.0-py3.10.egg-info
[3.962s] -- Installing: /home/saifa/Desktop/Fun4/install/custom_interface/local/lib/python3.10/dist-packages/custom_interface-0.0.0-py3.10.egg-info/top_level.txt
[3.962s] -- Installing: /home/saifa/Desktop/Fun4/install/custom_interface/local/lib/python3.10/dist-packages/custom_interface-0.0.0-py3.10.egg-info/SOURCES.txt
[3.962s] -- Installing: /home/saifa/Desktop/Fun4/install/custom_interface/local/lib/python3.10/dist-packages/custom_interface-0.0.0-py3.10.egg-info/dependency_links.txt
[3.963s] -- Installing: /home/saifa/Desktop/Fun4/install/custom_interface/local/lib/python3.10/dist-packages/custom_interface-0.0.0-py3.10.egg-info/PKG-INFO
[3.963s] -- Up-to-date: /home/saifa/Desktop/Fun4/install/custom_interface/local/lib/python3.10/dist-packages/custom_interface
[3.963s] -- Installing: /home/saifa/Desktop/Fun4/install/custom_interface/local/lib/python3.10/dist-packages/custom_interface/custom_interface_s__rosidl_typesupport_microxrcedds_c.cpython-310-x86_64-linux-gnu.so
[3.963s] -- Installing: /home/saifa/Desktop/Fun4/install/custom_interface/local/lib/python3.10/dist-packages/custom_interface/__init__.py
[3.964s] -- Installing: /home/saifa/Desktop/Fun4/install/custom_interface/local/lib/python3.10/dist-packages/custom_interface/custom_interface_s__rosidl_typesupport_fastrtps_c.cpython-310-x86_64-linux-gnu.so
[3.964s] -- Up-to-date: /home/saifa/Desktop/Fun4/install/custom_interface/local/lib/python3.10/dist-packages/custom_interface/srv
[3.964s] -- Installing: /home/saifa/Desktop/Fun4/install/custom_interface/local/lib/python3.10/dist-packages/custom_interface/srv/__init__.py
[3.964s] -- Installing: /home/saifa/Desktop/Fun4/install/custom_interface/local/lib/python3.10/dist-packages/custom_interface/srv/_basic_s.c
[3.964s] -- Installing: /home/saifa/Desktop/Fun4/install/custom_interface/local/lib/python3.10/dist-packages/custom_interface/srv/_basic.py
[3.965s] -- Installing: /home/saifa/Desktop/Fun4/install/custom_interface/local/lib/python3.10/dist-packages/custom_interface/_custom_interface_s.ep.rosidl_typesupport_fastrtps_c.c
[3.965s] -- Installing: /home/saifa/Desktop/Fun4/install/custom_interface/local/lib/python3.10/dist-packages/custom_interface/_custom_interface_s.ep.rosidl_typesupport_introspection_c.c
[3.965s] -- Installing: /home/saifa/Desktop/Fun4/install/custom_interface/local/lib/python3.10/dist-packages/custom_interface/_custom_interface_s.ep.rosidl_typesupport_microxrcedds_c.c
[3.965s] -- Installing: /home/saifa/Desktop/Fun4/install/custom_interface/local/lib/python3.10/dist-packages/custom_interface/custom_interface_s__rosidl_typesupport_c.cpython-310-x86_64-linux-gnu.so
[3.965s] -- Installing: /home/saifa/Desktop/Fun4/install/custom_interface/local/lib/python3.10/dist-packages/custom_interface/custom_interface_s__rosidl_typesupport_introspection_c.cpython-310-x86_64-linux-gnu.so
[3.966s] -- Installing: /home/saifa/Desktop/Fun4/install/custom_interface/local/lib/python3.10/dist-packages/custom_interface/libcustom_interface__rosidl_generator_py.so
[3.966s] -- Installing: /home/saifa/Desktop/Fun4/install/custom_interface/local/lib/python3.10/dist-packages/custom_interface/_custom_interface_s.ep.rosidl_typesupport_c.c
[4.013s] Listing '/home/saifa/Desktop/Fun4/install/custom_interface/local/lib/python3.10/dist-packages/custom_interface'...
[4.013s] Compiling '/home/saifa/Desktop/Fun4/install/custom_interface/local/lib/python3.10/dist-packages/custom_interface/__init__.py'...
[4.014s] Listing '/home/saifa/Desktop/Fun4/install/custom_interface/local/lib/python3.10/dist-packages/custom_interface/srv'...
[4.014s] Compiling '/home/saifa/Desktop/Fun4/install/custom_interface/local/lib/python3.10/dist-packages/custom_interface/srv/__init__.py'...
[4.014s] Compiling '/home/saifa/Desktop/Fun4/install/custom_interface/local/lib/python3.10/dist-packages/custom_interface/srv/_basic.py'...
[4.017s] -- Installing: /home/saifa/Desktop/Fun4/install/custom_interface/local/lib/python3.10/dist-packages/custom_interface/custom_interface_s__rosidl_typesupport_microxrcedds_c.cpython-310-x86_64-linux-gnu.so
[4.017s] -- Set runtime path of "/home/saifa/Desktop/Fun4/install/custom_interface/local/lib/python3.10/dist-packages/custom_interface/custom_interface_s__rosidl_typesupport_microxrcedds_c.cpython-310-x86_64-linux-gnu.so" to ""
[4.017s] -- Installing: /home/saifa/Desktop/Fun4/install/custom_interface/local/lib/python3.10/dist-packages/custom_interface/custom_interface_s__rosidl_typesupport_fastrtps_c.cpython-310-x86_64-linux-gnu.so
[4.018s] -- Set runtime path of "/home/saifa/Desktop/Fun4/install/custom_interface/local/lib/python3.10/dist-packages/custom_interface/custom_interface_s__rosidl_typesupport_fastrtps_c.cpython-310-x86_64-linux-gnu.so" to ""
[4.018s] -- Installing: /home/saifa/Desktop/Fun4/install/custom_interface/local/lib/python3.10/dist-packages/custom_interface/custom_interface_s__rosidl_typesupport_introspection_c.cpython-310-x86_64-linux-gnu.so
[4.018s] -- Set runtime path of "/home/saifa/Desktop/Fun4/install/custom_interface/local/lib/python3.10/dist-packages/custom_interface/custom_interface_s__rosidl_typesupport_introspection_c.cpython-310-x86_64-linux-gnu.so" to ""
[4.018s] -- Installing: /home/saifa/Desktop/Fun4/install/custom_interface/local/lib/python3.10/dist-packages/custom_interface/custom_interface_s__rosidl_typesupport_c.cpython-310-x86_64-linux-gnu.so
[4.019s] -- Set runtime path of "/home/saifa/Desktop/Fun4/install/custom_interface/local/lib/python3.10/dist-packages/custom_interface/custom_interface_s__rosidl_typesupport_c.cpython-310-x86_64-linux-gnu.so" to ""
[4.019s] -- Installing: /home/saifa/Desktop/Fun4/install/custom_interface/lib/libcustom_interface__rosidl_generator_py.so
[4.019s] -- Set runtime path of "/home/saifa/Desktop/Fun4/install/custom_interface/lib/libcustom_interface__rosidl_generator_py.so" to ""
[4.019s] -- Installing: /home/saifa/Desktop/Fun4/install/custom_interface/share/custom_interface/srv/Basic.idl
[4.020s] -- Installing: /home/saifa/Desktop/Fun4/install/custom_interface/share/custom_interface/srv/Basic.srv
[4.020s] -- Up-to-date: /home/saifa/Desktop/Fun4/install/custom_interface/share/custom_interface/srv/Basic_Request.msg
[4.020s] -- Installing: /home/saifa/Desktop/Fun4/install/custom_interface/share/custom_interface/srv/Basic_Response.msg
[4.020s] -- Up-to-date: /home/saifa/Desktop/Fun4/install/custom_interface/share/ament_index/resource_index/package_run_dependencies/custom_interface
[4.020s] -- Installing: /home/saifa/Desktop/Fun4/install/custom_interface/share/ament_index/resource_index/parent_prefix_path/custom_interface
[4.020s] -- Up-to-date: /home/saifa/Desktop/Fun4/install/custom_interface/share/custom_interface/environment/ament_prefix_path.sh
[4.020s] -- Installing: /home/saifa/Desktop/Fun4/install/custom_interface/share/custom_interface/environment/ament_prefix_path.dsv
[4.021s] -- Up-to-date: /home/saifa/Desktop/Fun4/install/custom_interface/share/custom_interface/environment/path.sh
[4.021s] -- Installing: /home/saifa/Desktop/Fun4/install/custom_interface/share/custom_interface/environment/path.dsv
[4.021s] -- Up-to-date: /home/saifa/Desktop/Fun4/install/custom_interface/share/custom_interface/local_setup.bash
[4.021s] -- Up-to-date: /home/saifa/Desktop/Fun4/install/custom_interface/share/custom_interface/local_setup.sh
[4.021s] -- Up-to-date: /home/saifa/Desktop/Fun4/install/custom_interface/share/custom_interface/local_setup.zsh
[4.021s] -- Installing: /home/saifa/Desktop/Fun4/install/custom_interface/share/custom_interface/local_setup.dsv
[4.021s] -- Installing: /home/saifa/Desktop/Fun4/install/custom_interface/share/custom_interface/package.dsv
[4.021s] -- Up-to-date: /home/saifa/Desktop/Fun4/install/custom_interface/share/ament_index/resource_index/packages/custom_interface
[4.022s] -- Up-to-date: /home/saifa/Desktop/Fun4/install/custom_interface/share/custom_interface/cmake/export_custom_interface__rosidl_generator_cExport.cmake
[4.022s] -- Up-to-date: /home/saifa/Desktop/Fun4/install/custom_interface/share/custom_interface/cmake/export_custom_interface__rosidl_generator_cExport-noconfig.cmake
[4.022s] -- Up-to-date: /home/saifa/Desktop/Fun4/install/custom_interface/share/custom_interface/cmake/export_custom_interface__rosidl_typesupport_fastrtps_cExport.cmake
[4.022s] -- Up-to-date: /home/saifa/Desktop/Fun4/install/custom_interface/share/custom_interface/cmake/export_custom_interface__rosidl_typesupport_fastrtps_cExport-noconfig.cmake
[4.022s] -- Up-to-date: /home/saifa/Desktop/Fun4/install/custom_interface/share/custom_interface/cmake/export_custom_interface__rosidl_generator_cppExport.cmake
[4.022s] -- Up-to-date: /home/saifa/Desktop/Fun4/install/custom_interface/share/custom_interface/cmake/export_custom_interface__rosidl_typesupport_fastrtps_cppExport.cmake
[4.023s] -- Up-to-date: /home/saifa/Desktop/Fun4/install/custom_interface/share/custom_interface/cmake/export_custom_interface__rosidl_typesupport_fastrtps_cppExport-noconfig.cmake
[4.023s] -- Up-to-date: /home/saifa/Desktop/Fun4/install/custom_interface/share/custom_interface/cmake/custom_interface__rosidl_typesupport_introspection_cExport.cmake
[4.023s] -- Up-to-date: /home/saifa/Desktop/Fun4/install/custom_interface/share/custom_interface/cmake/custom_interface__rosidl_typesupport_introspection_cExport-noconfig.cmake
[4.023s] -- Up-to-date: /home/saifa/Desktop/Fun4/install/custom_interface/share/custom_interface/cmake/custom_interface__rosidl_typesupport_cExport.cmake
[4.023s] -- Up-to-date: /home/saifa/Desktop/Fun4/install/custom_interface/share/custom_interface/cmake/custom_interface__rosidl_typesupport_cExport-noconfig.cmake
[4.023s] -- Up-to-date: /home/saifa/Desktop/Fun4/install/custom_interface/share/custom_interface/cmake/custom_interface__rosidl_typesupport_introspection_cppExport.cmake
[4.023s] -- Up-to-date: /home/saifa/Desktop/Fun4/install/custom_interface/share/custom_interface/cmake/custom_interface__rosidl_typesupport_introspection_cppExport-noconfig.cmake
[4.023s] -- Up-to-date: /home/saifa/Desktop/Fun4/install/custom_interface/share/custom_interface/cmake/custom_interface__rosidl_typesupport_cppExport.cmake
[4.023s] -- Up-to-date: /home/saifa/Desktop/Fun4/install/custom_interface/share/custom_interface/cmake/custom_interface__rosidl_typesupport_cppExport-noconfig.cmake
[4.024s] -- Up-to-date: /home/saifa/Desktop/Fun4/install/custom_interface/share/custom_interface/cmake/export_custom_interface__rosidl_generator_pyExport.cmake
[4.024s] -- Up-to-date: /home/saifa/Desktop/Fun4/install/custom_interface/share/custom_interface/cmake/export_custom_interface__rosidl_generator_pyExport-noconfig.cmake
[4.024s] -- Up-to-date: /home/saifa/Desktop/Fun4/install/custom_interface/share/custom_interface/cmake/rosidl_cmake-extras.cmake
[4.024s] -- Up-to-date: /home/saifa/Desktop/Fun4/install/custom_interface/share/custom_interface/cmake/ament_cmake_export_dependencies-extras.cmake
[4.024s] -- Up-to-date: /home/saifa/Desktop/Fun4/install/custom_interface/share/custom_interface/cmake/ament_cmake_export_include_directories-extras.cmake
[4.024s] -- Up-to-date: /home/saifa/Desktop/Fun4/install/custom_interface/share/custom_interface/cmake/ament_cmake_export_libraries-extras.cmake
[4.024s] -- Up-to-date: /home/saifa/Desktop/Fun4/install/custom_interface/share/custom_interface/cmake/ament_cmake_export_targets-extras.cmake
[4.025s] -- Up-to-date: /home/saifa/Desktop/Fun4/install/custom_interface/share/custom_interface/cmake/rosidl_cmake_export_typesupport_targets-extras.cmake
[4.025s] -- Up-to-date: /home/saifa/Desktop/Fun4/install/custom_interface/share/custom_interface/cmake/rosidl_cmake_export_typesupport_libraries-extras.cmake
[4.026s] -- Up-to-date: /home/saifa/Desktop/Fun4/install/custom_interface/share/custom_interface/cmake/custom_interfaceConfig.cmake
[4.026s] -- Up-to-date: /home/saifa/Desktop/Fun4/install/custom_interface/share/custom_interface/cmake/custom_interfaceConfig-version.cmake
[4.026s] -- Up-to-date: /home/saifa/Desktop/Fun4/install/custom_interface/share/custom_interface/package.xml
[4.026s] Invoked command in '/home/saifa/Desktop/Fun4/build/custom_interface' returned '0': CMAKE_PREFIX_PATH=${CMAKE_PREFIX_PATH}:/home/saifa/mc_ros_ws/install/sensor_msgs_py:/opt/ros/humble /usr/bin/cmake --install /home/saifa/Desktop/Fun4/build/custom_interface
