[0.017s] Invoking command in '/home/saifa/Desktop/Fun4/build/fun4': CMAKE_PREFIX_PATH=${CMAKE_PREFIX_PATH}:/home/saifa/mc_ros_ws/install/sensor_msgs_py:/opt/ros/humble /usr/bin/cmake --build /home/saifa/Desktop/Fun4/build/fun4 -- -j16 -l16
[0.058s] -- Found ament_cmake: 1.3.10 (/opt/ros/humble/share/ament_cmake/cmake)
[0.234s] -- Found rclcpp: 16.0.10 (/opt/ros/humble/share/rclcpp/cmake)
[0.281s] -- Found rosidl_generator_c: 3.1.5 (/opt/ros/humble/share/rosidl_generator_c/cmake)
[0.285s] -- Found rosidl_adapter: 3.1.5 (/opt/ros/humble/share/rosidl_adapter/cmake)
[0.294s] -- Found rosidl_generator_cpp: 3.1.5 (/opt/ros/humble/share/rosidl_generator_cpp/cmake)
[0.314s] -- Using all available rosidl_typesupport_c: rosidl_typesupport_microxrcedds_c;rosidl_typesupport_fastrtps_c;rosidl_typesupport_introspection_c
[0.345s] -- Using all available rosidl_typesupport_cpp: rosidl_typesupport_microxrcedds_cpp;rosidl_typesupport_fastrtps_cpp;rosidl_typesupport_introspection_cpp
[0.396s] -- Found rmw_implementation_cmake: 6.1.2 (/opt/ros/humble/share/rmw_implementation_cmake/cmake)
[0.402s] -- Found rmw_fastrtps_cpp: 6.2.7 (/opt/ros/humble/share/rmw_fastrtps_cpp/cmake)
[0.538s] -- Using RMW implementation 'rmw_fastrtps_cpp' as default
[0.587s] -- Found rclpy: 3.3.14 (/opt/ros/humble/share/rclpy/cmake)
[0.735s] -- Configuring done
[0.747s] -- Generating done
[0.749s] -- Build files have been written to: /home/saifa/Desktop/Fun4/build/fun4
[0.785s] [35m[1mConsolidate compiler generated dependencies of target cpp_node_test[0m
[0.805s] [100%] Built target cpp_node_test
[0.815s] [100%] Built target ament_cmake_python_copy_fun4
[1.075s] running egg_info
[1.076s] writing fun4.egg-info/PKG-INFO
[1.076s] writing dependency_links to fun4.egg-info/dependency_links.txt
[1.076s] writing top-level names to fun4.egg-info/top_level.txt
[1.078s] reading manifest file 'fun4.egg-info/SOURCES.txt'
[1.079s] writing manifest file 'fun4.egg-info/SOURCES.txt'
[1.122s] [100%] Built target ament_cmake_python_build_fun4_egg
[1.140s] Invoked command in '/home/saifa/Desktop/Fun4/build/fun4' returned '0': CMAKE_PREFIX_PATH=${CMAKE_PREFIX_PATH}:/home/saifa/mc_ros_ws/install/sensor_msgs_py:/opt/ros/humble /usr/bin/cmake --build /home/saifa/Desktop/Fun4/build/fun4 -- -j16 -l16
[1.192s] Invoking command in '/home/saifa/Desktop/Fun4/build/fun4': CMAKE_PREFIX_PATH=${CMAKE_PREFIX_PATH}:/home/saifa/mc_ros_ws/install/sensor_msgs_py:/opt/ros/humble /usr/bin/cmake --install /home/saifa/Desktop/Fun4/build/fun4
[1.202s] -- Install configuration: ""
[1.203s] -- Up-to-date: /home/saifa/Desktop/Fun4/install/fun4/share/fun4/environment/pythonpath.sh
[1.203s] -- Installing: /home/saifa/Desktop/Fun4/install/fun4/share/fun4/environment/pythonpath.dsv
[1.203s] -- Up-to-date: /home/saifa/Desktop/Fun4/install/fun4/local/lib/python3.10/dist-packages/fun4-0.0.0-py3.10.egg-info
[1.203s] -- Installing: /home/saifa/Desktop/Fun4/install/fun4/local/lib/python3.10/dist-packages/fun4-0.0.0-py3.10.egg-info/top_level.txt
[1.203s] -- Installing: /home/saifa/Desktop/Fun4/install/fun4/local/lib/python3.10/dist-packages/fun4-0.0.0-py3.10.egg-info/SOURCES.txt
[1.203s] -- Installing: /home/saifa/Desktop/Fun4/install/fun4/local/lib/python3.10/dist-packages/fun4-0.0.0-py3.10.egg-info/dependency_links.txt
[1.203s] -- Installing: /home/saifa/Desktop/Fun4/install/fun4/local/lib/python3.10/dist-packages/fun4-0.0.0-py3.10.egg-info/PKG-INFO
[1.203s] -- Up-to-date: /home/saifa/Desktop/Fun4/install/fun4/local/lib/python3.10/dist-packages/fun4
[1.204s] -- Up-to-date: /home/saifa/Desktop/Fun4/install/fun4/local/lib/python3.10/dist-packages/fun4/__init__.py
[1.204s] -- Up-to-date: /home/saifa/Desktop/Fun4/install/fun4/local/lib/python3.10/dist-packages/fun4/dummy_module.py
[1.251s] Listing '/home/saifa/Desktop/Fun4/install/fun4/local/lib/python3.10/dist-packages/fun4'...
[1.255s] -- Up-to-date: /home/saifa/Desktop/Fun4/install/fun4/lib/fun4/dummy_script.py
[1.255s] -- Installing: /home/saifa/Desktop/Fun4/install/fun4/lib/fun4/example_state.py
[1.255s] -- Up-to-date: /home/saifa/Desktop/Fun4/install/fun4/lib/fun4/cpp_node_test
[1.255s] -- Installing: /home/saifa/Desktop/Fun4/install/fun4/share/fun4/launch
[1.255s] -- Installing: /home/saifa/Desktop/Fun4/install/fun4/share/fun4/launch/simple_fun4.launch.py
[1.256s] -- Up-to-date: /home/saifa/Desktop/Fun4/install/fun4/share/ament_index/resource_index/package_run_dependencies/fun4
[1.256s] -- Installing: /home/saifa/Desktop/Fun4/install/fun4/share/ament_index/resource_index/parent_prefix_path/fun4
[1.256s] -- Up-to-date: /home/saifa/Desktop/Fun4/install/fun4/share/fun4/environment/ament_prefix_path.sh
[1.256s] -- Installing: /home/saifa/Desktop/Fun4/install/fun4/share/fun4/environment/ament_prefix_path.dsv
[1.256s] -- Up-to-date: /home/saifa/Desktop/Fun4/install/fun4/share/fun4/environment/path.sh
[1.256s] -- Installing: /home/saifa/Desktop/Fun4/install/fun4/share/fun4/environment/path.dsv
[1.256s] -- Up-to-date: /home/saifa/Desktop/Fun4/install/fun4/share/fun4/local_setup.bash
[1.257s] -- Up-to-date: /home/saifa/Desktop/Fun4/install/fun4/share/fun4/local_setup.sh
[1.257s] -- Up-to-date: /home/saifa/Desktop/Fun4/install/fun4/share/fun4/local_setup.zsh
[1.257s] -- Installing: /home/saifa/Desktop/Fun4/install/fun4/share/fun4/local_setup.dsv
[1.257s] -- Installing: /home/saifa/Desktop/Fun4/install/fun4/share/fun4/package.dsv
[1.257s] -- Up-to-date: /home/saifa/Desktop/Fun4/install/fun4/share/ament_index/resource_index/packages/fun4
[1.257s] -- Up-to-date: /home/saifa/Desktop/Fun4/install/fun4/share/fun4/cmake/fun4Config.cmake
[1.257s] -- Up-to-date: /home/saifa/Desktop/Fun4/install/fun4/share/fun4/cmake/fun4Config-version.cmake
[1.257s] -- Up-to-date: /home/saifa/Desktop/Fun4/install/fun4/share/fun4/package.xml
[1.261s] Invoked command in '/home/saifa/Desktop/Fun4/build/fun4' returned '0': CMAKE_PREFIX_PATH=${CMAKE_PREFIX_PATH}:/home/saifa/mc_ros_ws/install/sensor_msgs_py:/opt/ros/humble /usr/bin/cmake --install /home/saifa/Desktop/Fun4/build/fun4
