[0.024s] Invoking command in '/home/saifa/Desktop/Fun4/build/fun4': CMAKE_PREFIX_PATH=${CMAKE_PREFIX_PATH}:/home/saifa/mc_ros_ws/install/sensor_msgs_py:/opt/ros/humble /usr/bin/cmake --build /home/saifa/Desktop/Fun4/build/fun4 -- -j16 -l16
[0.091s] [100%] Built target cpp_node_test
[0.102s] [100%] Built target ament_cmake_python_copy_fun4
[0.344s] running egg_info
[0.345s] writing fun4.egg-info/PKG-INFO
[0.345s] writing dependency_links to fun4.egg-info/dependency_links.txt
[0.345s] writing top-level names to fun4.egg-info/top_level.txt
[0.346s] reading manifest file 'fun4.egg-info/SOURCES.txt'
[0.347s] writing manifest file 'fun4.egg-info/SOURCES.txt'
[0.378s] [100%] Built target ament_cmake_python_build_fun4_egg
[0.393s] Invoked command in '/home/saifa/Desktop/Fun4/build/fun4' returned '0': CMAKE_PREFIX_PATH=${CMAKE_PREFIX_PATH}:/home/saifa/mc_ros_ws/install/sensor_msgs_py:/opt/ros/humble /usr/bin/cmake --build /home/saifa/Desktop/Fun4/build/fun4 -- -j16 -l16
[0.454s] Invoking command in '/home/saifa/Desktop/Fun4/build/fun4': CMAKE_PREFIX_PATH=${CMAKE_PREFIX_PATH}:/home/saifa/mc_ros_ws/install/sensor_msgs_py:/opt/ros/humble /usr/bin/cmake --install /home/saifa/Desktop/Fun4/build/fun4
[0.464s] -- Install configuration: ""
[0.464s] -- Up-to-date: /home/saifa/Desktop/Fun4/install/fun4/share/fun4/environment/pythonpath.sh
[0.464s] -- Up-to-date: /home/saifa/Desktop/Fun4/install/fun4/share/fun4/environment/pythonpath.dsv
[0.464s] -- Up-to-date: /home/saifa/Desktop/Fun4/install/fun4/local/lib/python3.10/dist-packages/fun4-0.0.0-py3.10.egg-info
[0.464s] -- Installing: /home/saifa/Desktop/Fun4/install/fun4/local/lib/python3.10/dist-packages/fun4-0.0.0-py3.10.egg-info/top_level.txt
[0.464s] -- Installing: /home/saifa/Desktop/Fun4/install/fun4/local/lib/python3.10/dist-packages/fun4-0.0.0-py3.10.egg-info/SOURCES.txt
[0.464s] -- Installing: /home/saifa/Desktop/Fun4/install/fun4/local/lib/python3.10/dist-packages/fun4-0.0.0-py3.10.egg-info/dependency_links.txt
[0.464s] -- Installing: /home/saifa/Desktop/Fun4/install/fun4/local/lib/python3.10/dist-packages/fun4-0.0.0-py3.10.egg-info/PKG-INFO
[0.465s] -- Up-to-date: /home/saifa/Desktop/Fun4/install/fun4/local/lib/python3.10/dist-packages/fun4
[0.465s] -- Up-to-date: /home/saifa/Desktop/Fun4/install/fun4/local/lib/python3.10/dist-packages/fun4/__init__.py
[0.465s] -- Up-to-date: /home/saifa/Desktop/Fun4/install/fun4/local/lib/python3.10/dist-packages/fun4/dummy_module.py
[0.505s] Listing '/home/saifa/Desktop/Fun4/install/fun4/local/lib/python3.10/dist-packages/fun4'...
[0.508s] -- Up-to-date: /home/saifa/Desktop/Fun4/install/fun4/lib/fun4/dummy_script.py
[0.509s] -- Up-to-date: /home/saifa/Desktop/Fun4/install/fun4/lib/fun4/example_state.py
[0.509s] -- Up-to-date: /home/saifa/Desktop/Fun4/install/fun4/lib/fun4/cpp_node_test
[0.509s] -- Up-to-date: /home/saifa/Desktop/Fun4/install/fun4/share/fun4
[0.509s] -- Up-to-date: /home/saifa/Desktop/Fun4/install/fun4/share/ament_index/resource_index/package_run_dependencies/fun4
[0.509s] -- Up-to-date: /home/saifa/Desktop/Fun4/install/fun4/share/ament_index/resource_index/parent_prefix_path/fun4
[0.509s] -- Up-to-date: /home/saifa/Desktop/Fun4/install/fun4/share/fun4/environment/ament_prefix_path.sh
[0.509s] -- Up-to-date: /home/saifa/Desktop/Fun4/install/fun4/share/fun4/environment/ament_prefix_path.dsv
[0.509s] -- Up-to-date: /home/saifa/Desktop/Fun4/install/fun4/share/fun4/environment/path.sh
[0.510s] -- Up-to-date: /home/saifa/Desktop/Fun4/install/fun4/share/fun4/environment/path.dsv
[0.510s] -- Up-to-date: /home/saifa/Desktop/Fun4/install/fun4/share/fun4/local_setup.bash
[0.510s] -- Up-to-date: /home/saifa/Desktop/Fun4/install/fun4/share/fun4/local_setup.sh
[0.510s] -- Up-to-date: /home/saifa/Desktop/Fun4/install/fun4/share/fun4/local_setup.zsh
[0.510s] -- Up-to-date: /home/saifa/Desktop/Fun4/install/fun4/share/fun4/local_setup.dsv
[0.510s] -- Installing: /home/saifa/Desktop/Fun4/install/fun4/share/fun4/package.dsv
[0.510s] -- Up-to-date: /home/saifa/Desktop/Fun4/install/fun4/share/ament_index/resource_index/packages/fun4
[0.510s] -- Up-to-date: /home/saifa/Desktop/Fun4/install/fun4/share/fun4/cmake/fun4Config.cmake
[0.510s] -- Up-to-date: /home/saifa/Desktop/Fun4/install/fun4/share/fun4/cmake/fun4Config-version.cmake
[0.510s] -- Up-to-date: /home/saifa/Desktop/Fun4/install/fun4/share/fun4/package.xml
[0.512s] Invoked command in '/home/saifa/Desktop/Fun4/build/fun4' returned '0': CMAKE_PREFIX_PATH=${CMAKE_PREFIX_PATH}:/home/saifa/mc_ros_ws/install/sensor_msgs_py:/opt/ros/humble /usr/bin/cmake --install /home/saifa/Desktop/Fun4/build/fun4
