[0.013s] Invoking command in '/home/saifa/Desktop/Fun4/build/fun4': CMAKE_PREFIX_PATH=${CMAKE_PREFIX_PATH}:/home/saifa/mc_ros_ws/install/sensor_msgs_py:/opt/ros/humble /usr/bin/cmake /home/saifa/Desktop/Fun4/src/fun4 -DCMAKE_INSTALL_PREFIX=/home/saifa/Desktop/Fun4/install/fun4
[0.073s] -- The C compiler identification is GNU 11.4.0
[0.121s] -- The CXX compiler identification is GNU 11.4.0
[0.128s] -- Detecting C compiler ABI info
[0.206s] -- Detecting C compiler ABI info - done
[0.214s] -- Check for working C compiler: /usr/bin/cc - skipped
[0.215s] -- Detecting C compile features
[0.215s] -- Detecting C compile features - done
[0.218s] -- Detecting CXX compiler ABI info
[0.317s] -- Detecting CXX compiler ABI info - done
[0.328s] -- Check for working CXX compiler: /usr/bin/c++ - skipped
[0.328s] -- Detecting CXX compile features
[0.328s] -- Detecting CXX compile features - done
[0.339s] -- Found ament_cmake: 1.3.10 (/opt/ros/humble/share/ament_cmake/cmake)
[0.545s] -- Found Python3: /usr/bin/python3 (found version "3.10.12") found components: Interpreter 
[0.754s] -- Found rclcpp: 16.0.10 (/opt/ros/humble/share/rclcpp/cmake)
[0.868s] -- Found rosidl_generator_c: 3.1.5 (/opt/ros/humble/share/rosidl_generator_c/cmake)
[0.883s] -- Found rosidl_adapter: 3.1.5 (/opt/ros/humble/share/rosidl_adapter/cmake)
[0.901s] -- Found rosidl_generator_cpp: 3.1.5 (/opt/ros/humble/share/rosidl_generator_cpp/cmake)
[0.925s] -- Using all available rosidl_typesupport_c: rosidl_typesupport_microxrcedds_c;rosidl_typesupport_fastrtps_c;rosidl_typesupport_introspection_c
[0.971s] -- Using all available rosidl_typesupport_cpp: rosidl_typesupport_microxrcedds_cpp;rosidl_typesupport_fastrtps_cpp;rosidl_typesupport_introspection_cpp
[1.068s] -- Found rmw_implementation_cmake: 6.1.2 (/opt/ros/humble/share/rmw_implementation_cmake/cmake)
[1.077s] -- Found rmw_fastrtps_cpp: 6.2.7 (/opt/ros/humble/share/rmw_fastrtps_cpp/cmake)
[1.229s] -- Found OpenSSL: /usr/lib/x86_64-linux-gnu/libcrypto.so (found version "3.0.2")  
[1.265s] -- Found FastRTPS: /opt/ros/humble/include  
[1.320s] -- Using RMW implementation 'rmw_fastrtps_cpp' as default
[1.344s] -- Looking for pthread.h
[1.433s] -- Looking for pthread.h - found
[1.433s] -- Performing Test CMAKE_HAVE_LIBC_PTHREAD
[1.519s] -- Performing Test CMAKE_HAVE_LIBC_PTHREAD - Success
[1.521s] -- Found Threads: TRUE  
[1.581s] -- Found rclpy: 3.3.14 (/opt/ros/humble/share/rclpy/cmake)
[1.736s] -- Configuring done
[1.747s] -- Generating done
[1.749s] -- Build files have been written to: /home/saifa/Desktop/Fun4/build/fun4
[1.757s] Invoked command in '/home/saifa/Desktop/Fun4/build/fun4' returned '0': CMAKE_PREFIX_PATH=${CMAKE_PREFIX_PATH}:/home/saifa/mc_ros_ws/install/sensor_msgs_py:/opt/ros/humble /usr/bin/cmake /home/saifa/Desktop/Fun4/src/fun4 -DCMAKE_INSTALL_PREFIX=/home/saifa/Desktop/Fun4/install/fun4
[1.759s] Invoking command in '/home/saifa/Desktop/Fun4/build/fun4': CMAKE_PREFIX_PATH=${CMAKE_PREFIX_PATH}:/home/saifa/mc_ros_ws/install/sensor_msgs_py:/opt/ros/humble /usr/bin/cmake --build /home/saifa/Desktop/Fun4/build/fun4 -- -j16 -l16
[1.823s] [ 50%] [32mBuilding CXX object CMakeFiles/cpp_node_test.dir/src/cpp_node.cpp.o[0m
[1.834s] [ 50%] Built target ament_cmake_python_copy_fun4
[2.038s] [100%] [32m[1mLinking CXX executable cpp_node_test[0m
[2.065s] running egg_info
[2.065s] creating fun4.egg-info
[2.066s] writing fun4.egg-info/PKG-INFO
[2.066s] writing dependency_links to fun4.egg-info/dependency_links.txt
[2.066s] writing top-level names to fun4.egg-info/top_level.txt
[2.066s] writing manifest file 'fun4.egg-info/SOURCES.txt'
[2.067s] reading manifest file 'fun4.egg-info/SOURCES.txt'
[2.068s] writing manifest file 'fun4.egg-info/SOURCES.txt'
[2.099s] [100%] Built target ament_cmake_python_build_fun4_egg
[2.125s] [100%] Built target cpp_node_test
[2.140s] Invoked command in '/home/saifa/Desktop/Fun4/build/fun4' returned '0': CMAKE_PREFIX_PATH=${CMAKE_PREFIX_PATH}:/home/saifa/mc_ros_ws/install/sensor_msgs_py:/opt/ros/humble /usr/bin/cmake --build /home/saifa/Desktop/Fun4/build/fun4 -- -j16 -l16
[2.197s] Invoking command in '/home/saifa/Desktop/Fun4/build/fun4': CMAKE_PREFIX_PATH=${CMAKE_PREFIX_PATH}:/home/saifa/mc_ros_ws/install/sensor_msgs_py:/opt/ros/humble /usr/bin/cmake --install /home/saifa/Desktop/Fun4/build/fun4
[2.206s] -- Install configuration: ""
[2.206s] -- Installing: /home/saifa/Desktop/Fun4/install/fun4/share/fun4/environment/pythonpath.sh
[2.206s] -- Installing: /home/saifa/Desktop/Fun4/install/fun4/share/fun4/environment/pythonpath.dsv
[2.206s] -- Installing: /home/saifa/Desktop/Fun4/install/fun4/local/lib/python3.10/dist-packages/fun4-0.0.0-py3.10.egg-info
[2.207s] -- Installing: /home/saifa/Desktop/Fun4/install/fun4/local/lib/python3.10/dist-packages/fun4-0.0.0-py3.10.egg-info/top_level.txt
[2.207s] -- Installing: /home/saifa/Desktop/Fun4/install/fun4/local/lib/python3.10/dist-packages/fun4-0.0.0-py3.10.egg-info/SOURCES.txt
[2.207s] -- Installing: /home/saifa/Desktop/Fun4/install/fun4/local/lib/python3.10/dist-packages/fun4-0.0.0-py3.10.egg-info/dependency_links.txt
[2.207s] -- Installing: /home/saifa/Desktop/Fun4/install/fun4/local/lib/python3.10/dist-packages/fun4-0.0.0-py3.10.egg-info/PKG-INFO
[2.207s] -- Installing: /home/saifa/Desktop/Fun4/install/fun4/local/lib/python3.10/dist-packages/fun4
[2.207s] -- Installing: /home/saifa/Desktop/Fun4/install/fun4/local/lib/python3.10/dist-packages/fun4/__init__.py
[2.207s] -- Installing: /home/saifa/Desktop/Fun4/install/fun4/local/lib/python3.10/dist-packages/fun4/dummy_module.py
[2.246s] Listing '/home/saifa/Desktop/Fun4/install/fun4/local/lib/python3.10/dist-packages/fun4'...
[2.246s] Compiling '/home/saifa/Desktop/Fun4/install/fun4/local/lib/python3.10/dist-packages/fun4/__init__.py'...
[2.246s] Compiling '/home/saifa/Desktop/Fun4/install/fun4/local/lib/python3.10/dist-packages/fun4/dummy_module.py'...
[2.249s] -- Installing: /home/saifa/Desktop/Fun4/install/fun4/lib/fun4/dummy_script.py
[2.249s] -- Installing: /home/saifa/Desktop/Fun4/install/fun4/lib/fun4/cpp_node_test
[2.250s] -- Set runtime path of "/home/saifa/Desktop/Fun4/install/fun4/lib/fun4/cpp_node_test" to ""
[2.250s] -- Up-to-date: /home/saifa/Desktop/Fun4/install/fun4/share/fun4
[2.250s] -- Installing: /home/saifa/Desktop/Fun4/install/fun4/share/ament_index/resource_index/package_run_dependencies/fun4
[2.250s] -- Installing: /home/saifa/Desktop/Fun4/install/fun4/share/ament_index/resource_index/parent_prefix_path/fun4
[2.250s] -- Installing: /home/saifa/Desktop/Fun4/install/fun4/share/fun4/environment/ament_prefix_path.sh
[2.250s] -- Installing: /home/saifa/Desktop/Fun4/install/fun4/share/fun4/environment/ament_prefix_path.dsv
[2.250s] -- Installing: /home/saifa/Desktop/Fun4/install/fun4/share/fun4/environment/path.sh
[2.250s] -- Installing: /home/saifa/Desktop/Fun4/install/fun4/share/fun4/environment/path.dsv
[2.251s] -- Installing: /home/saifa/Desktop/Fun4/install/fun4/share/fun4/local_setup.bash
[2.251s] -- Installing: /home/saifa/Desktop/Fun4/install/fun4/share/fun4/local_setup.sh
[2.251s] -- Installing: /home/saifa/Desktop/Fun4/install/fun4/share/fun4/local_setup.zsh
[2.251s] -- Installing: /home/saifa/Desktop/Fun4/install/fun4/share/fun4/local_setup.dsv
[2.251s] -- Installing: /home/saifa/Desktop/Fun4/install/fun4/share/fun4/package.dsv
[2.251s] -- Installing: /home/saifa/Desktop/Fun4/install/fun4/share/ament_index/resource_index/packages/fun4
[2.251s] -- Installing: /home/saifa/Desktop/Fun4/install/fun4/share/fun4/cmake/fun4Config.cmake
[2.252s] -- Installing: /home/saifa/Desktop/Fun4/install/fun4/share/fun4/cmake/fun4Config-version.cmake
[2.252s] -- Installing: /home/saifa/Desktop/Fun4/install/fun4/share/fun4/package.xml
[2.254s] Invoked command in '/home/saifa/Desktop/Fun4/build/fun4' returned '0': CMAKE_PREFIX_PATH=${CMAKE_PREFIX_PATH}:/home/saifa/mc_ros_ws/install/sensor_msgs_py:/opt/ros/humble /usr/bin/cmake --install /home/saifa/Desktop/Fun4/build/fun4
