-- Found ament_cmake: 1.3.10 (/opt/ros/humble/share/ament_cmake/cmake)
-- Found rclcpp: 16.0.10 (/opt/ros/humble/share/rclcpp/cmake)
-- Found rosidl_generator_c: 3.1.5 (/opt/ros/humble/share/rosidl_generator_c/cmake)
-- Found rosidl_adapter: 3.1.5 (/opt/ros/humble/share/rosidl_adapter/cmake)
-- Found rosidl_generator_cpp: 3.1.5 (/opt/ros/humble/share/rosidl_generator_cpp/cmake)
-- Using all available rosidl_typesupport_c: rosidl_typesupport_microxrcedds_c;rosidl_typesupport_fastrtps_c;rosidl_typesupport_introspection_c
-- Using all available rosidl_typesupport_cpp: rosidl_typesupport_microxrcedds_cpp;rosidl_typesupport_fastrtps_cpp;rosidl_typesupport_introspection_cpp
-- Found rmw_implementation_cmake: 6.1.2 (/opt/ros/humble/share/rmw_implementation_cmake/cmake)
-- Found rmw_fastrtps_cpp: 6.2.7 (/opt/ros/humble/share/rmw_fastrtps_cpp/cmake)
-- Using RMW implementation 'rmw_fastrtps_cpp' as default
-- Found rclpy: 3.3.14 (/opt/ros/humble/share/rclpy/cmake)
-- Configuring done
-- Generating done
-- Build files have been written to: /home/saifa/Desktop/Fun4/build/example_description
[35m[1mConsolidate compiler generated dependencies of target cpp_node_test[0m
[ 50%] [32mBuilding CXX object CMakeFiles/cpp_node_test.dir/src/cpp_node.cpp.o[0m
[ 50%] Built target ament_cmake_python_copy_example_description
[100%] [32m[1mLinking CXX executable cpp_node_test[0m
running egg_info
writing example_description.egg-info/PKG-INFO
writing dependency_links to example_description.egg-info/dependency_links.txt
writing top-level names to example_description.egg-info/top_level.txt
reading manifest file 'example_description.egg-info/SOURCES.txt'
writing manifest file 'example_description.egg-info/SOURCES.txt'
[100%] Built target ament_cmake_python_build_example_description_egg
[100%] Built target cpp_node_test
-- Install configuration: ""
-- Up-to-date: /home/saifa/Desktop/Fun4/install/example_description/share/example_description/environment/pythonpath.sh
-- Installing: /home/saifa/Desktop/Fun4/install/example_description/share/example_description/environment/pythonpath.dsv
-- Up-to-date: /home/saifa/Desktop/Fun4/install/example_description/local/lib/python3.10/dist-packages/example_description-0.0.0-py3.10.egg-info
-- Installing: /home/saifa/Desktop/Fun4/install/example_description/local/lib/python3.10/dist-packages/example_description-0.0.0-py3.10.egg-info/top_level.txt
-- Installing: /home/saifa/Desktop/Fun4/install/example_description/local/lib/python3.10/dist-packages/example_description-0.0.0-py3.10.egg-info/SOURCES.txt
-- Installing: /home/saifa/Desktop/Fun4/install/example_description/local/lib/python3.10/dist-packages/example_description-0.0.0-py3.10.egg-info/dependency_links.txt
-- Installing: /home/saifa/Desktop/Fun4/install/example_description/local/lib/python3.10/dist-packages/example_description-0.0.0-py3.10.egg-info/PKG-INFO
-- Up-to-date: /home/saifa/Desktop/Fun4/install/example_description/local/lib/python3.10/dist-packages/example_description
-- Installing: /home/saifa/Desktop/Fun4/install/example_description/local/lib/python3.10/dist-packages/example_description/__init__.py
-- Installing: /home/saifa/Desktop/Fun4/install/example_description/local/lib/python3.10/dist-packages/example_description/dummy_module.py
Listing '/home/saifa/Desktop/Fun4/install/example_description/local/lib/python3.10/dist-packages/example_description'...
Compiling '/home/saifa/Desktop/Fun4/install/example_description/local/lib/python3.10/dist-packages/example_description/__init__.py'...
Compiling '/home/saifa/Desktop/Fun4/install/example_description/local/lib/python3.10/dist-packages/example_description/dummy_module.py'...
-- Installing: /home/saifa/Desktop/Fun4/install/example_description/lib/example_description/dummy_script.py
-- Installing: /home/saifa/Desktop/Fun4/install/example_description/lib/example_description/cpp_node_test
-- Set runtime path of "/home/saifa/Desktop/Fun4/install/example_description/lib/example_description/cpp_node_test" to ""
-- Up-to-date: /home/saifa/Desktop/Fun4/install/example_description/share/example_description/config
-- Installing: /home/saifa/Desktop/Fun4/install/example_description/share/example_description/config/display.rviz
-- Up-to-date: /home/saifa/Desktop/Fun4/install/example_description/share/example_description/launch
-- Installing: /home/saifa/Desktop/Fun4/install/example_description/share/example_description/launch/simple_display.launch.py
-- Installing: /home/saifa/Desktop/Fun4/install/example_description/share/example_description/launch/fun.launch.py
-- Up-to-date: /home/saifa/Desktop/Fun4/install/example_description/share/example_description/meshes
-- Installing: /home/saifa/Desktop/Fun4/install/example_description/share/example_description/meshes/link_1.stl
-- Installing: /home/saifa/Desktop/Fun4/install/example_description/share/example_description/meshes/link_0.stl
-- Installing: /home/saifa/Desktop/Fun4/install/example_description/share/example_description/meshes/link_2.stl
-- Installing: /home/saifa/Desktop/Fun4/install/example_description/share/example_description/meshes/end_effector.stl
-- Installing: /home/saifa/Desktop/Fun4/install/example_description/share/example_description/meshes/link_3.stl
-- Up-to-date: /home/saifa/Desktop/Fun4/install/example_description/share/example_description/robot
-- Up-to-date: /home/saifa/Desktop/Fun4/install/example_description/share/example_description/robot/visual
-- Installing: /home/saifa/Desktop/Fun4/install/example_description/share/example_description/robot/visual/my-robot.xacro
-- Installing: /home/saifa/Desktop/Fun4/install/example_description/share/example_description/robot/visual/01-myfirst.urdf
-- Up-to-date: /home/saifa/Desktop/Fun4/install/example_description/share/ament_index/resource_index/package_run_dependencies/example_description
-- Installing: /home/saifa/Desktop/Fun4/install/example_description/share/ament_index/resource_index/parent_prefix_path/example_description
-- Up-to-date: /home/saifa/Desktop/Fun4/install/example_description/share/example_description/environment/ament_prefix_path.sh
-- Installing: /home/saifa/Desktop/Fun4/install/example_description/share/example_description/environment/ament_prefix_path.dsv
-- Up-to-date: /home/saifa/Desktop/Fun4/install/example_description/share/example_description/environment/path.sh
-- Installing: /home/saifa/Desktop/Fun4/install/example_description/share/example_description/environment/path.dsv
-- Up-to-date: /home/saifa/Desktop/Fun4/install/example_description/share/example_description/local_setup.bash
-- Up-to-date: /home/saifa/Desktop/Fun4/install/example_description/share/example_description/local_setup.sh
-- Up-to-date: /home/saifa/Desktop/Fun4/install/example_description/share/example_description/local_setup.zsh
-- Installing: /home/saifa/Desktop/Fun4/install/example_description/share/example_description/local_setup.dsv
-- Installing: /home/saifa/Desktop/Fun4/install/example_description/share/example_description/package.dsv
-- Up-to-date: /home/saifa/Desktop/Fun4/install/example_description/share/ament_index/resource_index/packages/example_description
-- Up-to-date: /home/saifa/Desktop/Fun4/install/example_description/share/example_description/cmake/example_descriptionConfig.cmake
-- Up-to-date: /home/saifa/Desktop/Fun4/install/example_description/share/example_description/cmake/example_descriptionConfig-version.cmake
-- Installing: /home/saifa/Desktop/Fun4/install/example_description/share/example_description/package.xml
