[0.018s] Invoking command in '/home/saifa/Desktop/Fun4/build/example_description': CMAKE_PREFIX_PATH=${CMAKE_PREFIX_PATH}:/home/saifa/mc_ros_ws/install/sensor_msgs_py:/opt/ros/humble /usr/bin/cmake --build /home/saifa/Desktop/Fun4/build/example_description -- -j16 -l16
[0.049s] -- Found ament_cmake: 1.3.10 (/opt/ros/humble/share/ament_cmake/cmake)
[0.186s] -- Found rclcpp: 16.0.10 (/opt/ros/humble/share/rclcpp/cmake)
[0.210s] -- Found rosidl_generator_c: 3.1.5 (/opt/ros/humble/share/rosidl_generator_c/cmake)
[0.211s] -- Found rosidl_adapter: 3.1.5 (/opt/ros/humble/share/rosidl_adapter/cmake)
[0.215s] -- Found rosidl_generator_cpp: 3.1.5 (/opt/ros/humble/share/rosidl_generator_cpp/cmake)
[0.224s] -- Using all available rosidl_typesupport_c: rosidl_typesupport_microxrcedds_c;rosidl_typesupport_fastrtps_c;rosidl_typesupport_introspection_c
[0.238s] -- Using all available rosidl_typesupport_cpp: rosidl_typesupport_microxrcedds_cpp;rosidl_typesupport_fastrtps_cpp;rosidl_typesupport_introspection_cpp
[0.266s] -- Found rmw_implementation_cmake: 6.1.2 (/opt/ros/humble/share/rmw_implementation_cmake/cmake)
[0.268s] -- Found rmw_fastrtps_cpp: 6.2.7 (/opt/ros/humble/share/rmw_fastrtps_cpp/cmake)
[0.387s] -- Using RMW implementation 'rmw_fastrtps_cpp' as default
[0.425s] -- Found rclpy: 3.3.14 (/opt/ros/humble/share/rclpy/cmake)
[0.563s] -- Configuring done
[0.572s] -- Generating done
[0.574s] -- Build files have been written to: /home/saifa/Desktop/Fun4/build/example_description
[0.606s] [35m[1mConsolidate compiler generated dependencies of target cpp_node_test[0m
[0.624s] [ 50%] [32mBuilding CXX object CMakeFiles/cpp_node_test.dir/src/cpp_node.cpp.o[0m
[0.631s] [ 50%] Built target ament_cmake_python_copy_example_description
[0.845s] [100%] [32m[1mLinking CXX executable cpp_node_test[0m
[0.877s] running egg_info
[0.877s] writing example_description.egg-info/PKG-INFO
[0.877s] writing dependency_links to example_description.egg-info/dependency_links.txt
[0.877s] writing top-level names to example_description.egg-info/top_level.txt
[0.879s] reading manifest file 'example_description.egg-info/SOURCES.txt'
[0.879s] writing manifest file 'example_description.egg-info/SOURCES.txt'
[0.914s] [100%] Built target ament_cmake_python_build_example_description_egg
[0.934s] [100%] Built target cpp_node_test
[0.946s] Invoked command in '/home/saifa/Desktop/Fun4/build/example_description' returned '0': CMAKE_PREFIX_PATH=${CMAKE_PREFIX_PATH}:/home/saifa/mc_ros_ws/install/sensor_msgs_py:/opt/ros/humble /usr/bin/cmake --build /home/saifa/Desktop/Fun4/build/example_description -- -j16 -l16
[0.993s] Invoking command in '/home/saifa/Desktop/Fun4/build/example_description': CMAKE_PREFIX_PATH=${CMAKE_PREFIX_PATH}:/home/saifa/mc_ros_ws/install/sensor_msgs_py:/opt/ros/humble /usr/bin/cmake --install /home/saifa/Desktop/Fun4/build/example_description
[1.002s] -- Install configuration: ""
[1.002s] -- Up-to-date: /home/saifa/Desktop/Fun4/install/example_description/share/example_description/environment/pythonpath.sh
[1.002s] -- Installing: /home/saifa/Desktop/Fun4/install/example_description/share/example_description/environment/pythonpath.dsv
[1.002s] -- Up-to-date: /home/saifa/Desktop/Fun4/install/example_description/local/lib/python3.10/dist-packages/example_description-0.0.0-py3.10.egg-info
[1.003s] -- Installing: /home/saifa/Desktop/Fun4/install/example_description/local/lib/python3.10/dist-packages/example_description-0.0.0-py3.10.egg-info/top_level.txt
[1.003s] -- Installing: /home/saifa/Desktop/Fun4/install/example_description/local/lib/python3.10/dist-packages/example_description-0.0.0-py3.10.egg-info/SOURCES.txt
[1.003s] -- Installing: /home/saifa/Desktop/Fun4/install/example_description/local/lib/python3.10/dist-packages/example_description-0.0.0-py3.10.egg-info/dependency_links.txt
[1.003s] -- Installing: /home/saifa/Desktop/Fun4/install/example_description/local/lib/python3.10/dist-packages/example_description-0.0.0-py3.10.egg-info/PKG-INFO
[1.004s] -- Up-to-date: /home/saifa/Desktop/Fun4/install/example_description/local/lib/python3.10/dist-packages/example_description
[1.004s] -- Installing: /home/saifa/Desktop/Fun4/install/example_description/local/lib/python3.10/dist-packages/example_description/__init__.py
[1.004s] -- Installing: /home/saifa/Desktop/Fun4/install/example_description/local/lib/python3.10/dist-packages/example_description/dummy_module.py
[1.045s] Listing '/home/saifa/Desktop/Fun4/install/example_description/local/lib/python3.10/dist-packages/example_description'...
[1.045s] Compiling '/home/saifa/Desktop/Fun4/install/example_description/local/lib/python3.10/dist-packages/example_description/__init__.py'...
[1.045s] Compiling '/home/saifa/Desktop/Fun4/install/example_description/local/lib/python3.10/dist-packages/example_description/dummy_module.py'...
[1.049s] -- Installing: /home/saifa/Desktop/Fun4/install/example_description/lib/example_description/dummy_script.py
[1.049s] -- Installing: /home/saifa/Desktop/Fun4/install/example_description/lib/example_description/cpp_node_test
[1.049s] -- Set runtime path of "/home/saifa/Desktop/Fun4/install/example_description/lib/example_description/cpp_node_test" to ""
[1.049s] -- Up-to-date: /home/saifa/Desktop/Fun4/install/example_description/share/example_description/config
[1.050s] -- Installing: /home/saifa/Desktop/Fun4/install/example_description/share/example_description/config/display.rviz
[1.050s] -- Up-to-date: /home/saifa/Desktop/Fun4/install/example_description/share/example_description/launch
[1.050s] -- Installing: /home/saifa/Desktop/Fun4/install/example_description/share/example_description/launch/simple_display.launch.py
[1.050s] -- Installing: /home/saifa/Desktop/Fun4/install/example_description/share/example_description/launch/fun.launch.py
[1.050s] -- Up-to-date: /home/saifa/Desktop/Fun4/install/example_description/share/example_description/meshes
[1.050s] -- Installing: /home/saifa/Desktop/Fun4/install/example_description/share/example_description/meshes/link_1.stl
[1.050s] -- Installing: /home/saifa/Desktop/Fun4/install/example_description/share/example_description/meshes/link_0.stl
[1.051s] -- Installing: /home/saifa/Desktop/Fun4/install/example_description/share/example_description/meshes/link_2.stl
[1.051s] -- Installing: /home/saifa/Desktop/Fun4/install/example_description/share/example_description/meshes/end_effector.stl
[1.051s] -- Installing: /home/saifa/Desktop/Fun4/install/example_description/share/example_description/meshes/link_3.stl
[1.052s] -- Up-to-date: /home/saifa/Desktop/Fun4/install/example_description/share/example_description/robot
[1.052s] -- Up-to-date: /home/saifa/Desktop/Fun4/install/example_description/share/example_description/robot/visual
[1.052s] -- Installing: /home/saifa/Desktop/Fun4/install/example_description/share/example_description/robot/visual/my-robot.xacro
[1.052s] -- Installing: /home/saifa/Desktop/Fun4/install/example_description/share/example_description/robot/visual/01-myfirst.urdf
[1.052s] -- Up-to-date: /home/saifa/Desktop/Fun4/install/example_description/share/ament_index/resource_index/package_run_dependencies/example_description
[1.052s] -- Installing: /home/saifa/Desktop/Fun4/install/example_description/share/ament_index/resource_index/parent_prefix_path/example_description
[1.052s] -- Up-to-date: /home/saifa/Desktop/Fun4/install/example_description/share/example_description/environment/ament_prefix_path.sh
[1.053s] -- Installing: /home/saifa/Desktop/Fun4/install/example_description/share/example_description/environment/ament_prefix_path.dsv
[1.053s] -- Up-to-date: /home/saifa/Desktop/Fun4/install/example_description/share/example_description/environment/path.sh
[1.053s] -- Installing: /home/saifa/Desktop/Fun4/install/example_description/share/example_description/environment/path.dsv
[1.053s] -- Up-to-date: /home/saifa/Desktop/Fun4/install/example_description/share/example_description/local_setup.bash
[1.053s] -- Up-to-date: /home/saifa/Desktop/Fun4/install/example_description/share/example_description/local_setup.sh
[1.053s] -- Up-to-date: /home/saifa/Desktop/Fun4/install/example_description/share/example_description/local_setup.zsh
[1.054s] -- Installing: /home/saifa/Desktop/Fun4/install/example_description/share/example_description/local_setup.dsv
[1.054s] -- Installing: /home/saifa/Desktop/Fun4/install/example_description/share/example_description/package.dsv
[1.054s] -- Up-to-date: /home/saifa/Desktop/Fun4/install/example_description/share/ament_index/resource_index/packages/example_description
[1.054s] -- Up-to-date: /home/saifa/Desktop/Fun4/install/example_description/share/example_description/cmake/example_descriptionConfig.cmake
[1.054s] -- Up-to-date: /home/saifa/Desktop/Fun4/install/example_description/share/example_description/cmake/example_descriptionConfig-version.cmake
[1.054s] -- Installing: /home/saifa/Desktop/Fun4/install/example_description/share/example_description/package.xml
[1.057s] Invoked command in '/home/saifa/Desktop/Fun4/build/example_description' returned '0': CMAKE_PREFIX_PATH=${CMAKE_PREFIX_PATH}:/home/saifa/mc_ros_ws/install/sensor_msgs_py:/opt/ros/humble /usr/bin/cmake --install /home/saifa/Desktop/Fun4/build/example_description
