[0.021s] Invoking command in '/home/saifa/Desktop/Fun4/build/example_description': CMAKE_PREFIX_PATH=${CMAKE_PREFIX_PATH}:/home/saifa/mc_ros_ws/install/sensor_msgs_py:/opt/ros/humble /usr/bin/cmake --build /home/saifa/Desktop/Fun4/build/example_description -- -j16 -l16
[0.105s] [100%] Built target cpp_node_test
[0.114s] [100%] Built target ament_cmake_python_copy_example_description
[0.378s] running egg_info
[0.380s] writing example_description.egg-info/PKG-INFO
[0.380s] writing dependency_links to example_description.egg-info/dependency_links.txt
[0.380s] writing top-level names to example_description.egg-info/top_level.txt
[0.381s] reading manifest file 'example_description.egg-info/SOURCES.txt'
[0.382s] writing manifest file 'example_description.egg-info/SOURCES.txt'
[0.411s] [100%] Built target ament_cmake_python_build_example_description_egg
[0.426s] Invoked command in '/home/saifa/Desktop/Fun4/build/example_description' returned '0': CMAKE_PREFIX_PATH=${CMAKE_PREFIX_PATH}:/home/saifa/mc_ros_ws/install/sensor_msgs_py:/opt/ros/humble /usr/bin/cmake --build /home/saifa/Desktop/Fun4/build/example_description -- -j16 -l16
[0.490s] Invoking command in '/home/saifa/Desktop/Fun4/build/example_description': CMAKE_PREFIX_PATH=${CMAKE_PREFIX_PATH}:/home/saifa/mc_ros_ws/install/sensor_msgs_py:/opt/ros/humble /usr/bin/cmake --install /home/saifa/Desktop/Fun4/build/example_description
[0.499s] -- Install configuration: ""
[0.499s] -- Up-to-date: /home/saifa/Desktop/Fun4/install/example_description/share/example_description/environment/pythonpath.sh
[0.499s] -- Up-to-date: /home/saifa/Desktop/Fun4/install/example_description/share/example_description/environment/pythonpath.dsv
[0.499s] -- Up-to-date: /home/saifa/Desktop/Fun4/install/example_description/local/lib/python3.10/dist-packages/example_description-0.0.0-py3.10.egg-info
[0.500s] -- Installing: /home/saifa/Desktop/Fun4/install/example_description/local/lib/python3.10/dist-packages/example_description-0.0.0-py3.10.egg-info/top_level.txt
[0.500s] -- Installing: /home/saifa/Desktop/Fun4/install/example_description/local/lib/python3.10/dist-packages/example_description-0.0.0-py3.10.egg-info/SOURCES.txt
[0.500s] -- Installing: /home/saifa/Desktop/Fun4/install/example_description/local/lib/python3.10/dist-packages/example_description-0.0.0-py3.10.egg-info/dependency_links.txt
[0.500s] -- Installing: /home/saifa/Desktop/Fun4/install/example_description/local/lib/python3.10/dist-packages/example_description-0.0.0-py3.10.egg-info/PKG-INFO
[0.500s] -- Up-to-date: /home/saifa/Desktop/Fun4/install/example_description/local/lib/python3.10/dist-packages/example_description
[0.500s] -- Up-to-date: /home/saifa/Desktop/Fun4/install/example_description/local/lib/python3.10/dist-packages/example_description/__init__.py
[0.500s] -- Up-to-date: /home/saifa/Desktop/Fun4/install/example_description/local/lib/python3.10/dist-packages/example_description/dummy_module.py
[0.543s] Listing '/home/saifa/Desktop/Fun4/install/example_description/local/lib/python3.10/dist-packages/example_description'...
[0.546s] -- Up-to-date: /home/saifa/Desktop/Fun4/install/example_description/lib/example_description/dummy_script.py
[0.546s] -- Up-to-date: /home/saifa/Desktop/Fun4/install/example_description/lib/example_description/cpp_node_test
[0.546s] -- Up-to-date: /home/saifa/Desktop/Fun4/install/example_description/share/example_description/config
[0.546s] -- Up-to-date: /home/saifa/Desktop/Fun4/install/example_description/share/example_description/config/display.rviz
[0.546s] -- Up-to-date: /home/saifa/Desktop/Fun4/install/example_description/share/example_description/launch
[0.546s] -- Up-to-date: /home/saifa/Desktop/Fun4/install/example_description/share/example_description/launch/simple_display.launch.py
[0.546s] -- Installing: /home/saifa/Desktop/Fun4/install/example_description/share/example_description/launch/fun.launch.py
[0.547s] -- Up-to-date: /home/saifa/Desktop/Fun4/install/example_description/share/example_description/meshes
[0.547s] -- Up-to-date: /home/saifa/Desktop/Fun4/install/example_description/share/example_description/meshes/link_1.stl
[0.547s] -- Up-to-date: /home/saifa/Desktop/Fun4/install/example_description/share/example_description/meshes/link_0.stl
[0.547s] -- Up-to-date: /home/saifa/Desktop/Fun4/install/example_description/share/example_description/meshes/link_2.stl
[0.547s] -- Up-to-date: /home/saifa/Desktop/Fun4/install/example_description/share/example_description/meshes/end_effector.stl
[0.547s] -- Up-to-date: /home/saifa/Desktop/Fun4/install/example_description/share/example_description/meshes/link_3.stl
[0.547s] -- Up-to-date: /home/saifa/Desktop/Fun4/install/example_description/share/example_description/robot
[0.547s] -- Up-to-date: /home/saifa/Desktop/Fun4/install/example_description/share/example_description/robot/visual
[0.547s] -- Up-to-date: /home/saifa/Desktop/Fun4/install/example_description/share/example_description/robot/visual/my-robot.xacro
[0.547s] -- Up-to-date: /home/saifa/Desktop/Fun4/install/example_description/share/example_description/robot/visual/01-myfirst.urdf
[0.548s] -- Up-to-date: /home/saifa/Desktop/Fun4/install/example_description/share/ament_index/resource_index/package_run_dependencies/example_description
[0.548s] -- Up-to-date: /home/saifa/Desktop/Fun4/install/example_description/share/ament_index/resource_index/parent_prefix_path/example_description
[0.548s] -- Up-to-date: /home/saifa/Desktop/Fun4/install/example_description/share/example_description/environment/ament_prefix_path.sh
[0.548s] -- Up-to-date: /home/saifa/Desktop/Fun4/install/example_description/share/example_description/environment/ament_prefix_path.dsv
[0.548s] -- Up-to-date: /home/saifa/Desktop/Fun4/install/example_description/share/example_description/environment/path.sh
[0.548s] -- Up-to-date: /home/saifa/Desktop/Fun4/install/example_description/share/example_description/environment/path.dsv
[0.548s] -- Up-to-date: /home/saifa/Desktop/Fun4/install/example_description/share/example_description/local_setup.bash
[0.548s] -- Up-to-date: /home/saifa/Desktop/Fun4/install/example_description/share/example_description/local_setup.sh
[0.548s] -- Up-to-date: /home/saifa/Desktop/Fun4/install/example_description/share/example_description/local_setup.zsh
[0.548s] -- Up-to-date: /home/saifa/Desktop/Fun4/install/example_description/share/example_description/local_setup.dsv
[0.548s] -- Installing: /home/saifa/Desktop/Fun4/install/example_description/share/example_description/package.dsv
[0.548s] -- Up-to-date: /home/saifa/Desktop/Fun4/install/example_description/share/ament_index/resource_index/packages/example_description
[0.548s] -- Up-to-date: /home/saifa/Desktop/Fun4/install/example_description/share/example_description/cmake/example_descriptionConfig.cmake
[0.549s] -- Up-to-date: /home/saifa/Desktop/Fun4/install/example_description/share/example_description/cmake/example_descriptionConfig-version.cmake
[0.549s] -- Up-to-date: /home/saifa/Desktop/Fun4/install/example_description/share/example_description/package.xml
[0.550s] Invoked command in '/home/saifa/Desktop/Fun4/build/example_description' returned '0': CMAKE_PREFIX_PATH=${CMAKE_PREFIX_PATH}:/home/saifa/mc_ros_ws/install/sensor_msgs_py:/opt/ros/humble /usr/bin/cmake --install /home/saifa/Desktop/Fun4/build/example_description
