[0.088s] DEBUG:colcon:Command line arguments: ['/usr/bin/colcon', 'build', '--packages-select', 'fun4']
[0.089s] DEBUG:colcon:Parsed command line arguments: Namespace(log_base=None, log_level=None, verb_name='build', build_base='build', install_base='install', merge_install=False, symlink_install=False, test_result_base=None, continue_on_error=False, executor='parallel', parallel_workers=16, event_handlers=None, ignore_user_meta=False, metas=['./colcon.meta'], base_paths=['.'], packages_ignore=None, packages_ignore_regex=None, paths=None, packages_up_to=None, packages_up_to_regex=None, packages_above=None, packages_above_and_dependencies=None, packages_above_depth=None, packages_select_by_dep=None, packages_skip_by_dep=None, packages_skip_up_to=None, packages_select_build_failed=False, packages_skip_build_finished=False, packages_select_test_failures=False, packages_skip_test_passed=False, packages_select=['fun4'], packages_skip=None, packages_select_regex=None, packages_skip_regex=None, packages_start=None, packages_end=None, allow_overriding=[], cmake_args=None, cmake_target=None, cmake_target_skip_unavailable=False, cmake_clean_cache=False, cmake_clean_first=False, cmake_force_configure=False, ament_cmake_args=None, catkin_cmake_args=None, catkin_skip_building_tests=False, verb_parser=<colcon_defaults.argument_parser.defaults.DefaultArgumentsDecorator object at 0x7a850b2512d0>, verb_extension=<colcon_core.verb.build.BuildVerb object at 0x7a850b250e80>, main=<bound method BuildVerb.main of <colcon_core.verb.build.BuildVerb object at 0x7a850b250e80>>)
[0.225s] Level 1:colcon.colcon_core.package_discovery:discover_packages(colcon_meta) check parameters
[0.225s] Level 1:colcon.colcon_core.package_discovery:discover_packages(recursive) check parameters
[0.225s] Level 1:colcon.colcon_core.package_discovery:discover_packages(ignore) check parameters
[0.225s] Level 1:colcon.colcon_core.package_discovery:discover_packages(path) check parameters
[0.225s] Level 1:colcon.colcon_core.package_discovery:discover_packages(colcon_meta) discover
[0.225s] Level 1:colcon.colcon_core.package_discovery:discover_packages(recursive) discover
[0.226s] INFO:colcon.colcon_core.package_discovery:Crawling recursively for packages in '/home/saifa/Desktop/Fun4'
[0.226s] Level 1:colcon.colcon_core.package_identification:_identify(.) by extensions ['ignore', 'ignore_ament_install']
[0.226s] Level 1:colcon.colcon_core.package_identification:_identify(.) by extension 'ignore'
[0.226s] Level 1:colcon.colcon_core.package_identification:_identify(.) by extension 'ignore_ament_install'
[0.226s] Level 1:colcon.colcon_core.package_identification:_identify(.) by extensions ['colcon_pkg']
[0.226s] Level 1:colcon.colcon_core.package_identification:_identify(.) by extension 'colcon_pkg'
[0.226s] Level 1:colcon.colcon_core.package_identification:_identify(.) by extensions ['colcon_meta']
[0.226s] Level 1:colcon.colcon_core.package_identification:_identify(.) by extension 'colcon_meta'
[0.226s] Level 1:colcon.colcon_core.package_identification:_identify(.) by extensions ['ros']
[0.226s] Level 1:colcon.colcon_core.package_identification:_identify(.) by extension 'ros'
[0.234s] Level 1:colcon.colcon_core.package_identification:_identify(.) by extensions ['cmake', 'python']
[0.234s] Level 1:colcon.colcon_core.package_identification:_identify(.) by extension 'cmake'
[0.234s] Level 1:colcon.colcon_core.package_identification:_identify(.) by extension 'python'
[0.234s] Level 1:colcon.colcon_core.package_identification:_identify(.) by extensions ['python_setup_py']
[0.234s] Level 1:colcon.colcon_core.package_identification:_identify(.) by extension 'python_setup_py'
[0.235s] Level 1:colcon.colcon_core.package_identification:_identify(Part1) by extensions ['ignore', 'ignore_ament_install']
[0.235s] Level 1:colcon.colcon_core.package_identification:_identify(Part1) by extension 'ignore'
[0.235s] Level 1:colcon.colcon_core.package_identification:_identify(Part1) by extension 'ignore_ament_install'
[0.235s] Level 1:colcon.colcon_core.package_identification:_identify(Part1) by extensions ['colcon_pkg']
[0.235s] Level 1:colcon.colcon_core.package_identification:_identify(Part1) by extension 'colcon_pkg'
[0.235s] Level 1:colcon.colcon_core.package_identification:_identify(Part1) by extensions ['colcon_meta']
[0.235s] Level 1:colcon.colcon_core.package_identification:_identify(Part1) by extension 'colcon_meta'
[0.235s] Level 1:colcon.colcon_core.package_identification:_identify(Part1) by extensions ['ros']
[0.235s] Level 1:colcon.colcon_core.package_identification:_identify(Part1) by extension 'ros'
[0.235s] Level 1:colcon.colcon_core.package_identification:_identify(Part1) by extensions ['cmake', 'python']
[0.235s] Level 1:colcon.colcon_core.package_identification:_identify(Part1) by extension 'cmake'
[0.235s] Level 1:colcon.colcon_core.package_identification:_identify(Part1) by extension 'python'
[0.235s] Level 1:colcon.colcon_core.package_identification:_identify(Part1) by extensions ['python_setup_py']
[0.235s] Level 1:colcon.colcon_core.package_identification:_identify(Part1) by extension 'python_setup_py'
[0.235s] Level 1:colcon.colcon_core.package_identification:_identify(build) by extensions ['ignore', 'ignore_ament_install']
[0.235s] Level 1:colcon.colcon_core.package_identification:_identify(build) by extension 'ignore'
[0.235s] Level 1:colcon.colcon_core.package_identification:_identify(build) ignored
[0.235s] Level 1:colcon.colcon_core.package_identification:_identify(install) by extensions ['ignore', 'ignore_ament_install']
[0.235s] Level 1:colcon.colcon_core.package_identification:_identify(install) by extension 'ignore'
[0.235s] Level 1:colcon.colcon_core.package_identification:_identify(install) ignored
[0.236s] Level 1:colcon.colcon_core.package_identification:_identify(log) by extensions ['ignore', 'ignore_ament_install']
[0.236s] Level 1:colcon.colcon_core.package_identification:_identify(log) by extension 'ignore'
[0.236s] Level 1:colcon.colcon_core.package_identification:_identify(log) ignored
[0.236s] Level 1:colcon.colcon_core.package_identification:_identify(src) by extensions ['ignore', 'ignore_ament_install']
[0.236s] Level 1:colcon.colcon_core.package_identification:_identify(src) by extension 'ignore'
[0.236s] Level 1:colcon.colcon_core.package_identification:_identify(src) by extension 'ignore_ament_install'
[0.236s] Level 1:colcon.colcon_core.package_identification:_identify(src) by extensions ['colcon_pkg']
[0.236s] Level 1:colcon.colcon_core.package_identification:_identify(src) by extension 'colcon_pkg'
[0.236s] Level 1:colcon.colcon_core.package_identification:_identify(src) by extensions ['colcon_meta']
[0.236s] Level 1:colcon.colcon_core.package_identification:_identify(src) by extension 'colcon_meta'
[0.236s] Level 1:colcon.colcon_core.package_identification:_identify(src) by extensions ['ros']
[0.236s] Level 1:colcon.colcon_core.package_identification:_identify(src) by extension 'ros'
[0.236s] Level 1:colcon.colcon_core.package_identification:_identify(src) by extensions ['cmake', 'python']
[0.236s] Level 1:colcon.colcon_core.package_identification:_identify(src) by extension 'cmake'
[0.236s] Level 1:colcon.colcon_core.package_identification:_identify(src) by extension 'python'
[0.236s] Level 1:colcon.colcon_core.package_identification:_identify(src) by extensions ['python_setup_py']
[0.236s] Level 1:colcon.colcon_core.package_identification:_identify(src) by extension 'python_setup_py'
[0.236s] Level 1:colcon.colcon_core.package_identification:_identify(src/fun4) by extensions ['ignore', 'ignore_ament_install']
[0.236s] Level 1:colcon.colcon_core.package_identification:_identify(src/fun4) by extension 'ignore'
[0.236s] Level 1:colcon.colcon_core.package_identification:_identify(src/fun4) by extension 'ignore_ament_install'
[0.236s] Level 1:colcon.colcon_core.package_identification:_identify(src/fun4) by extensions ['colcon_pkg']
[0.236s] Level 1:colcon.colcon_core.package_identification:_identify(src/fun4) by extension 'colcon_pkg'
[0.237s] Level 1:colcon.colcon_core.package_identification:_identify(src/fun4) by extensions ['colcon_meta']
[0.237s] Level 1:colcon.colcon_core.package_identification:_identify(src/fun4) by extension 'colcon_meta'
[0.237s] Level 1:colcon.colcon_core.package_identification:_identify(src/fun4) by extensions ['ros']
[0.237s] Level 1:colcon.colcon_core.package_identification:_identify(src/fun4) by extension 'ros'
[0.238s] DEBUG:colcon.colcon_core.package_identification:Package 'src/fun4' with type 'ros.ament_cmake' and name 'fun4'
[0.238s] Level 1:colcon.colcon_core.package_discovery:discover_packages(recursive) using defaults
[0.238s] Level 1:colcon.colcon_core.package_discovery:discover_packages(ignore) discover
[0.238s] Level 1:colcon.colcon_core.package_discovery:discover_packages(ignore) using defaults
[0.238s] Level 1:colcon.colcon_core.package_discovery:discover_packages(path) discover
[0.239s] Level 1:colcon.colcon_core.package_discovery:discover_packages(path) using defaults
[0.255s] Level 1:colcon.colcon_core.package_discovery:discover_packages(prefix_path) check parameters
[0.255s] Level 1:colcon.colcon_core.package_discovery:discover_packages(prefix_path) discover
[0.259s] DEBUG:colcon.colcon_installed_package_information.package_discovery:Found 39 installed packages in /home/saifa/mc_ros_ws/install
[0.260s] DEBUG:colcon.colcon_installed_package_information.package_discovery:Found 1 installed packages in /home/saifa/Desktop/Fun4/install
[0.260s] DEBUG:colcon.colcon_installed_package_information.package_discovery:Found 2 installed packages in /home/saifa/Desktop/solar/install
[0.261s] DEBUG:colcon.colcon_installed_package_information.package_discovery:Found 12 installed packages in /home/saifa/Desktop/ros2_w2_ws/install
[0.262s] DEBUG:colcon.colcon_installed_package_information.package_discovery:Found 290 installed packages in /opt/ros/humble
[0.273s] Level 1:colcon.colcon_core.package_discovery:discover_packages(prefix_path) using defaults
[0.303s] Level 5:colcon.colcon_core.verb:set package 'fun4' build argument 'cmake_args' from command line to 'None'
[0.303s] Level 5:colcon.colcon_core.verb:set package 'fun4' build argument 'cmake_target' from command line to 'None'
[0.303s] Level 5:colcon.colcon_core.verb:set package 'fun4' build argument 'cmake_target_skip_unavailable' from command line to 'False'
[0.303s] Level 5:colcon.colcon_core.verb:set package 'fun4' build argument 'cmake_clean_cache' from command line to 'False'
[0.303s] Level 5:colcon.colcon_core.verb:set package 'fun4' build argument 'cmake_clean_first' from command line to 'False'
[0.303s] Level 5:colcon.colcon_core.verb:set package 'fun4' build argument 'cmake_force_configure' from command line to 'False'
[0.303s] Level 5:colcon.colcon_core.verb:set package 'fun4' build argument 'ament_cmake_args' from command line to 'None'
[0.303s] Level 5:colcon.colcon_core.verb:set package 'fun4' build argument 'catkin_cmake_args' from command line to 'None'
[0.303s] Level 5:colcon.colcon_core.verb:set package 'fun4' build argument 'catkin_skip_building_tests' from command line to 'False'
[0.303s] DEBUG:colcon.colcon_core.verb:Building package 'fun4' with the following arguments: {'ament_cmake_args': None, 'build_base': '/home/saifa/Desktop/Fun4/build/fun4', 'catkin_cmake_args': None, 'catkin_skip_building_tests': False, 'cmake_args': None, 'cmake_clean_cache': False, 'cmake_clean_first': False, 'cmake_force_configure': False, 'cmake_target': None, 'cmake_target_skip_unavailable': False, 'install_base': '/home/saifa/Desktop/Fun4/install/fun4', 'merge_install': False, 'path': '/home/saifa/Desktop/Fun4/src/fun4', 'symlink_install': False, 'test_result_base': None}
[0.303s] INFO:colcon.colcon_core.executor:Executing jobs using 'parallel' executor
[0.304s] DEBUG:colcon.colcon_parallel_executor.executor.parallel:run_until_complete
[0.304s] INFO:colcon.colcon_ros.task.ament_cmake.build:Building ROS package in '/home/saifa/Desktop/Fun4/src/fun4' with build type 'ament_cmake'
[0.304s] INFO:colcon.colcon_cmake.task.cmake.build:Building CMake package in '/home/saifa/Desktop/Fun4/src/fun4'
[0.306s] INFO:colcon.colcon_core.plugin_system:Skipping extension 'colcon_core.shell.bat': Not used on non-Windows systems
[0.306s] INFO:colcon.colcon_core.shell:Skip shell extension 'powershell' for command environment: Not usable outside of PowerShell
[0.306s] DEBUG:colcon.colcon_core.shell:Skip shell extension 'dsv' for command environment
[0.318s] DEBUG:colcon.colcon_core.event_handler.log_command:Invoking command in '/home/saifa/Desktop/Fun4/build/fun4': CMAKE_PREFIX_PATH=${CMAKE_PREFIX_PATH}:/home/saifa/mc_ros_ws/install/sensor_msgs_py:/opt/ros/humble /usr/bin/cmake /home/saifa/Desktop/Fun4/src/fun4 -DCMAKE_INSTALL_PREFIX=/home/saifa/Desktop/Fun4/install/fun4
[2.061s] DEBUG:colcon.colcon_core.event_handler.log_command:Invoked command in '/home/saifa/Desktop/Fun4/build/fun4' returned '0': CMAKE_PREFIX_PATH=${CMAKE_PREFIX_PATH}:/home/saifa/mc_ros_ws/install/sensor_msgs_py:/opt/ros/humble /usr/bin/cmake /home/saifa/Desktop/Fun4/src/fun4 -DCMAKE_INSTALL_PREFIX=/home/saifa/Desktop/Fun4/install/fun4
[2.064s] DEBUG:colcon.colcon_core.event_handler.log_command:Invoking command in '/home/saifa/Desktop/Fun4/build/fun4': CMAKE_PREFIX_PATH=${CMAKE_PREFIX_PATH}:/home/saifa/mc_ros_ws/install/sensor_msgs_py:/opt/ros/humble /usr/bin/cmake --build /home/saifa/Desktop/Fun4/build/fun4 -- -j16 -l16
[2.444s] DEBUG:colcon.colcon_core.event_handler.log_command:Invoked command in '/home/saifa/Desktop/Fun4/build/fun4' returned '0': CMAKE_PREFIX_PATH=${CMAKE_PREFIX_PATH}:/home/saifa/mc_ros_ws/install/sensor_msgs_py:/opt/ros/humble /usr/bin/cmake --build /home/saifa/Desktop/Fun4/build/fun4 -- -j16 -l16
[2.501s] DEBUG:colcon.colcon_core.event_handler.log_command:Invoking command in '/home/saifa/Desktop/Fun4/build/fun4': CMAKE_PREFIX_PATH=${CMAKE_PREFIX_PATH}:/home/saifa/mc_ros_ws/install/sensor_msgs_py:/opt/ros/humble /usr/bin/cmake --install /home/saifa/Desktop/Fun4/build/fun4
[2.558s] Level 1:colcon.colcon_core.environment:create_environment_scripts_only(fun4)
[2.558s] DEBUG:colcon.colcon_core.event_handler.log_command:Invoked command in '/home/saifa/Desktop/Fun4/build/fun4' returned '0': CMAKE_PREFIX_PATH=${CMAKE_PREFIX_PATH}:/home/saifa/mc_ros_ws/install/sensor_msgs_py:/opt/ros/humble /usr/bin/cmake --install /home/saifa/Desktop/Fun4/build/fun4
[2.561s] Level 1:colcon.colcon_core.environment:checking '/home/saifa/Desktop/Fun4/install/fun4' for CMake module files
[2.561s] Level 1:colcon.colcon_core.environment:checking '/home/saifa/Desktop/Fun4/install/fun4' for CMake config files
[2.561s] Level 1:colcon.colcon_core.shell:create_environment_hook('fun4', 'cmake_prefix_path')
[2.561s] INFO:colcon.colcon_core.shell:Creating environment hook '/home/saifa/Desktop/Fun4/install/fun4/share/fun4/hook/cmake_prefix_path.ps1'
[2.562s] INFO:colcon.colcon_core.shell:Creating environment descriptor '/home/saifa/Desktop/Fun4/install/fun4/share/fun4/hook/cmake_prefix_path.dsv'
[2.562s] INFO:colcon.colcon_core.shell:Creating environment hook '/home/saifa/Desktop/Fun4/install/fun4/share/fun4/hook/cmake_prefix_path.sh'
[2.563s] Level 1:colcon.colcon_core.environment:checking '/home/saifa/Desktop/Fun4/install/fun4/lib'
[2.563s] Level 1:colcon.colcon_core.environment:checking '/home/saifa/Desktop/Fun4/install/fun4/bin'
[2.563s] Level 1:colcon.colcon_core.environment:checking '/home/saifa/Desktop/Fun4/install/fun4/lib/pkgconfig/fun4.pc'
[2.563s] Level 1:colcon.colcon_core.environment:checking '/home/saifa/Desktop/Fun4/install/fun4/lib/python3.10/site-packages'
[2.563s] Level 1:colcon.colcon_core.environment:checking '/home/saifa/Desktop/Fun4/install/fun4/bin'
[2.563s] INFO:colcon.colcon_core.shell:Creating package script '/home/saifa/Desktop/Fun4/install/fun4/share/fun4/package.ps1'
[2.564s] INFO:colcon.colcon_core.shell:Creating package descriptor '/home/saifa/Desktop/Fun4/install/fun4/share/fun4/package.dsv'
[2.564s] INFO:colcon.colcon_core.shell:Creating package script '/home/saifa/Desktop/Fun4/install/fun4/share/fun4/package.sh'
[2.565s] INFO:colcon.colcon_core.shell:Creating package script '/home/saifa/Desktop/Fun4/install/fun4/share/fun4/package.bash'
[2.565s] INFO:colcon.colcon_core.shell:Creating package script '/home/saifa/Desktop/Fun4/install/fun4/share/fun4/package.zsh'
[2.565s] Level 1:colcon.colcon_core.environment:create_file_with_runtime_dependencies(/home/saifa/Desktop/Fun4/install/fun4/share/colcon-core/packages/fun4)
[2.612s] Level 1:colcon.colcon_core.environment:create_environment_scripts_only(fun4)
[2.612s] Level 1:colcon.colcon_core.environment:checking '/home/saifa/Desktop/Fun4/install/fun4' for CMake module files
[2.613s] Level 1:colcon.colcon_core.environment:checking '/home/saifa/Desktop/Fun4/install/fun4' for CMake config files
[2.613s] Level 1:colcon.colcon_core.shell:create_environment_hook('fun4', 'cmake_prefix_path')
[2.613s] INFO:colcon.colcon_core.shell:Creating environment hook '/home/saifa/Desktop/Fun4/install/fun4/share/fun4/hook/cmake_prefix_path.ps1'
[2.613s] INFO:colcon.colcon_core.shell:Creating environment descriptor '/home/saifa/Desktop/Fun4/install/fun4/share/fun4/hook/cmake_prefix_path.dsv'
[2.614s] INFO:colcon.colcon_core.shell:Creating environment hook '/home/saifa/Desktop/Fun4/install/fun4/share/fun4/hook/cmake_prefix_path.sh'
[2.614s] Level 1:colcon.colcon_core.environment:checking '/home/saifa/Desktop/Fun4/install/fun4/lib'
[2.614s] Level 1:colcon.colcon_core.environment:checking '/home/saifa/Desktop/Fun4/install/fun4/bin'
[2.614s] Level 1:colcon.colcon_core.environment:checking '/home/saifa/Desktop/Fun4/install/fun4/lib/pkgconfig/fun4.pc'
[2.614s] Level 1:colcon.colcon_core.environment:checking '/home/saifa/Desktop/Fun4/install/fun4/lib/python3.10/site-packages'
[2.614s] Level 1:colcon.colcon_core.environment:checking '/home/saifa/Desktop/Fun4/install/fun4/bin'
[2.615s] INFO:colcon.colcon_core.shell:Creating package script '/home/saifa/Desktop/Fun4/install/fun4/share/fun4/package.ps1'
[2.615s] INFO:colcon.colcon_core.shell:Creating package descriptor '/home/saifa/Desktop/Fun4/install/fun4/share/fun4/package.dsv'
[2.615s] INFO:colcon.colcon_core.shell:Creating package script '/home/saifa/Desktop/Fun4/install/fun4/share/fun4/package.sh'
[2.616s] INFO:colcon.colcon_core.shell:Creating package script '/home/saifa/Desktop/Fun4/install/fun4/share/fun4/package.bash'
[2.616s] INFO:colcon.colcon_core.shell:Creating package script '/home/saifa/Desktop/Fun4/install/fun4/share/fun4/package.zsh'
[2.616s] Level 1:colcon.colcon_core.environment:create_file_with_runtime_dependencies(/home/saifa/Desktop/Fun4/install/fun4/share/colcon-core/packages/fun4)
[2.616s] DEBUG:colcon.colcon_parallel_executor.executor.parallel:closing loop
[2.617s] DEBUG:colcon.colcon_parallel_executor.executor.parallel:loop closed
[2.617s] DEBUG:colcon.colcon_parallel_executor.executor.parallel:run_until_complete finished with '0'
[2.617s] DEBUG:colcon.colcon_core.event_reactor:joining thread
[2.622s] INFO:colcon.colcon_core.plugin_system:Skipping extension 'colcon_notification.desktop_notification.terminal_notifier': Not used on non-Darwin systems
[2.622s] INFO:colcon.colcon_core.plugin_system:Skipping extension 'colcon_notification.desktop_notification.win32': Not used on non-Windows systems
[2.622s] INFO:colcon.colcon_notification.desktop_notification:Sending desktop notification using 'notify2'
[2.631s] DEBUG:colcon.colcon_core.event_reactor:joined thread
[2.631s] INFO:colcon.colcon_core.shell:Creating prefix script '/home/saifa/Desktop/Fun4/install/local_setup.ps1'
[2.632s] INFO:colcon.colcon_core.shell:Creating prefix util module '/home/saifa/Desktop/Fun4/install/_local_setup_util_ps1.py'
[2.633s] INFO:colcon.colcon_core.shell:Creating prefix chain script '/home/saifa/Desktop/Fun4/install/setup.ps1'
[2.635s] INFO:colcon.colcon_core.shell:Creating prefix script '/home/saifa/Desktop/Fun4/install/local_setup.sh'
[2.635s] INFO:colcon.colcon_core.shell:Creating prefix util module '/home/saifa/Desktop/Fun4/install/_local_setup_util_sh.py'
[2.636s] INFO:colcon.colcon_core.shell:Creating prefix chain script '/home/saifa/Desktop/Fun4/install/setup.sh'
[2.638s] INFO:colcon.colcon_core.shell:Creating prefix script '/home/saifa/Desktop/Fun4/install/local_setup.bash'
[2.639s] INFO:colcon.colcon_core.shell:Creating prefix chain script '/home/saifa/Desktop/Fun4/install/setup.bash'
[2.641s] INFO:colcon.colcon_core.shell:Creating prefix script '/home/saifa/Desktop/Fun4/install/local_setup.zsh'
[2.641s] INFO:colcon.colcon_core.shell:Creating prefix chain script '/home/saifa/Desktop/Fun4/install/setup.zsh'
